{"/home/nico/zjzs_3.0/app.js":{"path":"/home/nico/zjzs_3.0/app.js","s":{"1":2,"2":2,"3":2,"4":2,"5":2,"6":2,"7":2,"8":2,"9":2,"10":2,"11":2,"12":2,"13":2,"14":2,"15":2,"16":2,"17":2,"18":2,"19":2,"20":2,"21":2,"22":2,"23":4,"24":4,"25":4,"26":2,"27":2,"28":2,"29":2,"30":2,"31":2,"32":2,"33":2,"34":2,"35":2,"36":2,"37":2,"38":2,"39":2,"40":2,"41":2,"42":2,"43":2,"44":2,"45":2,"46":2,"47":0,"48":0,"49":0,"50":2,"51":0,"52":0,"53":2,"54":0,"55":0,"56":0,"57":2,"58":0,"59":0,"60":2},"b":{"1":[4,0],"2":[0,2],"3":[0,0],"4":[0,0]},"f":{"1":4,"2":0,"3":0,"4":0,"5":0},"fnMap":{"1":{"name":"(anonymous_1)","line":28,"loc":{"start":{"line":28,"column":32},"end":{"line":29,"column":0}}},"2":{"name":"(anonymous_2)","line":61,"loc":{"start":{"line":61,"column":8},"end":{"line":61,"column":33}}},"3":{"name":"(anonymous_3)","line":72,"loc":{"start":{"line":72,"column":8},"end":{"line":72,"column":38}}},"4":{"name":"(anonymous_4)","line":78,"loc":{"start":{"line":78,"column":12},"end":{"line":78,"column":42}}},"5":{"name":"(anonymous_5)","line":89,"loc":{"start":{"line":89,"column":8},"end":{"line":89,"column":38}}}},"statementMap":{"1":{"start":{"line":1,"column":0},"end":{"line":1,"column":33}},"2":{"start":{"line":2,"column":0},"end":{"line":2,"column":27}},"3":{"start":{"line":3,"column":0},"end":{"line":3,"column":39}},"4":{"start":{"line":4,"column":0},"end":{"line":4,"column":31}},"5":{"start":{"line":5,"column":0},"end":{"line":5,"column":44}},"6":{"start":{"line":6,"column":0},"end":{"line":6,"column":40}},"7":{"start":{"line":7,"column":0},"end":{"line":7,"column":41}},"8":{"start":{"line":8,"column":0},"end":{"line":8,"column":41}},"9":{"start":{"line":10,"column":0},"end":{"line":10,"column":39}},"10":{"start":{"line":11,"column":0},"end":{"line":11,"column":38}},"11":{"start":{"line":12,"column":0},"end":{"line":12,"column":40}},"12":{"start":{"line":13,"column":0},"end":{"line":13,"column":44}},"13":{"start":{"line":14,"column":0},"end":{"line":14,"column":50}},"14":{"start":{"line":15,"column":0},"end":{"line":15,"column":38}},"15":{"start":{"line":16,"column":0},"end":{"line":16,"column":48}},"16":{"start":{"line":17,"column":0},"end":{"line":17,"column":47}},"17":{"start":{"line":18,"column":0},"end":{"line":18,"column":47}},"18":{"start":{"line":19,"column":0},"end":{"line":19,"column":40}},"19":{"start":{"line":20,"column":0},"end":{"line":20,"column":46}},"20":{"start":{"line":21,"column":0},"end":{"line":21,"column":39}},"21":{"start":{"line":24,"column":0},"end":{"line":24,"column":20}},"22":{"start":{"line":28,"column":0},"end":{"line":33,"column":3}},"23":{"start":{"line":30,"column":4},"end":{"line":30,"column":49}},"24":{"start":{"line":31,"column":4},"end":{"line":32,"column":31}},"25":{"start":{"line":32,"column":8},"end":{"line":32,"column":31}},"26":{"start":{"line":36,"column":0},"end":{"line":36,"column":48}},"27":{"start":{"line":37,"column":0},"end":{"line":37,"column":30}},"28":{"start":{"line":40,"column":0},"end":{"line":40,"column":52}},"29":{"start":{"line":41,"column":0},"end":{"line":41,"column":23}},"30":{"start":{"line":42,"column":0},"end":{"line":42,"column":27}},"31":{"start":{"line":43,"column":0},"end":{"line":43,"column":52}},"32":{"start":{"line":44,"column":0},"end":{"line":44,"column":24}},"33":{"start":{"line":45,"column":0},"end":{"line":45,"column":94}},"34":{"start":{"line":46,"column":0},"end":{"line":46,"column":56}},"35":{"start":{"line":48,"column":0},"end":{"line":48,"column":27}},"36":{"start":{"line":49,"column":0},"end":{"line":49,"column":21}},"37":{"start":{"line":50,"column":0},"end":{"line":50,"column":37}},"38":{"start":{"line":51,"column":0},"end":{"line":51,"column":29}},"39":{"start":{"line":52,"column":0},"end":{"line":52,"column":33}},"40":{"start":{"line":53,"column":0},"end":{"line":53,"column":33}},"41":{"start":{"line":54,"column":0},"end":{"line":54,"column":25}},"42":{"start":{"line":55,"column":0},"end":{"line":55,"column":25}},"43":{"start":{"line":56,"column":0},"end":{"line":56,"column":31}},"44":{"start":{"line":57,"column":0},"end":{"line":57,"column":27}},"45":{"start":{"line":58,"column":0},"end":{"line":58,"column":33}},"46":{"start":{"line":61,"column":0},"end":{"line":65,"column":3}},"47":{"start":{"line":62,"column":4},"end":{"line":62,"column":37}},"48":{"start":{"line":63,"column":4},"end":{"line":63,"column":21}},"49":{"start":{"line":64,"column":4},"end":{"line":64,"column":14}},"50":{"start":{"line":72,"column":0},"end":{"line":75,"column":3}},"51":{"start":{"line":73,"column":2},"end":{"line":73,"column":27}},"52":{"start":{"line":74,"column":2},"end":{"line":74,"column":12}},"53":{"start":{"line":77,"column":0},"end":{"line":85,"column":1}},"54":{"start":{"line":78,"column":4},"end":{"line":84,"column":7}},"55":{"start":{"line":79,"column":8},"end":{"line":79,"column":38}},"56":{"start":{"line":80,"column":8},"end":{"line":83,"column":11}},"57":{"start":{"line":89,"column":0},"end":{"line":95,"column":3}},"58":{"start":{"line":90,"column":4},"end":{"line":90,"column":34}},"59":{"start":{"line":91,"column":4},"end":{"line":94,"column":7}},"60":{"start":{"line":97,"column":0},"end":{"line":97,"column":21}}},"branchMap":{"1":{"line":31,"type":"if","locations":[{"start":{"line":31,"column":4},"end":{"line":31,"column":4}},{"start":{"line":31,"column":4},"end":{"line":31,"column":4}}]},"2":{"line":77,"type":"if","locations":[{"start":{"line":77,"column":0},"end":{"line":77,"column":0}},{"start":{"line":77,"column":0},"end":{"line":77,"column":0}}]},"3":{"line":79,"type":"binary-expr","locations":[{"start":{"line":79,"column":19},"end":{"line":79,"column":29}},{"start":{"line":79,"column":33},"end":{"line":79,"column":36}}]},"4":{"line":90,"type":"binary-expr","locations":[{"start":{"line":90,"column":15},"end":{"line":90,"column":25}},{"start":{"line":90,"column":29},"end":{"line":90,"column":32}}]}}},"/home/nico/zjzs_3.0/routes/index.js":{"path":"/home/nico/zjzs_3.0/routes/index.js","s":{"1":2,"2":2,"3":2,"4":2,"5":1,"6":2},"b":{},"f":{"1":1},"fnMap":{"1":{"name":"(anonymous_1)","line":7,"loc":{"start":{"line":7,"column":16},"end":{"line":7,"column":35}}}},"statementMap":{"1":{"start":{"line":1,"column":0},"end":{"line":1,"column":33}},"2":{"start":{"line":2,"column":0},"end":{"line":2,"column":30}},"3":{"start":{"line":4,"column":0},"end":{"line":4,"column":8}},"4":{"start":{"line":7,"column":0},"end":{"line":9,"column":3}},"5":{"start":{"line":8,"column":4},"end":{"line":8,"column":59}},"6":{"start":{"line":11,"column":0},"end":{"line":11,"column":24}}},"branchMap":{}},"/home/nico/zjzs_3.0/routes/users.js":{"path":"/home/nico/zjzs_3.0/routes/users.js","s":{"1":2,"2":2,"3":2,"4":2,"5":2,"6":2,"7":2,"8":2,"9":2,"10":2,"11":2,"12":21,"13":1,"14":20,"15":2,"16":3,"17":3,"18":3,"19":0,"20":0,"21":0,"22":3,"23":2,"24":2,"25":1,"26":0,"27":0,"28":1,"29":1,"30":1,"31":2,"32":17,"33":17,"34":0,"35":0,"36":0,"37":17,"38":2,"39":2,"40":0,"41":0,"42":0,"43":0,"44":0,"45":0,"46":2,"47":2,"48":2},"b":{"1":[1,20],"2":[0,3],"3":[3,3],"4":[2,1],"5":[0,1],"6":[0,17],"7":[17,17],"8":[0,0],"9":[0,0]},"f":{"1":21,"2":3,"3":3,"4":17,"5":17,"6":0,"7":0},"fnMap":{"1":{"name":"(anonymous_1)","line":16,"loc":{"start":{"line":16,"column":16},"end":{"line":17,"column":0}}},"2":{"name":"(anonymous_2)","line":23,"loc":{"start":{"line":23,"column":16},"end":{"line":24,"column":0}}},"3":{"name":"(anonymous_3)","line":25,"loc":{"start":{"line":25,"column":46},"end":{"line":26,"column":4}}},"4":{"name":"(anonymous_4)","line":49,"loc":{"start":{"line":49,"column":22},"end":{"line":50,"column":0}}},"5":{"name":"(anonymous_5)","line":51,"loc":{"start":{"line":51,"column":59},"end":{"line":52,"column":4}}},"6":{"name":"(anonymous_6)","line":64,"loc":{"start":{"line":64,"column":24},"end":{"line":65,"column":0}}},"7":{"name":"(anonymous_7)","line":66,"loc":{"start":{"line":66,"column":59},"end":{"line":67,"column":4}}}},"statementMap":{"1":{"start":{"line":1,"column":0},"end":{"line":1,"column":33}},"2":{"start":{"line":2,"column":0},"end":{"line":2,"column":30}},"3":{"start":{"line":4,"column":0},"end":{"line":4,"column":40}},"4":{"start":{"line":5,"column":0},"end":{"line":5,"column":37}},"5":{"start":{"line":6,"column":0},"end":{"line":6,"column":43}},"6":{"start":{"line":7,"column":0},"end":{"line":7,"column":43}},"7":{"start":{"line":8,"column":0},"end":{"line":8,"column":47}},"8":{"start":{"line":9,"column":0},"end":{"line":9,"column":47}},"9":{"start":{"line":11,"column":0},"end":{"line":11,"column":28}},"10":{"start":{"line":12,"column":0},"end":{"line":12,"column":18}},"11":{"start":{"line":16,"column":0},"end":{"line":22,"column":3}},"12":{"start":{"line":18,"column":4},"end":{"line":21,"column":15}},"13":{"start":{"line":19,"column":8},"end":{"line":19,"column":31}},"14":{"start":{"line":21,"column":8},"end":{"line":21,"column":15}},"15":{"start":{"line":23,"column":0},"end":{"line":48,"column":3}},"16":{"start":{"line":25,"column":4},"end":{"line":47,"column":7}},"17":{"start":{"line":27,"column":8},"end":{"line":27,"column":98}},"18":{"start":{"line":28,"column":8},"end":{"line":33,"column":9}},"19":{"start":{"line":30,"column":12},"end":{"line":30,"column":34}},"20":{"start":{"line":31,"column":12},"end":{"line":31,"column":35}},"21":{"start":{"line":32,"column":12},"end":{"line":32,"column":19}},"22":{"start":{"line":34,"column":8},"end":{"line":38,"column":9}},"23":{"start":{"line":36,"column":12},"end":{"line":36,"column":42}},"24":{"start":{"line":37,"column":12},"end":{"line":37,"column":19}},"25":{"start":{"line":39,"column":8},"end":{"line":43,"column":9}},"26":{"start":{"line":41,"column":12},"end":{"line":41,"column":44}},"27":{"start":{"line":42,"column":12},"end":{"line":42,"column":19}},"28":{"start":{"line":44,"column":8},"end":{"line":44,"column":30}},"29":{"start":{"line":45,"column":8},"end":{"line":45,"column":31}},"30":{"start":{"line":46,"column":8},"end":{"line":46,"column":15}},"31":{"start":{"line":49,"column":0},"end":{"line":61,"column":3}},"32":{"start":{"line":51,"column":4},"end":{"line":60,"column":7}},"33":{"start":{"line":53,"column":8},"end":{"line":58,"column":9}},"34":{"start":{"line":55,"column":12},"end":{"line":55,"column":34}},"35":{"start":{"line":56,"column":12},"end":{"line":56,"column":35}},"36":{"start":{"line":57,"column":12},"end":{"line":57,"column":19}},"37":{"start":{"line":59,"column":8},"end":{"line":59,"column":15}},"38":{"start":{"line":62,"column":0},"end":{"line":62,"column":34}},"39":{"start":{"line":64,"column":0},"end":{"line":76,"column":3}},"40":{"start":{"line":66,"column":4},"end":{"line":75,"column":7}},"41":{"start":{"line":68,"column":8},"end":{"line":73,"column":9}},"42":{"start":{"line":70,"column":12},"end":{"line":70,"column":34}},"43":{"start":{"line":71,"column":12},"end":{"line":71,"column":35}},"44":{"start":{"line":72,"column":12},"end":{"line":72,"column":19}},"45":{"start":{"line":74,"column":8},"end":{"line":74,"column":15}},"46":{"start":{"line":77,"column":0},"end":{"line":77,"column":38}},"47":{"start":{"line":79,"column":0},"end":{"line":79,"column":34}},"48":{"start":{"line":81,"column":0},"end":{"line":81,"column":24}}},"branchMap":{"1":{"line":18,"type":"if","locations":[{"start":{"line":18,"column":4},"end":{"line":18,"column":4}},{"start":{"line":18,"column":4},"end":{"line":18,"column":4}}]},"2":{"line":28,"type":"if","locations":[{"start":{"line":28,"column":8},"end":{"line":28,"column":8}},{"start":{"line":28,"column":8},"end":{"line":28,"column":8}}]},"3":{"line":28,"type":"binary-expr","locations":[{"start":{"line":28,"column":12},"end":{"line":28,"column":15}},{"start":{"line":28,"column":19},"end":{"line":28,"column":33}}]},"4":{"line":34,"type":"if","locations":[{"start":{"line":34,"column":8},"end":{"line":34,"column":8}},{"start":{"line":34,"column":8},"end":{"line":34,"column":8}}]},"5":{"line":39,"type":"if","locations":[{"start":{"line":39,"column":8},"end":{"line":39,"column":8}},{"start":{"line":39,"column":8},"end":{"line":39,"column":8}}]},"6":{"line":53,"type":"if","locations":[{"start":{"line":53,"column":8},"end":{"line":53,"column":8}},{"start":{"line":53,"column":8},"end":{"line":53,"column":8}}]},"7":{"line":53,"type":"binary-expr","locations":[{"start":{"line":53,"column":12},"end":{"line":53,"column":15}},{"start":{"line":53,"column":19},"end":{"line":53,"column":33}}]},"8":{"line":68,"type":"if","locations":[{"start":{"line":68,"column":8},"end":{"line":68,"column":8}},{"start":{"line":68,"column":8},"end":{"line":68,"column":8}}]},"9":{"line":68,"type":"binary-expr","locations":[{"start":{"line":68,"column":12},"end":{"line":68,"column":15}},{"start":{"line":68,"column":19},"end":{"line":68,"column":33}}]}}},"/home/nico/zjzs_3.0/models/models.js":{"path":"/home/nico/zjzs_3.0/models/models.js","s":{"1":2,"2":2,"3":2,"4":2,"5":2,"6":2,"7":2,"8":2,"9":2,"10":2,"11":2,"12":2,"13":2,"14":2,"15":2,"16":2,"17":2,"18":2,"19":10,"20":10,"21":2,"22":2,"23":2},"b":{"1":[2,0]},"f":{"1":10},"fnMap":{"1":{"name":"(anonymous_1)","line":23,"loc":{"start":{"line":23,"column":19},"end":{"line":24,"column":0}}}},"statementMap":{"1":{"start":{"line":1,"column":0},"end":{"line":1,"column":33}},"2":{"start":{"line":2,"column":0},"end":{"line":2,"column":23}},"3":{"start":{"line":3,"column":0},"end":{"line":3,"column":28}},"4":{"start":{"line":4,"column":0},"end":{"line":4,"column":25}},"5":{"start":{"line":5,"column":0},"end":{"line":5,"column":23}},"6":{"start":{"line":6,"column":0},"end":{"line":6,"column":19}},"7":{"start":{"line":7,"column":0},"end":{"line":7,"column":25}},"8":{"start":{"line":9,"column":0},"end":{"line":9,"column":26}},"9":{"start":{"line":10,"column":0},"end":{"line":10,"column":32}},"10":{"start":{"line":11,"column":0},"end":{"line":11,"column":28}},"11":{"start":{"line":12,"column":0},"end":{"line":12,"column":24}},"12":{"start":{"line":13,"column":0},"end":{"line":13,"column":22}},"13":{"start":{"line":14,"column":0},"end":{"line":14,"column":28}},"14":{"start":{"line":16,"column":0},"end":{"line":16,"column":41}},"15":{"start":{"line":17,"column":0},"end":{"line":19,"column":1}},"16":{"start":{"line":18,"column":4},"end":{"line":18,"column":39}},"17":{"start":{"line":21,"column":0},"end":{"line":21,"column":86}},"18":{"start":{"line":23,"column":0},"end":{"line":27,"column":1}},"19":{"start":{"line":25,"column":4},"end":{"line":25,"column":23}},"20":{"start":{"line":26,"column":4},"end":{"line":26,"column":37}},"21":{"start":{"line":29,"column":0},"end":{"line":29,"column":34}},"22":{"start":{"line":30,"column":0},"end":{"line":30,"column":24}},"23":{"start":{"line":31,"column":0},"end":{"line":31,"column":27}}},"branchMap":{"1":{"line":17,"type":"if","locations":[{"start":{"line":17,"column":0},"end":{"line":17,"column":0}},{"start":{"line":17,"column":0},"end":{"line":17,"column":0}}]}}},"/home/nico/zjzs_3.0/models/lock.js":{"path":"/home/nico/zjzs_3.0/models/lock.js","s":{"1":2,"2":2,"3":1,"4":1,"5":1,"6":0,"7":2,"8":1,"9":1,"10":1,"11":0,"12":0,"13":2,"14":0},"b":{"1":[1,0],"2":[1,0],"3":[1,0],"4":[0,0]},"f":{"1":1,"2":1,"3":0},"fnMap":{"1":{"name":"(anonymous_1)","line":3,"loc":{"start":{"line":3,"column":18},"end":{"line":3,"column":40}}},"2":{"name":"(anonymous_2)","line":13,"loc":{"start":{"line":13,"column":18},"end":{"line":13,"column":30}}},"3":{"name":"(anonymous_3)","line":26,"loc":{"start":{"line":26,"column":15},"end":{"line":26,"column":27}}}},"statementMap":{"1":{"start":{"line":1,"column":0},"end":{"line":1,"column":17}},"2":{"start":{"line":3,"column":0},"end":{"line":11,"column":2}},"3":{"start":{"line":4,"column":4},"end":{"line":10,"column":5}},"4":{"start":{"line":5,"column":8},"end":{"line":5,"column":36}},"5":{"start":{"line":6,"column":8},"end":{"line":6,"column":19}},"6":{"start":{"line":9,"column":8},"end":{"line":9,"column":37}},"7":{"start":{"line":13,"column":0},"end":{"line":24,"column":2}},"8":{"start":{"line":14,"column":4},"end":{"line":23,"column":5}},"9":{"start":{"line":15,"column":8},"end":{"line":20,"column":9}},"10":{"start":{"line":16,"column":12},"end":{"line":16,"column":33}},"11":{"start":{"line":19,"column":12},"end":{"line":19,"column":36}},"12":{"start":{"line":22,"column":8},"end":{"line":22,"column":53}},"13":{"start":{"line":26,"column":0},"end":{"line":28,"column":2}},"14":{"start":{"line":27,"column":1},"end":{"line":27,"column":37}}},"branchMap":{"1":{"line":4,"type":"if","locations":[{"start":{"line":4,"column":4},"end":{"line":4,"column":4}},{"start":{"line":4,"column":4},"end":{"line":4,"column":4}}]},"2":{"line":14,"type":"if","locations":[{"start":{"line":14,"column":4},"end":{"line":14,"column":4}},{"start":{"line":14,"column":4},"end":{"line":14,"column":4}}]},"3":{"line":15,"type":"if","locations":[{"start":{"line":15,"column":8},"end":{"line":15,"column":8}},{"start":{"line":15,"column":8},"end":{"line":15,"column":8}}]},"4":{"line":27,"type":"cond-expr","locations":[{"start":{"line":27,"column":24},"end":{"line":27,"column":28}},{"start":{"line":27,"column":31},"end":{"line":27,"column":36}}]}}},"/home/nico/zjzs_3.0/address_configure.js":{"path":"/home/nico/zjzs_3.0/address_configure.js","s":{"1":2,"2":2,"3":2,"4":2,"5":2,"6":2,"7":2,"8":2,"9":2,"10":2},"b":{},"f":{},"fnMap":{},"statementMap":{"1":{"start":{"line":3,"column":0},"end":{"line":3,"column":28}},"2":{"start":{"line":13,"column":0},"end":{"line":13,"column":18}},"3":{"start":{"line":14,"column":0},"end":{"line":14,"column":57}},"4":{"start":{"line":15,"column":0},"end":{"line":15,"column":60}},"5":{"start":{"line":16,"column":0},"end":{"line":16,"column":54}},"6":{"start":{"line":17,"column":0},"end":{"line":17,"column":56}},"7":{"start":{"line":18,"column":0},"end":{"line":18,"column":59}},"8":{"start":{"line":19,"column":0},"end":{"line":19,"column":59}},"9":{"start":{"line":20,"column":0},"end":{"line":20,"column":63}},"10":{"start":{"line":22,"column":0},"end":{"line":22,"column":26}}},"branchMap":{}},"/home/nico/zjzs_3.0/routes/user_manage.js":{"path":"/home/nico/zjzs_3.0/routes/user_manage.js","s":{"1":2,"2":2,"3":2,"4":2,"5":2,"6":2,"7":2,"8":2,"9":2,"10":2,"11":2,"12":2,"13":2,"14":2,"15":2,"16":2,"17":2,"18":2,"19":2,"20":2,"21":2,"22":2,"23":2,"24":2,"25":2,"26":2,"27":2,"28":2,"29":2,"30":2,"31":2,"32":2,"33":2,"34":2},"b":{},"f":{"1":2},"fnMap":{"1":{"name":"(anonymous_1)","line":30,"loc":{"start":{"line":30,"column":16},"end":{"line":31,"column":0}}}},"statementMap":{"1":{"start":{"line":1,"column":0},"end":{"line":1,"column":33}},"2":{"start":{"line":2,"column":0},"end":{"line":2,"column":31}},"3":{"start":{"line":3,"column":0},"end":{"line":3,"column":30}},"4":{"start":{"line":5,"column":0},"end":{"line":5,"column":40}},"5":{"start":{"line":6,"column":0},"end":{"line":6,"column":37}},"6":{"start":{"line":7,"column":0},"end":{"line":7,"column":43}},"7":{"start":{"line":8,"column":0},"end":{"line":8,"column":35}},"8":{"start":{"line":9,"column":0},"end":{"line":9,"column":41}},"9":{"start":{"line":10,"column":0},"end":{"line":10,"column":48}},"10":{"start":{"line":11,"column":0},"end":{"line":11,"column":56}},"11":{"start":{"line":12,"column":0},"end":{"line":12,"column":56}},"12":{"start":{"line":14,"column":0},"end":{"line":14,"column":46}},"13":{"start":{"line":15,"column":0},"end":{"line":15,"column":50}},"14":{"start":{"line":16,"column":0},"end":{"line":16,"column":50}},"15":{"start":{"line":17,"column":0},"end":{"line":17,"column":50}},"16":{"start":{"line":18,"column":0},"end":{"line":18,"column":52}},"17":{"start":{"line":20,"column":0},"end":{"line":20,"column":28}},"18":{"start":{"line":21,"column":0},"end":{"line":21,"column":18}},"19":{"start":{"line":22,"column":0},"end":{"line":22,"column":34}},"20":{"start":{"line":23,"column":0},"end":{"line":23,"column":35}},"21":{"start":{"line":24,"column":0},"end":{"line":24,"column":30}},"22":{"start":{"line":25,"column":0},"end":{"line":25,"column":26}},"23":{"start":{"line":27,"column":0},"end":{"line":27,"column":19}},"24":{"start":{"line":28,"column":0},"end":{"line":28,"column":20}},"25":{"start":{"line":30,"column":0},"end":{"line":33,"column":3}},"26":{"start":{"line":32,"column":1},"end":{"line":32,"column":36}},"27":{"start":{"line":35,"column":0},"end":{"line":35,"column":37}},"28":{"start":{"line":36,"column":0},"end":{"line":36,"column":31}},"29":{"start":{"line":37,"column":0},"end":{"line":37,"column":31}},"30":{"start":{"line":38,"column":0},"end":{"line":38,"column":35}},"31":{"start":{"line":39,"column":0},"end":{"line":39,"column":35}},"32":{"start":{"line":40,"column":0},"end":{"line":40,"column":35}},"33":{"start":{"line":41,"column":0},"end":{"line":41,"column":37}},"34":{"start":{"line":43,"column":0},"end":{"line":43,"column":24}}},"branchMap":{}},"/home/nico/zjzs_3.0/routes/checkin.js":{"path":"/home/nico/zjzs_3.0/routes/checkin.js","s":{"1":2,"2":2,"3":2,"4":2,"5":2,"6":2,"7":2,"8":2,"9":1,"10":4,"11":0,"12":4,"13":1,"14":2,"15":2,"16":2,"17":2,"18":2,"19":2,"20":1,"21":1,"22":1,"23":1,"24":1,"25":0,"26":0,"27":1,"28":1,"29":1,"30":1,"31":6,"32":0,"33":6,"34":2,"35":2,"36":4,"37":0,"38":0,"39":4,"40":0,"41":0,"42":4,"43":4,"44":0,"45":0,"46":2,"47":10,"48":1,"49":1,"50":9,"51":9,"52":9,"53":0,"54":0,"55":9,"56":9,"57":3,"58":3,"59":1,"60":1,"61":2,"62":1,"63":1,"64":0,"65":0,"66":1,"67":1,"68":6,"69":6,"70":6,"71":1,"72":1,"73":5,"74":1,"75":1,"76":4,"77":3,"78":3,"79":0,"80":0,"81":3,"82":3,"83":0,"84":0,"85":9,"86":2},"b":{"1":[0,4],"2":[2,0],"3":[0,2],"4":[1,1],"5":[0,1],"6":[1,1],"7":[0,6],"8":[2,4],"9":[0,4],"10":[4,4],"11":[0,4],"12":[4,4],"13":[4,0],"14":[1,9],"15":[0,9],"16":[9,9],"17":[3,6],"18":[1,2],"19":[3,3],"20":[1,1],"21":[0,1],"22":[1,1],"23":[6,0],"24":[1,5],"25":[6,6],"26":[1,4],"27":[3,1],"28":[0,3],"29":[3,3]},"f":{"1":4,"2":2,"3":2,"4":1,"5":6,"6":10,"7":9,"8":3,"9":1,"10":6,"11":3},"fnMap":{"1":{"name":"addZero","line":12,"loc":{"start":{"line":12,"column":0},"end":{"line":13,"column":0}}},"2":{"name":"getTime","line":18,"loc":{"start":{"line":18,"column":0},"end":{"line":19,"column":0}}},"3":{"name":"(anonymous_3)","line":30,"loc":{"start":{"line":30,"column":16},"end":{"line":31,"column":0}}},"4":{"name":"(anonymous_4)","line":38,"loc":{"start":{"line":38,"column":46},"end":{"line":39,"column":4}}},"5":{"name":"checkValid","line":57,"loc":{"start":{"line":57,"column":0},"end":{"line":58,"column":0}}},"6":{"name":"(anonymous_6)","line":102,"loc":{"start":{"line":102,"column":16},"end":{"line":103,"column":0}}},"7":{"name":"(anonymous_7)","line":115,"loc":{"start":{"line":115,"column":46},"end":{"line":116,"column":4}}},"8":{"name":"(anonymous_8)","line":136,"loc":{"start":{"line":136,"column":14},"end":{"line":137,"column":12}}},"9":{"name":"(anonymous_9)","line":153,"loc":{"start":{"line":153,"column":22},"end":{"line":154,"column":20}}},"10":{"name":"(anonymous_10)","line":178,"loc":{"start":{"line":178,"column":47},"end":{"line":179,"column":12}}},"11":{"name":"(anonymous_11)","line":206,"loc":{"start":{"line":206,"column":22},"end":{"line":207,"column":20}}}},"statementMap":{"1":{"start":{"line":1,"column":0},"end":{"line":1,"column":33}},"2":{"start":{"line":2,"column":0},"end":{"line":2,"column":30}},"3":{"start":{"line":4,"column":0},"end":{"line":4,"column":40}},"4":{"start":{"line":5,"column":0},"end":{"line":5,"column":37}},"5":{"start":{"line":6,"column":0},"end":{"line":6,"column":43}},"6":{"start":{"line":8,"column":0},"end":{"line":8,"column":18}},"7":{"start":{"line":9,"column":0},"end":{"line":9,"column":30}},"8":{"start":{"line":10,"column":0},"end":{"line":10,"column":35}},"9":{"start":{"line":12,"column":0},"end":{"line":17,"column":1}},"10":{"start":{"line":14,"column":4},"end":{"line":15,"column":23}},"11":{"start":{"line":15,"column":8},"end":{"line":15,"column":23}},"12":{"start":{"line":16,"column":4},"end":{"line":16,"column":18}},"13":{"start":{"line":18,"column":0},"end":{"line":29,"column":1}},"14":{"start":{"line":20,"column":4},"end":{"line":21,"column":30}},"15":{"start":{"line":21,"column":8},"end":{"line":21,"column":30}},"16":{"start":{"line":22,"column":4},"end":{"line":22,"column":22}},"17":{"start":{"line":23,"column":4},"end":{"line":28,"column":57}},"18":{"start":{"line":30,"column":0},"end":{"line":55,"column":3}},"19":{"start":{"line":32,"column":4},"end":{"line":36,"column":5}},"20":{"start":{"line":34,"column":8},"end":{"line":34,"column":37}},"21":{"start":{"line":35,"column":8},"end":{"line":35,"column":15}},"22":{"start":{"line":37,"column":4},"end":{"line":37,"column":47}},"23":{"start":{"line":38,"column":4},"end":{"line":54,"column":7}},"24":{"start":{"line":40,"column":8},"end":{"line":44,"column":9}},"25":{"start":{"line":42,"column":12},"end":{"line":42,"column":39}},"26":{"start":{"line":43,"column":12},"end":{"line":43,"column":19}},"27":{"start":{"line":46,"column":8},"end":{"line":51,"column":10}},"28":{"start":{"line":52,"column":8},"end":{"line":52,"column":61}},"29":{"start":{"line":53,"column":8},"end":{"line":53,"column":15}},"30":{"start":{"line":57,"column":0},"end":{"line":101,"column":1}},"31":{"start":{"line":59,"column":4},"end":{"line":60,"column":20}},"32":{"start":{"line":60,"column":8},"end":{"line":60,"column":20}},"33":{"start":{"line":61,"column":4},"end":{"line":70,"column":5}},"34":{"start":{"line":63,"column":8},"end":{"line":68,"column":11}},"35":{"start":{"line":69,"column":8},"end":{"line":69,"column":21}},"36":{"start":{"line":71,"column":4},"end":{"line":80,"column":5}},"37":{"start":{"line":73,"column":8},"end":{"line":78,"column":11}},"38":{"start":{"line":79,"column":8},"end":{"line":79,"column":21}},"39":{"start":{"line":81,"column":4},"end":{"line":90,"column":5}},"40":{"start":{"line":83,"column":8},"end":{"line":88,"column":11}},"41":{"start":{"line":89,"column":8},"end":{"line":89,"column":21}},"42":{"start":{"line":91,"column":4},"end":{"line":92,"column":20}},"43":{"start":{"line":92,"column":8},"end":{"line":92,"column":20}},"44":{"start":{"line":94,"column":4},"end":{"line":99,"column":7}},"45":{"start":{"line":100,"column":4},"end":{"line":100,"column":17}},"46":{"start":{"line":102,"column":0},"end":{"line":241,"column":3}},"47":{"start":{"line":104,"column":4},"end":{"line":113,"column":5}},"48":{"start":{"line":106,"column":8},"end":{"line":111,"column":11}},"49":{"start":{"line":112,"column":8},"end":{"line":112,"column":15}},"50":{"start":{"line":114,"column":4},"end":{"line":114,"column":47}},"51":{"start":{"line":115,"column":4},"end":{"line":240,"column":7}},"52":{"start":{"line":117,"column":8},"end":{"line":126,"column":9}},"53":{"start":{"line":119,"column":12},"end":{"line":124,"column":15}},"54":{"start":{"line":125,"column":12},"end":{"line":125,"column":19}},"55":{"start":{"line":128,"column":8},"end":{"line":128,"column":29}},"56":{"start":{"line":129,"column":8},"end":{"line":238,"column":9}},"57":{"start":{"line":131,"column":12},"end":{"line":174,"column":15}},"58":{"start":{"line":138,"column":16},"end":{"line":147,"column":17}},"59":{"start":{"line":140,"column":20},"end":{"line":145,"column":23}},"60":{"start":{"line":146,"column":20},"end":{"line":146,"column":27}},"61":{"start":{"line":148,"column":16},"end":{"line":173,"column":17}},"62":{"start":{"line":150,"column":20},"end":{"line":172,"column":23}},"63":{"start":{"line":155,"column":24},"end":{"line":164,"column":25}},"64":{"start":{"line":157,"column":28},"end":{"line":162,"column":31}},"65":{"start":{"line":163,"column":28},"end":{"line":163,"column":35}},"66":{"start":{"line":165,"column":24},"end":{"line":170,"column":27}},"67":{"start":{"line":171,"column":24},"end":{"line":171,"column":31}},"68":{"start":{"line":176,"column":13},"end":{"line":238,"column":9}},"69":{"start":{"line":178,"column":12},"end":{"line":227,"column":15}},"70":{"start":{"line":180,"column":16},"end":{"line":189,"column":17}},"71":{"start":{"line":182,"column":20},"end":{"line":187,"column":23}},"72":{"start":{"line":188,"column":20},"end":{"line":188,"column":27}},"73":{"start":{"line":190,"column":16},"end":{"line":199,"column":17}},"74":{"start":{"line":192,"column":20},"end":{"line":197,"column":23}},"75":{"start":{"line":198,"column":20},"end":{"line":198,"column":27}},"76":{"start":{"line":201,"column":16},"end":{"line":226,"column":17}},"77":{"start":{"line":203,"column":20},"end":{"line":225,"column":23}},"78":{"start":{"line":208,"column":24},"end":{"line":217,"column":25}},"79":{"start":{"line":210,"column":28},"end":{"line":215,"column":31}},"80":{"start":{"line":216,"column":28},"end":{"line":216,"column":35}},"81":{"start":{"line":218,"column":24},"end":{"line":223,"column":27}},"82":{"start":{"line":224,"column":24},"end":{"line":224,"column":31}},"83":{"start":{"line":231,"column":12},"end":{"line":236,"column":15}},"84":{"start":{"line":237,"column":12},"end":{"line":237,"column":19}},"85":{"start":{"line":239,"column":8},"end":{"line":239,"column":15}},"86":{"start":{"line":243,"column":0},"end":{"line":243,"column":24}}},"branchMap":{"1":{"line":14,"type":"if","locations":[{"start":{"line":14,"column":4},"end":{"line":14,"column":4}},{"start":{"line":14,"column":4},"end":{"line":14,"column":4}}]},"2":{"line":20,"type":"if","locations":[{"start":{"line":20,"column":4},"end":{"line":20,"column":4}},{"start":{"line":20,"column":4},"end":{"line":20,"column":4}}]},"3":{"line":28,"type":"cond-expr","locations":[{"start":{"line":28,"column":28},"end":{"line":28,"column":50}},{"start":{"line":28,"column":53},"end":{"line":28,"column":55}}]},"4":{"line":32,"type":"if","locations":[{"start":{"line":32,"column":4},"end":{"line":32,"column":4}},{"start":{"line":32,"column":4},"end":{"line":32,"column":4}}]},"5":{"line":40,"type":"if","locations":[{"start":{"line":40,"column":8},"end":{"line":40,"column":8}},{"start":{"line":40,"column":8},"end":{"line":40,"column":8}}]},"6":{"line":40,"type":"binary-expr","locations":[{"start":{"line":40,"column":12},"end":{"line":40,"column":15}},{"start":{"line":40,"column":19},"end":{"line":40,"column":33}}]},"7":{"line":59,"type":"if","locations":[{"start":{"line":59,"column":4},"end":{"line":59,"column":4}},{"start":{"line":59,"column":4},"end":{"line":59,"column":4}}]},"8":{"line":61,"type":"if","locations":[{"start":{"line":61,"column":4},"end":{"line":61,"column":4}},{"start":{"line":61,"column":4},"end":{"line":61,"column":4}}]},"9":{"line":71,"type":"if","locations":[{"start":{"line":71,"column":4},"end":{"line":71,"column":4}},{"start":{"line":71,"column":4},"end":{"line":71,"column":4}}]},"10":{"line":71,"type":"binary-expr","locations":[{"start":{"line":71,"column":8},"end":{"line":71,"column":24}},{"start":{"line":71,"column":28},"end":{"line":71,"column":45}}]},"11":{"line":81,"type":"if","locations":[{"start":{"line":81,"column":4},"end":{"line":81,"column":4}},{"start":{"line":81,"column":4},"end":{"line":81,"column":4}}]},"12":{"line":81,"type":"binary-expr","locations":[{"start":{"line":81,"column":8},"end":{"line":81,"column":24}},{"start":{"line":81,"column":28},"end":{"line":81,"column":41}}]},"13":{"line":91,"type":"if","locations":[{"start":{"line":91,"column":4},"end":{"line":91,"column":4}},{"start":{"line":91,"column":4},"end":{"line":91,"column":4}}]},"14":{"line":104,"type":"if","locations":[{"start":{"line":104,"column":4},"end":{"line":104,"column":4}},{"start":{"line":104,"column":4},"end":{"line":104,"column":4}}]},"15":{"line":117,"type":"if","locations":[{"start":{"line":117,"column":8},"end":{"line":117,"column":8}},{"start":{"line":117,"column":8},"end":{"line":117,"column":8}}]},"16":{"line":117,"type":"binary-expr","locations":[{"start":{"line":117,"column":12},"end":{"line":117,"column":15}},{"start":{"line":117,"column":19},"end":{"line":117,"column":33}}]},"17":{"line":129,"type":"if","locations":[{"start":{"line":129,"column":8},"end":{"line":129,"column":8}},{"start":{"line":129,"column":8},"end":{"line":129,"column":8}}]},"18":{"line":138,"type":"if","locations":[{"start":{"line":138,"column":16},"end":{"line":138,"column":16}},{"start":{"line":138,"column":16},"end":{"line":138,"column":16}}]},"19":{"line":138,"type":"binary-expr","locations":[{"start":{"line":138,"column":20},"end":{"line":138,"column":23}},{"start":{"line":138,"column":27},"end":{"line":138,"column":40}}]},"20":{"line":148,"type":"if","locations":[{"start":{"line":148,"column":16},"end":{"line":148,"column":16}},{"start":{"line":148,"column":16},"end":{"line":148,"column":16}}]},"21":{"line":155,"type":"if","locations":[{"start":{"line":155,"column":24},"end":{"line":155,"column":24}},{"start":{"line":155,"column":24},"end":{"line":155,"column":24}}]},"22":{"line":155,"type":"binary-expr","locations":[{"start":{"line":155,"column":28},"end":{"line":155,"column":31}},{"start":{"line":155,"column":35},"end":{"line":155,"column":46}}]},"23":{"line":176,"type":"if","locations":[{"start":{"line":176,"column":13},"end":{"line":176,"column":13}},{"start":{"line":176,"column":13},"end":{"line":176,"column":13}}]},"24":{"line":180,"type":"if","locations":[{"start":{"line":180,"column":16},"end":{"line":180,"column":16}},{"start":{"line":180,"column":16},"end":{"line":180,"column":16}}]},"25":{"line":180,"type":"binary-expr","locations":[{"start":{"line":180,"column":20},"end":{"line":180,"column":23}},{"start":{"line":180,"column":27},"end":{"line":180,"column":40}}]},"26":{"line":190,"type":"if","locations":[{"start":{"line":190,"column":16},"end":{"line":190,"column":16}},{"start":{"line":190,"column":16},"end":{"line":190,"column":16}}]},"27":{"line":201,"type":"if","locations":[{"start":{"line":201,"column":16},"end":{"line":201,"column":16}},{"start":{"line":201,"column":16},"end":{"line":201,"column":16}}]},"28":{"line":208,"type":"if","locations":[{"start":{"line":208,"column":24},"end":{"line":208,"column":24}},{"start":{"line":208,"column":24},"end":{"line":208,"column":24}}]},"29":{"line":208,"type":"binary-expr","locations":[{"start":{"line":208,"column":28},"end":{"line":208,"column":31}},{"start":{"line":208,"column":35},"end":{"line":208,"column":46}}]}}},"/home/nico/zjzs_3.0/routes/checkinAll.js":{"path":"/home/nico/zjzs_3.0/routes/checkinAll.js","s":{"1":2,"2":2,"3":2,"4":2,"5":2,"6":2,"7":2,"8":2,"9":1,"10":0,"11":0,"12":0,"13":1,"14":0,"15":0,"16":0,"17":0,"18":2,"19":0,"20":0,"21":1,"22":0,"23":0,"24":0,"25":0,"26":0,"27":0,"28":0,"29":0,"30":0,"31":0,"32":0,"33":0,"34":0,"35":0,"36":0,"37":2,"38":0,"39":0,"40":0,"41":0,"42":0,"43":0,"44":0,"45":0,"46":0,"47":0,"48":0,"49":0,"50":0,"51":0,"52":0,"53":0,"54":0,"55":0,"56":0,"57":0,"58":2},"b":{"1":[0,0],"2":[0,0],"3":[0,0],"4":[0,0],"5":[0,0],"6":[0,0],"7":[0,0],"8":[0,0],"9":[0,0],"10":[0,0],"11":[0,0],"12":[0,0],"13":[0,0],"14":[0,0],"15":[0,0],"16":[0,0],"17":[0,0],"18":[0,0]},"f":{"1":0,"2":0,"3":0,"4":0,"5":0,"6":0,"7":0,"8":0},"fnMap":{"1":{"name":"addZero","line":12,"loc":{"start":{"line":12,"column":0},"end":{"line":13,"column":0}}},"2":{"name":"getTime","line":18,"loc":{"start":{"line":18,"column":0},"end":{"line":19,"column":0}}},"3":{"name":"(anonymous_3)","line":31,"loc":{"start":{"line":31,"column":16},"end":{"line":32,"column":0}}},"4":{"name":"checkValid","line":37,"loc":{"start":{"line":37,"column":0},"end":{"line":38,"column":0}}},"5":{"name":"(anonymous_5)","line":87,"loc":{"start":{"line":87,"column":16},"end":{"line":88,"column":0}}},"6":{"name":"(anonymous_6)","line":92,"loc":{"start":{"line":92,"column":43},"end":{"line":93,"column":8}}},"7":{"name":"(anonymous_7)","line":106,"loc":{"start":{"line":106,"column":65},"end":{"line":106,"column":84}}},"8":{"name":"(anonymous_8)","line":122,"loc":{"start":{"line":122,"column":19},"end":{"line":123,"column":17}}}},"statementMap":{"1":{"start":{"line":1,"column":0},"end":{"line":1,"column":33}},"2":{"start":{"line":2,"column":0},"end":{"line":2,"column":30}},"3":{"start":{"line":4,"column":0},"end":{"line":4,"column":40}},"4":{"start":{"line":5,"column":0},"end":{"line":5,"column":37}},"5":{"start":{"line":6,"column":0},"end":{"line":6,"column":43}},"6":{"start":{"line":8,"column":0},"end":{"line":8,"column":18}},"7":{"start":{"line":9,"column":0},"end":{"line":9,"column":30}},"8":{"start":{"line":10,"column":0},"end":{"line":10,"column":35}},"9":{"start":{"line":12,"column":0},"end":{"line":17,"column":1}},"10":{"start":{"line":14,"column":4},"end":{"line":15,"column":23}},"11":{"start":{"line":15,"column":8},"end":{"line":15,"column":23}},"12":{"start":{"line":16,"column":4},"end":{"line":16,"column":18}},"13":{"start":{"line":18,"column":0},"end":{"line":29,"column":1}},"14":{"start":{"line":20,"column":4},"end":{"line":21,"column":30}},"15":{"start":{"line":21,"column":8},"end":{"line":21,"column":30}},"16":{"start":{"line":22,"column":4},"end":{"line":22,"column":22}},"17":{"start":{"line":23,"column":4},"end":{"line":28,"column":57}},"18":{"start":{"line":31,"column":0},"end":{"line":35,"column":3}},"19":{"start":{"line":33,"column":4},"end":{"line":33,"column":38}},"20":{"start":{"line":34,"column":4},"end":{"line":34,"column":11}},"21":{"start":{"line":37,"column":0},"end":{"line":85,"column":1}},"22":{"start":{"line":39,"column":4},"end":{"line":40,"column":20}},"23":{"start":{"line":40,"column":8},"end":{"line":40,"column":20}},"24":{"start":{"line":41,"column":4},"end":{"line":51,"column":5}},"25":{"start":{"line":43,"column":8},"end":{"line":49,"column":11}},"26":{"start":{"line":50,"column":8},"end":{"line":50,"column":21}},"27":{"start":{"line":52,"column":4},"end":{"line":62,"column":5}},"28":{"start":{"line":54,"column":8},"end":{"line":60,"column":11}},"29":{"start":{"line":61,"column":8},"end":{"line":61,"column":21}},"30":{"start":{"line":63,"column":4},"end":{"line":73,"column":5}},"31":{"start":{"line":65,"column":8},"end":{"line":71,"column":11}},"32":{"start":{"line":72,"column":8},"end":{"line":72,"column":21}},"33":{"start":{"line":74,"column":4},"end":{"line":75,"column":20}},"34":{"start":{"line":75,"column":8},"end":{"line":75,"column":20}},"35":{"start":{"line":77,"column":4},"end":{"line":83,"column":7}},"36":{"start":{"line":84,"column":4},"end":{"line":84,"column":17}},"37":{"start":{"line":87,"column":0},"end":{"line":160,"column":3}},"38":{"start":{"line":89,"column":4},"end":{"line":89,"column":25}},"39":{"start":{"line":90,"column":4},"end":{"line":158,"column":5}},"40":{"start":{"line":92,"column":8},"end":{"line":146,"column":11}},"41":{"start":{"line":94,"column":12},"end":{"line":104,"column":13}},"42":{"start":{"line":96,"column":16},"end":{"line":102,"column":19}},"43":{"start":{"line":103,"column":16},"end":{"line":103,"column":23}},"44":{"start":{"line":106,"column":12},"end":{"line":145,"column":12}},"45":{"start":{"line":107,"column":10},"end":{"line":117,"column":11}},"46":{"start":{"line":109,"column":14},"end":{"line":115,"column":17}},"47":{"start":{"line":116,"column":14},"end":{"line":116,"column":21}},"48":{"start":{"line":118,"column":10},"end":{"line":144,"column":11}},"49":{"start":{"line":119,"column":11},"end":{"line":143,"column":20}},"50":{"start":{"line":124,"column":21},"end":{"line":134,"column":22}},"51":{"start":{"line":126,"column":25},"end":{"line":132,"column":28}},"52":{"start":{"line":133,"column":25},"end":{"line":133,"column":32}},"53":{"start":{"line":135,"column":21},"end":{"line":141,"column":24}},"54":{"start":{"line":142,"column":21},"end":{"line":142,"column":28}},"55":{"start":{"line":150,"column":8},"end":{"line":156,"column":11}},"56":{"start":{"line":157,"column":8},"end":{"line":157,"column":15}},"57":{"start":{"line":159,"column":4},"end":{"line":159,"column":11}},"58":{"start":{"line":162,"column":0},"end":{"line":162,"column":24}}},"branchMap":{"1":{"line":14,"type":"if","locations":[{"start":{"line":14,"column":4},"end":{"line":14,"column":4}},{"start":{"line":14,"column":4},"end":{"line":14,"column":4}}]},"2":{"line":20,"type":"if","locations":[{"start":{"line":20,"column":4},"end":{"line":20,"column":4}},{"start":{"line":20,"column":4},"end":{"line":20,"column":4}}]},"3":{"line":28,"type":"cond-expr","locations":[{"start":{"line":28,"column":28},"end":{"line":28,"column":50}},{"start":{"line":28,"column":53},"end":{"line":28,"column":55}}]},"4":{"line":39,"type":"if","locations":[{"start":{"line":39,"column":4},"end":{"line":39,"column":4}},{"start":{"line":39,"column":4},"end":{"line":39,"column":4}}]},"5":{"line":41,"type":"if","locations":[{"start":{"line":41,"column":4},"end":{"line":41,"column":4}},{"start":{"line":41,"column":4},"end":{"line":41,"column":4}}]},"6":{"line":52,"type":"if","locations":[{"start":{"line":52,"column":4},"end":{"line":52,"column":4}},{"start":{"line":52,"column":4},"end":{"line":52,"column":4}}]},"7":{"line":52,"type":"binary-expr","locations":[{"start":{"line":52,"column":8},"end":{"line":52,"column":24}},{"start":{"line":52,"column":28},"end":{"line":52,"column":45}}]},"8":{"line":63,"type":"if","locations":[{"start":{"line":63,"column":4},"end":{"line":63,"column":4}},{"start":{"line":63,"column":4},"end":{"line":63,"column":4}}]},"9":{"line":63,"type":"binary-expr","locations":[{"start":{"line":63,"column":8},"end":{"line":63,"column":24}},{"start":{"line":63,"column":28},"end":{"line":63,"column":41}}]},"10":{"line":74,"type":"if","locations":[{"start":{"line":74,"column":4},"end":{"line":74,"column":4}},{"start":{"line":74,"column":4},"end":{"line":74,"column":4}}]},"11":{"line":90,"type":"if","locations":[{"start":{"line":90,"column":4},"end":{"line":90,"column":4}},{"start":{"line":90,"column":4},"end":{"line":90,"column":4}}]},"12":{"line":94,"type":"if","locations":[{"start":{"line":94,"column":12},"end":{"line":94,"column":12}},{"start":{"line":94,"column":12},"end":{"line":94,"column":12}}]},"13":{"line":94,"type":"binary-expr","locations":[{"start":{"line":94,"column":16},"end":{"line":94,"column":19}},{"start":{"line":94,"column":23},"end":{"line":94,"column":36}}]},"14":{"line":107,"type":"if","locations":[{"start":{"line":107,"column":10},"end":{"line":107,"column":10}},{"start":{"line":107,"column":10},"end":{"line":107,"column":10}}]},"15":{"line":107,"type":"binary-expr","locations":[{"start":{"line":107,"column":14},"end":{"line":107,"column":17}},{"start":{"line":107,"column":21},"end":{"line":107,"column":35}}]},"16":{"line":118,"type":"if","locations":[{"start":{"line":118,"column":10},"end":{"line":118,"column":10}},{"start":{"line":118,"column":10},"end":{"line":118,"column":10}}]},"17":{"line":124,"type":"if","locations":[{"start":{"line":124,"column":21},"end":{"line":124,"column":21}},{"start":{"line":124,"column":21},"end":{"line":124,"column":21}}]},"18":{"line":124,"type":"binary-expr","locations":[{"start":{"line":124,"column":25},"end":{"line":124,"column":28}},{"start":{"line":124,"column":32},"end":{"line":124,"column":43}}]}}},"/home/nico/zjzs_3.0/weixin_basic/custom_menu.js":{"path":"/home/nico/zjzs_3.0/weixin_basic/custom_menu.js","s":{"1":2,"2":2,"3":2,"4":2,"5":2,"6":2,"7":2,"8":2,"9":2,"10":2,"11":2,"12":2,"13":2,"14":2,"15":1,"16":0,"17":0,"18":0,"19":0,"20":0,"21":0,"22":0,"23":0,"24":0,"25":2,"26":1,"27":0,"28":0,"29":0,"30":0,"31":0,"32":0,"33":0,"34":2,"35":1,"36":0,"37":0,"38":0,"39":0,"40":0,"41":1,"42":0,"43":0,"44":0,"45":0,"46":1,"47":0,"48":0,"49":0,"50":0,"51":0,"52":0,"53":0,"54":0,"55":0,"56":0,"57":0,"58":0,"59":0,"60":0,"61":0,"62":0,"63":0,"64":0,"65":0,"66":0,"67":0,"68":0,"69":0},"b":{"1":[0,0],"2":[0,0],"3":[0,0],"4":[0,0],"5":[0,0]},"f":{"1":0,"2":0,"3":0,"4":0,"5":0,"6":0,"7":0,"8":0,"9":0,"10":0,"11":0,"12":0},"fnMap":{"1":{"name":"createMenu","line":28,"loc":{"start":{"line":28,"column":0},"end":{"line":28,"column":33}}},"2":{"name":"(anonymous_2)","line":31,"loc":{"start":{"line":31,"column":48},"end":{"line":31,"column":68}}},"3":{"name":"(anonymous_3)","line":32,"loc":{"start":{"line":32,"column":28},"end":{"line":32,"column":40}}},"4":{"name":"(anonymous_4)","line":37,"loc":{"start":{"line":37,"column":19},"end":{"line":37,"column":31}}},"5":{"name":"getMenu","line":53,"loc":{"start":{"line":53,"column":0},"end":{"line":53,"column":30}}},"6":{"name":"(anonymous_6)","line":56,"loc":{"start":{"line":56,"column":49},"end":{"line":56,"column":69}}},"7":{"name":"(anonymous_7)","line":57,"loc":{"start":{"line":57,"column":27},"end":{"line":57,"column":38}}},"8":{"name":"deleteMenu","line":75,"loc":{"start":{"line":75,"column":0},"end":{"line":75,"column":33}}},"9":{"name":"(anonymous_9)","line":78,"loc":{"start":{"line":78,"column":52},"end":{"line":78,"column":72}}},"10":{"name":"(anonymous_10)","line":79,"loc":{"start":{"line":79,"column":27},"end":{"line":79,"column":38}}},"11":{"name":"modifyMenu","line":89,"loc":{"start":{"line":89,"column":0},"end":{"line":89,"column":28}}},"12":{"name":"autoClearOldMenus","line":97,"loc":{"start":{"line":97,"column":0},"end":{"line":97,"column":38}}}},"statementMap":{"1":{"start":{"line":1,"column":0},"end":{"line":1,"column":29}},"2":{"start":{"line":2,"column":0},"end":{"line":2,"column":31}},"3":{"start":{"line":3,"column":0},"end":{"line":3,"column":34}},"4":{"start":{"line":4,"column":0},"end":{"line":4,"column":41}},"5":{"start":{"line":6,"column":0},"end":{"line":6,"column":31}},"6":{"start":{"line":7,"column":0},"end":{"line":7,"column":25}},"7":{"start":{"line":8,"column":0},"end":{"line":8,"column":31}},"8":{"start":{"line":9,"column":0},"end":{"line":9,"column":31}},"9":{"start":{"line":10,"column":0},"end":{"line":10,"column":45}},"10":{"start":{"line":11,"column":0},"end":{"line":11,"column":25}},"11":{"start":{"line":12,"column":0},"end":{"line":12,"column":23}},"12":{"start":{"line":14,"column":0},"end":{"line":14,"column":62}},"13":{"start":{"line":15,"column":0},"end":{"line":15,"column":16}},"14":{"start":{"line":17,"column":0},"end":{"line":26,"column":2}},"15":{"start":{"line":28,"column":0},"end":{"line":42,"column":1}},"16":{"start":{"line":29,"column":4},"end":{"line":29,"column":67}},"17":{"start":{"line":31,"column":4},"end":{"line":39,"column":7}},"18":{"start":{"line":32,"column":8},"end":{"line":36,"column":11}},"19":{"start":{"line":33,"column":12},"end":{"line":33,"column":36}},"20":{"start":{"line":34,"column":12},"end":{"line":35,"column":32}},"21":{"start":{"line":35,"column":16},"end":{"line":35,"column":32}},"22":{"start":{"line":38,"column":8},"end":{"line":38,"column":25}},"23":{"start":{"line":40,"column":4},"end":{"line":40,"column":24}},"24":{"start":{"line":41,"column":4},"end":{"line":41,"column":15}},"25":{"start":{"line":46,"column":0},"end":{"line":51,"column":2}},"26":{"start":{"line":53,"column":0},"end":{"line":65,"column":1}},"27":{"start":{"line":54,"column":4},"end":{"line":54,"column":63}},"28":{"start":{"line":56,"column":4},"end":{"line":62,"column":7}},"29":{"start":{"line":57,"column":8},"end":{"line":61,"column":11}},"30":{"start":{"line":58,"column":12},"end":{"line":58,"column":36}},"31":{"start":{"line":59,"column":12},"end":{"line":59,"column":36}},"32":{"start":{"line":60,"column":12},"end":{"line":60,"column":30}},"33":{"start":{"line":64,"column":4},"end":{"line":64,"column":18}},"34":{"start":{"line":68,"column":0},"end":{"line":73,"column":2}},"35":{"start":{"line":75,"column":0},"end":{"line":85,"column":1}},"36":{"start":{"line":76,"column":4},"end":{"line":76,"column":69}},"37":{"start":{"line":78,"column":4},"end":{"line":82,"column":7}},"38":{"start":{"line":79,"column":8},"end":{"line":81,"column":11}},"39":{"start":{"line":80,"column":12},"end":{"line":80,"column":36}},"40":{"start":{"line":84,"column":4},"end":{"line":84,"column":18}},"41":{"start":{"line":89,"column":0},"end":{"line":95,"column":1}},"42":{"start":{"line":90,"column":1},"end":{"line":93,"column":2}},"43":{"start":{"line":91,"column":4},"end":{"line":91,"column":64}},"44":{"start":{"line":92,"column":4},"end":{"line":92,"column":63}},"45":{"start":{"line":94,"column":4},"end":{"line":94,"column":69}},"46":{"start":{"line":97,"column":0},"end":{"line":129,"column":1}},"47":{"start":{"line":98,"column":4},"end":{"line":98,"column":17}},"48":{"start":{"line":99,"column":4},"end":{"line":99,"column":13}},"49":{"start":{"line":100,"column":4},"end":{"line":110,"column":5}},"50":{"start":{"line":101,"column":8},"end":{"line":101,"column":36}},"51":{"start":{"line":102,"column":8},"end":{"line":107,"column":9}},"52":{"start":{"line":103,"column":12},"end":{"line":103,"column":32}},"53":{"start":{"line":104,"column":12},"end":{"line":106,"column":13}},"54":{"start":{"line":105,"column":19},"end":{"line":105,"column":37}},"55":{"start":{"line":108,"column":8},"end":{"line":108,"column":52}},"56":{"start":{"line":109,"column":8},"end":{"line":109,"column":35}},"57":{"start":{"line":111,"column":4},"end":{"line":111,"column":47}},"58":{"start":{"line":112,"column":4},"end":{"line":125,"column":5}},"59":{"start":{"line":113,"column":8},"end":{"line":113,"column":30}},"60":{"start":{"line":114,"column":8},"end":{"line":116,"column":9}},"61":{"start":{"line":115,"column":12},"end":{"line":115,"column":21}},"62":{"start":{"line":117,"column":8},"end":{"line":119,"column":9}},"63":{"start":{"line":118,"column":12},"end":{"line":118,"column":21}},"64":{"start":{"line":120,"column":8},"end":{"line":120,"column":40}},"65":{"start":{"line":121,"column":8},"end":{"line":121,"column":64}},"66":{"start":{"line":122,"column":8},"end":{"line":122,"column":31}},"67":{"start":{"line":124,"column":8},"end":{"line":124,"column":54}},"68":{"start":{"line":127,"column":4},"end":{"line":127,"column":24}},"69":{"start":{"line":128,"column":4},"end":{"line":128,"column":34}}},"branchMap":{"1":{"line":34,"type":"if","locations":[{"start":{"line":34,"column":12},"end":{"line":34,"column":12}},{"start":{"line":34,"column":12},"end":{"line":34,"column":12}}]},"2":{"line":90,"type":"if","locations":[{"start":{"line":90,"column":1},"end":{"line":90,"column":1}},{"start":{"line":90,"column":1},"end":{"line":90,"column":1}}]},"3":{"line":104,"type":"if","locations":[{"start":{"line":104,"column":12},"end":{"line":104,"column":12}},{"start":{"line":104,"column":12},"end":{"line":104,"column":12}}]},"4":{"line":114,"type":"if","locations":[{"start":{"line":114,"column":8},"end":{"line":114,"column":8}},{"start":{"line":114,"column":8},"end":{"line":114,"column":8}}]},"5":{"line":117,"type":"if","locations":[{"start":{"line":117,"column":8},"end":{"line":117,"column":8}},{"start":{"line":117,"column":8},"end":{"line":117,"column":8}}]}}},"/home/nico/zjzs_3.0/weixin_basic/settings.js":{"path":"/home/nico/zjzs_3.0/weixin_basic/settings.js","s":{"1":2,"2":2,"3":2,"4":2,"5":2,"6":2,"7":2,"8":2,"9":2,"10":2,"11":0,"12":0,"13":0,"14":0,"15":0,"16":0,"17":0,"18":0,"19":0,"20":2},"b":{"1":[0,0]},"f":{"1":0},"fnMap":{"1":{"name":"(anonymous_1)","line":100,"loc":{"start":{"line":100,"column":36},"end":{"line":100,"column":53}}}},"statementMap":{"1":{"start":{"line":1,"column":0},"end":{"line":1,"column":41}},"2":{"start":{"line":4,"column":0},"end":{"line":4,"column":36}},"3":{"start":{"line":7,"column":0},"end":{"line":7,"column":44}},"4":{"start":{"line":10,"column":0},"end":{"line":10,"column":59}},"5":{"start":{"line":12,"column":0},"end":{"line":25,"column":2}},"6":{"start":{"line":27,"column":0},"end":{"line":27,"column":46}},"7":{"start":{"line":29,"column":0},"end":{"line":95,"column":2}},"8":{"start":{"line":96,"column":0},"end":{"line":96,"column":66}},"9":{"start":{"line":98,"column":0},"end":{"line":98,"column":45}},"10":{"start":{"line":100,"column":0},"end":{"line":112,"column":1}},"11":{"start":{"line":101,"column":4},"end":{"line":101,"column":62}},"12":{"start":{"line":102,"column":4},"end":{"line":102,"column":44}},"13":{"start":{"line":103,"column":4},"end":{"line":103,"column":36}},"14":{"start":{"line":105,"column":4},"end":{"line":108,"column":5}},"15":{"start":{"line":106,"column":8},"end":{"line":106,"column":35}},"16":{"start":{"line":107,"column":8},"end":{"line":107,"column":71}},"17":{"start":{"line":109,"column":4},"end":{"line":109,"column":37}},"18":{"start":{"line":110,"column":4},"end":{"line":110,"column":39}},"19":{"start":{"line":111,"column":4},"end":{"line":111,"column":19}},"20":{"start":{"line":114,"column":0},"end":{"line":119,"column":9}}},"branchMap":{"1":{"line":105,"type":"if","locations":[{"start":{"line":105,"column":4},"end":{"line":105,"column":4}},{"start":{"line":105,"column":4},"end":{"line":105,"column":4}}]}}},"/home/nico/zjzs_3.0/weixin_basic/access_token.js":{"path":"/home/nico/zjzs_3.0/weixin_basic/access_token.js","s":{"1":2,"2":2,"3":2,"4":2,"5":2,"6":0,"7":0,"8":0,"9":0,"10":0,"11":0,"12":0,"13":0,"14":0,"15":0,"16":0,"17":2,"18":0,"19":0,"20":0,"21":0,"22":0,"23":0,"24":0,"25":0,"26":0,"27":0,"28":0,"29":2,"30":11},"b":{"1":[0,0],"2":[0,0,0,0,0],"3":[0,0],"4":[0,0,0,0,0]},"f":{"1":0,"2":0,"3":0,"4":0,"5":0,"6":0,"7":0,"8":0,"9":11},"fnMap":{"1":{"name":"getAccessToken","line":7,"loc":{"start":{"line":7,"column":25},"end":{"line":7,"column":58}}},"2":{"name":"(anonymous_2)","line":15,"loc":{"start":{"line":15,"column":140},"end":{"line":15,"column":160}}},"3":{"name":"(anonymous_3)","line":16,"loc":{"start":{"line":16,"column":32},"end":{"line":16,"column":44}}},"4":{"name":"(anonymous_4)","line":22,"loc":{"start":{"line":22,"column":23},"end":{"line":22,"column":35}}},"5":{"name":"getAccessToken","line":28,"loc":{"start":{"line":28,"column":25},"end":{"line":28,"column":58}}},"6":{"name":"(anonymous_6)","line":36,"loc":{"start":{"line":36,"column":141},"end":{"line":36,"column":161}}},"7":{"name":"(anonymous_7)","line":37,"loc":{"start":{"line":37,"column":32},"end":{"line":37,"column":44}}},"8":{"name":"(anonymous_8)","line":43,"loc":{"start":{"line":43,"column":23},"end":{"line":43,"column":35}}},"9":{"name":"getAccessToken","line":49,"loc":{"start":{"line":49,"column":30},"end":{"line":49,"column":81}}}},"statementMap":{"1":{"start":{"line":1,"column":0},"end":{"line":1,"column":35}},"2":{"start":{"line":2,"column":0},"end":{"line":2,"column":29}},"3":{"start":{"line":4,"column":0},"end":{"line":4,"column":17}},"4":{"start":{"line":5,"column":0},"end":{"line":5,"column":19}},"5":{"start":{"line":7,"column":0},"end":{"line":26,"column":1}},"6":{"start":{"line":8,"column":4},"end":{"line":8,"column":25}},"7":{"start":{"line":10,"column":4},"end":{"line":25,"column":5}},"8":{"start":{"line":11,"column":8},"end":{"line":11,"column":31}},"9":{"start":{"line":14,"column":5},"end":{"line":14,"column":31}},"10":{"start":{"line":15,"column":5},"end":{"line":24,"column":11}},"11":{"start":{"line":16,"column":12},"end":{"line":21,"column":15}},"12":{"start":{"line":17,"column":16},"end":{"line":17,"column":40}},"13":{"start":{"line":18,"column":16},"end":{"line":18,"column":48}},"14":{"start":{"line":19,"column":16},"end":{"line":19,"column":44}},"15":{"start":{"line":20,"column":16},"end":{"line":20,"column":39}},"16":{"start":{"line":23,"column":12},"end":{"line":23,"column":29}},"17":{"start":{"line":28,"column":0},"end":{"line":47,"column":1}},"18":{"start":{"line":29,"column":4},"end":{"line":29,"column":25}},"19":{"start":{"line":31,"column":4},"end":{"line":46,"column":5}},"20":{"start":{"line":32,"column":8},"end":{"line":32,"column":31}},"21":{"start":{"line":35,"column":6},"end":{"line":35,"column":32}},"22":{"start":{"line":36,"column":6},"end":{"line":45,"column":11}},"23":{"start":{"line":37,"column":12},"end":{"line":42,"column":15}},"24":{"start":{"line":38,"column":16},"end":{"line":38,"column":40}},"25":{"start":{"line":39,"column":16},"end":{"line":39,"column":48}},"26":{"start":{"line":40,"column":16},"end":{"line":40,"column":44}},"27":{"start":{"line":41,"column":16},"end":{"line":41,"column":39}},"28":{"start":{"line":44,"column":12},"end":{"line":44,"column":29}},"29":{"start":{"line":49,"column":0},"end":{"line":69,"column":1}},"30":{"start":{"line":50,"column":4},"end":{"line":50,"column":39}}},"branchMap":{"1":{"line":10,"type":"if","locations":[{"start":{"line":10,"column":4},"end":{"line":10,"column":4}},{"start":{"line":10,"column":4},"end":{"line":10,"column":4}}]},"2":{"line":10,"type":"binary-expr","locations":[{"start":{"line":10,"column":7},"end":{"line":10,"column":34}},{"start":{"line":10,"column":38},"end":{"line":10,"column":79}},{"start":{"line":10,"column":83},"end":{"line":10,"column":126}},{"start":{"line":10,"column":130},"end":{"line":10,"column":169}},{"start":{"line":10,"column":173},"end":{"line":10,"column":222}}]},"3":{"line":31,"type":"if","locations":[{"start":{"line":31,"column":4},"end":{"line":31,"column":4}},{"start":{"line":31,"column":4},"end":{"line":31,"column":4}}]},"4":{"line":31,"type":"binary-expr","locations":[{"start":{"line":31,"column":7},"end":{"line":31,"column":34}},{"start":{"line":31,"column":38},"end":{"line":31,"column":79}},{"start":{"line":31,"column":83},"end":{"line":31,"column":126}},{"start":{"line":31,"column":130},"end":{"line":31,"column":169}},{"start":{"line":31,"column":173},"end":{"line":31,"column":222}}]}}},"/home/nico/zjzs_3.0/weixin_basic/activity_info.js":{"path":"/home/nico/zjzs_3.0/weixin_basic/activity_info.js","s":{"1":2,"2":2,"3":2,"4":2,"5":2,"6":1,"7":1,"8":1,"9":1,"10":0,"11":0,"12":1,"13":7,"14":1,"15":1,"16":1,"17":1,"18":1,"19":0,"20":0,"21":1,"22":7,"23":7,"24":6,"25":1},"b":{"1":[0,1],"2":[0,1],"3":[6,1]},"f":{"1":1,"2":1,"3":1,"4":1},"fnMap":{"1":{"name":"getCurrentActivity","line":10,"loc":{"start":{"line":10,"column":0},"end":{"line":11,"column":0}}},"2":{"name":"(anonymous_2)","line":17,"loc":{"start":{"line":17,"column":6},"end":{"line":18,"column":4}}},"3":{"name":"getCurrentActivity_EX","line":32,"loc":{"start":{"line":32,"column":0},"end":{"line":33,"column":0}}},"4":{"name":"(anonymous_4)","line":39,"loc":{"start":{"line":39,"column":26},"end":{"line":40,"column":4}}}},"statementMap":{"1":{"start":{"line":1,"column":0},"end":{"line":1,"column":40}},"2":{"start":{"line":3,"column":0},"end":{"line":3,"column":35}},"3":{"start":{"line":4,"column":0},"end":{"line":4,"column":18}},"4":{"start":{"line":6,"column":0},"end":{"line":6,"column":48}},"5":{"start":{"line":7,"column":0},"end":{"line":7,"column":54}},"6":{"start":{"line":10,"column":0},"end":{"line":30,"column":1}},"7":{"start":{"line":12,"column":4},"end":{"line":12,"column":41}},"8":{"start":{"line":13,"column":4},"end":{"line":29,"column":7}},"9":{"start":{"line":19,"column":8},"end":{"line":23,"column":9}},"10":{"start":{"line":21,"column":12},"end":{"line":21,"column":25}},"11":{"start":{"line":22,"column":12},"end":{"line":22,"column":19}},"12":{"start":{"line":24,"column":8},"end":{"line":27,"column":9}},"13":{"start":{"line":26,"column":12},"end":{"line":26,"column":46}},"14":{"start":{"line":28,"column":8},"end":{"line":28,"column":23}},"15":{"start":{"line":32,"column":0},"end":{"line":54,"column":1}},"16":{"start":{"line":34,"column":4},"end":{"line":34,"column":41}},"17":{"start":{"line":35,"column":4},"end":{"line":53,"column":7}},"18":{"start":{"line":41,"column":8},"end":{"line":45,"column":9}},"19":{"start":{"line":43,"column":12},"end":{"line":43,"column":25}},"20":{"start":{"line":44,"column":12},"end":{"line":44,"column":19}},"21":{"start":{"line":46,"column":8},"end":{"line":51,"column":9}},"22":{"start":{"line":48,"column":12},"end":{"line":48,"column":46}},"23":{"start":{"line":49,"column":12},"end":{"line":50,"column":40}},"24":{"start":{"line":50,"column":16},"end":{"line":50,"column":40}},"25":{"start":{"line":52,"column":8},"end":{"line":52,"column":23}}},"branchMap":{"1":{"line":19,"type":"if","locations":[{"start":{"line":19,"column":8},"end":{"line":19,"column":8}},{"start":{"line":19,"column":8},"end":{"line":19,"column":8}}]},"2":{"line":41,"type":"if","locations":[{"start":{"line":41,"column":8},"end":{"line":41,"column":8}},{"start":{"line":41,"column":8},"end":{"line":41,"column":8}}]},"3":{"line":49,"type":"if","locations":[{"start":{"line":49,"column":12},"end":{"line":49,"column":12}},{"start":{"line":49,"column":12},"end":{"line":49,"column":12}}]}}},"/home/nico/zjzs_3.0/weixin_handler/handler_ticket.js":{"path":"/home/nico/zjzs_3.0/weixin_handler/handler_ticket.js","s":{"1":2,"2":2,"3":2,"4":2,"5":2,"6":2,"7":2,"8":2,"9":2,"10":2,"11":2,"12":2,"13":2,"14":2,"15":2,"16":2,"17":0,"18":1,"19":9,"20":9,"21":9,"22":3,"23":3,"24":6,"25":2,"26":1,"27":17,"28":17,"29":17,"30":17,"31":10,"32":10,"33":10,"34":10,"35":0,"36":0,"37":0,"38":0,"39":0,"40":7,"41":7,"42":2,"43":2,"44":5,"45":5,"46":4,"47":4,"48":1,"49":1,"50":1,"51":0,"52":0,"53":0,"54":0,"55":1,"56":0,"57":0,"58":0,"59":0,"60":0,"61":1,"62":1,"63":1,"64":1,"65":1,"66":1,"67":1,"68":0,"69":1,"70":1,"71":2,"72":2,"73":4,"74":1,"75":3,"76":2,"77":2,"78":1,"79":2,"80":15,"81":15,"82":15,"83":15,"84":1,"85":1,"86":14,"87":0,"88":14,"89":14,"90":2,"91":1,"92":1,"93":12,"94":12,"95":12,"96":12,"97":12,"98":12,"99":2,"100":4,"101":3,"102":2,"103":2,"104":2,"105":5,"106":5,"107":1,"108":1,"109":4,"110":4,"111":4,"112":1,"113":3,"114":1,"115":2,"116":2,"117":1,"118":1,"119":1,"120":0,"121":0,"122":0,"123":1,"124":1,"125":1,"126":2,"127":3,"128":1,"129":1,"130":2,"131":1,"132":1,"133":1,"134":1,"135":1,"136":0,"137":0,"138":1,"139":1,"140":1,"141":1,"142":2,"143":3,"144":3,"145":3,"146":1,"147":2,"148":2,"149":1,"150":1,"151":1,"152":1,"153":1,"154":1,"155":1,"156":1,"157":1,"158":0,"159":0,"160":1,"161":1,"162":1,"163":1,"164":1,"165":1,"166":1,"167":1,"168":1,"169":1},"b":{"1":[3,6],"2":[9,9],"3":[10,7],"4":[10,0],"5":[10,0],"6":[2,5],"7":[7,7],"8":[4,1],"9":[0,0],"10":[0,1],"11":[0,1],"12":[1,0],"13":[1,0],"14":[1,3],"15":[2,1],"16":[2,0],"17":[2,1],"18":[15,0],"19":[1,14],"20":[1,1],"21":[3,1],"22":[2,1],"23":[3,2],"24":[1,4],"25":[1,1],"26":[2,2],"27":[0,1],"28":[1,0],"29":[1,2],"30":[1,0],"31":[1,1],"32":[0,1],"33":[1,1],"34":[2,2],"35":[0,1],"36":[1,1]},"f":{"1":0,"2":9,"3":9,"4":17,"5":7,"6":0,"7":0,"8":1,"9":2,"10":4,"11":15,"12":2,"13":12,"14":12,"15":4,"16":5,"17":1,"18":3,"19":1,"20":2,"21":2,"22":0,"23":1,"24":3,"25":1,"26":3,"27":1,"28":2,"29":2,"30":1},"fnMap":{"1":{"name":"(anonymous_1)","line":21,"loc":{"start":{"line":21,"column":19},"end":{"line":22,"column":0}}},"2":{"name":"verifyStudent","line":26,"loc":{"start":{"line":26,"column":0},"end":{"line":27,"column":0}}},"3":{"name":"(anonymous_3)","line":29,"loc":{"start":{"line":29,"column":49},"end":{"line":30,"column":4}}},"4":{"name":"verifyActivities","line":40,"loc":{"start":{"line":40,"column":0},"end":{"line":41,"column":0}}},"5":{"name":"(anonymous_5)","line":66,"loc":{"start":{"line":66,"column":6},"end":{"line":67,"column":4}}},"6":{"name":"getRandomString","line":86,"loc":{"start":{"line":86,"column":0},"end":{"line":87,"column":0}}},"7":{"name":"presentTicket","line":94,"loc":{"start":{"line":94,"column":0},"end":{"line":95,"column":0}}},"8":{"name":"getTimeFormat","line":103,"loc":{"start":{"line":103,"column":0},"end":{"line":104,"column":0}}},"9":{"name":"needValidateMsg","line":116,"loc":{"start":{"line":116,"column":0},"end":{"line":116,"column":30}}},"10":{"name":"(anonymous_10)","line":121,"loc":{"start":{"line":121,"column":25},"end":{"line":122,"column":0}}},"11":{"name":"(anonymous_11)","line":131,"loc":{"start":{"line":131,"column":30},"end":{"line":131,"column":49}}},"12":{"name":"(anonymous_12)","line":149,"loc":{"start":{"line":149,"column":31},"end":{"line":149,"column":44}}},"13":{"name":"(anonymous_13)","line":155,"loc":{"start":{"line":155,"column":7},"end":{"line":155,"column":34}}},"14":{"name":"(anonymous_14)","line":166,"loc":{"start":{"line":166,"column":5},"end":{"line":166,"column":27}}},"15":{"name":"(anonymous_15)","line":173,"loc":{"start":{"line":173,"column":31},"end":{"line":174,"column":0}}},"16":{"name":"(anonymous_16)","line":180,"loc":{"start":{"line":180,"column":31},"end":{"line":181,"column":0}}},"17":{"name":"(anonymous_17)","line":195,"loc":{"start":{"line":195,"column":25},"end":{"line":196,"column":4}}},"18":{"name":"(anonymous_18)","line":199,"loc":{"start":{"line":199,"column":6},"end":{"line":200,"column":4}}},"19":{"name":"(anonymous_19)","line":201,"loc":{"start":{"line":201,"column":33},"end":{"line":202,"column":8}}},"20":{"name":"(anonymous_20)","line":204,"loc":{"start":{"line":204,"column":10},"end":{"line":205,"column":8}}},"21":{"name":"(anonymous_21)","line":210,"loc":{"start":{"line":210,"column":14},"end":{"line":211,"column":12}}},"22":{"name":"(anonymous_22)","line":225,"loc":{"start":{"line":225,"column":22},"end":{"line":226,"column":20}}},"23":{"name":"(anonymous_23)","line":237,"loc":{"start":{"line":237,"column":7},"end":{"line":237,"column":29}}},"24":{"name":"(anonymous_24)","line":245,"loc":{"start":{"line":245,"column":26},"end":{"line":246,"column":0}}},"25":{"name":"renderTicketList","line":254,"loc":{"start":{"line":254,"column":0},"end":{"line":255,"column":0}}},"26":{"name":"(anonymous_26)","line":271,"loc":{"start":{"line":271,"column":26},"end":{"line":272,"column":0}}},"27":{"name":"(anonymous_27)","line":276,"loc":{"start":{"line":276,"column":25},"end":{"line":277,"column":4}}},"28":{"name":"(anonymous_28)","line":280,"loc":{"start":{"line":280,"column":6},"end":{"line":281,"column":4}}},"29":{"name":"(anonymous_29)","line":286,"loc":{"start":{"line":286,"column":10},"end":{"line":287,"column":8}}},"30":{"name":"(anonymous_30)","line":303,"loc":{"start":{"line":303,"column":14},"end":{"line":304,"column":12}}}},"statementMap":{"1":{"start":{"line":1,"column":0},"end":{"line":1,"column":43}},"2":{"start":{"line":2,"column":0},"end":{"line":2,"column":40}},"3":{"start":{"line":3,"column":0},"end":{"line":3,"column":37}},"4":{"start":{"line":4,"column":0},"end":{"line":4,"column":43}},"5":{"start":{"line":5,"column":0},"end":{"line":5,"column":40}},"6":{"start":{"line":6,"column":0},"end":{"line":6,"column":55}},"7":{"start":{"line":9,"column":0},"end":{"line":9,"column":30}},"8":{"start":{"line":10,"column":0},"end":{"line":10,"column":29}},"9":{"start":{"line":11,"column":0},"end":{"line":11,"column":35}},"10":{"start":{"line":12,"column":0},"end":{"line":12,"column":26}},"11":{"start":{"line":13,"column":0},"end":{"line":13,"column":32}},"12":{"start":{"line":14,"column":0},"end":{"line":14,"column":18}},"13":{"start":{"line":16,"column":0},"end":{"line":16,"column":80}},"14":{"start":{"line":18,"column":0},"end":{"line":18,"column":17}},"15":{"start":{"line":19,"column":0},"end":{"line":19,"column":16}},"16":{"start":{"line":21,"column":0},"end":{"line":24,"column":1}},"17":{"start":{"line":23,"column":4},"end":{"line":23,"column":17}},"18":{"start":{"line":26,"column":0},"end":{"line":38,"column":1}},"19":{"start":{"line":28,"column":4},"end":{"line":28,"column":37}},"20":{"start":{"line":29,"column":4},"end":{"line":37,"column":7}},"21":{"start":{"line":31,"column":8},"end":{"line":35,"column":9}},"22":{"start":{"line":33,"column":12},"end":{"line":33,"column":21}},"23":{"start":{"line":34,"column":12},"end":{"line":34,"column":19}},"24":{"start":{"line":36,"column":8},"end":{"line":36,"column":47}},"25":{"start":{"line":39,"column":0},"end":{"line":39,"column":32}},"26":{"start":{"line":40,"column":0},"end":{"line":85,"column":1}},"27":{"start":{"line":42,"column":4},"end":{"line":42,"column":27}},"28":{"start":{"line":43,"column":4},"end":{"line":43,"column":32}},"29":{"start":{"line":44,"column":4},"end":{"line":44,"column":33}},"30":{"start":{"line":45,"column":4},"end":{"line":60,"column":5}},"31":{"start":{"line":47,"column":8},"end":{"line":56,"column":9}},"32":{"start":{"line":49,"column":12},"end":{"line":53,"column":13}},"33":{"start":{"line":51,"column":16},"end":{"line":51,"column":42}},"34":{"start":{"line":52,"column":16},"end":{"line":52,"column":23}},"35":{"start":{"line":54,"column":12},"end":{"line":54,"column":46}},"36":{"start":{"line":55,"column":12},"end":{"line":55,"column":19}},"37":{"start":{"line":57,"column":8},"end":{"line":57,"column":31}},"38":{"start":{"line":58,"column":8},"end":{"line":58,"column":17}},"39":{"start":{"line":59,"column":8},"end":{"line":59,"column":15}},"40":{"start":{"line":61,"column":4},"end":{"line":84,"column":7}},"41":{"start":{"line":68,"column":8},"end":{"line":72,"column":9}},"42":{"start":{"line":70,"column":12},"end":{"line":70,"column":21}},"43":{"start":{"line":71,"column":12},"end":{"line":71,"column":19}},"44":{"start":{"line":73,"column":8},"end":{"line":73,"column":34}},"45":{"start":{"line":74,"column":8},"end":{"line":83,"column":9}},"46":{"start":{"line":76,"column":12},"end":{"line":76,"column":40}},"47":{"start":{"line":77,"column":12},"end":{"line":77,"column":19}},"48":{"start":{"line":81,"column":12},"end":{"line":81,"column":47}},"49":{"start":{"line":82,"column":12},"end":{"line":82,"column":19}},"50":{"start":{"line":86,"column":0},"end":{"line":93,"column":1}},"51":{"start":{"line":88,"column":4},"end":{"line":88,"column":15}},"52":{"start":{"line":90,"column":4},"end":{"line":91,"column":65}},"53":{"start":{"line":91,"column":8},"end":{"line":91,"column":65}},"54":{"start":{"line":92,"column":4},"end":{"line":92,"column":15}},"55":{"start":{"line":94,"column":0},"end":{"line":101,"column":1}},"56":{"start":{"line":96,"column":4},"end":{"line":96,"column":25}},"57":{"start":{"line":97,"column":4},"end":{"line":97,"column":86}},"58":{"start":{"line":98,"column":4},"end":{"line":99,"column":46}},"59":{"start":{"line":99,"column":8},"end":{"line":99,"column":46}},"60":{"start":{"line":100,"column":4},"end":{"line":100,"column":53}},"61":{"start":{"line":103,"column":0},"end":{"line":114,"column":1}},"62":{"start":{"line":105,"column":4},"end":{"line":105,"column":38}},"63":{"start":{"line":106,"column":4},"end":{"line":106,"column":31}},"64":{"start":{"line":107,"column":4},"end":{"line":107,"column":31}},"65":{"start":{"line":109,"column":4},"end":{"line":109,"column":16}},"66":{"start":{"line":110,"column":4},"end":{"line":110,"column":16}},"67":{"start":{"line":111,"column":4},"end":{"line":112,"column":20}},"68":{"start":{"line":112,"column":8},"end":{"line":112,"column":20}},"69":{"start":{"line":113,"column":4},"end":{"line":113,"column":69}},"70":{"start":{"line":116,"column":0},"end":{"line":119,"column":1}},"71":{"start":{"line":117,"column":2},"end":{"line":118,"column":58}},"72":{"start":{"line":121,"column":0},"end":{"line":129,"column":1}},"73":{"start":{"line":123,"column":4},"end":{"line":124,"column":20}},"74":{"start":{"line":124,"column":8},"end":{"line":124,"column":20}},"75":{"start":{"line":125,"column":4},"end":{"line":127,"column":24}},"76":{"start":{"line":126,"column":8},"end":{"line":127,"column":24}},"77":{"start":{"line":127,"column":12},"end":{"line":127,"column":24}},"78":{"start":{"line":128,"column":4},"end":{"line":128,"column":17}},"79":{"start":{"line":131,"column":0},"end":{"line":171,"column":1}},"80":{"start":{"line":132,"column":1},"end":{"line":132,"column":28}},"81":{"start":{"line":134,"column":4},"end":{"line":134,"column":42}},"82":{"start":{"line":136,"column":4},"end":{"line":145,"column":5}},"83":{"start":{"line":137,"column":8},"end":{"line":142,"column":9}},"84":{"start":{"line":138,"column":12},"end":{"line":138,"column":90}},"85":{"start":{"line":139,"column":12},"end":{"line":139,"column":19}},"86":{"start":{"line":141,"column":12},"end":{"line":141,"column":46}},"87":{"start":{"line":144,"column":8},"end":{"line":144,"column":77}},"88":{"start":{"line":147,"column":4},"end":{"line":147,"column":27}},"89":{"start":{"line":149,"column":4},"end":{"line":170,"column":7}},"90":{"start":{"line":150,"column":5},"end":{"line":154,"column":6}},"91":{"start":{"line":151,"column":6},"end":{"line":151,"column":72}},"92":{"start":{"line":153,"column":6},"end":{"line":153,"column":99}},"93":{"start":{"line":156,"column":2},"end":{"line":156,"column":34}},"94":{"start":{"line":157,"column":2},"end":{"line":157,"column":40}},"95":{"start":{"line":159,"column":2},"end":{"line":159,"column":32}},"96":{"start":{"line":161,"column":2},"end":{"line":169,"column":5}},"97":{"start":{"line":167,"column":3},"end":{"line":167,"column":30}},"98":{"start":{"line":168,"column":6},"end":{"line":168,"column":80}},"99":{"start":{"line":173,"column":0},"end":{"line":179,"column":1}},"100":{"start":{"line":175,"column":4},"end":{"line":177,"column":24}},"101":{"start":{"line":176,"column":8},"end":{"line":177,"column":24}},"102":{"start":{"line":177,"column":12},"end":{"line":177,"column":24}},"103":{"start":{"line":178,"column":4},"end":{"line":178,"column":17}},"104":{"start":{"line":180,"column":0},"end":{"line":243,"column":1}},"105":{"start":{"line":182,"column":4},"end":{"line":182,"column":23}},"106":{"start":{"line":183,"column":4},"end":{"line":192,"column":5}},"107":{"start":{"line":186,"column":8},"end":{"line":186,"column":81}},"108":{"start":{"line":187,"column":8},"end":{"line":187,"column":15}},"109":{"start":{"line":191,"column":8},"end":{"line":191,"column":41}},"110":{"start":{"line":194,"column":4},"end":{"line":194,"column":31}},"111":{"start":{"line":195,"column":4},"end":{"line":242,"column":7}},"112":{"start":{"line":198,"column":8},"end":{"line":198,"column":39}},"113":{"start":{"line":201,"column":8},"end":{"line":241,"column":11}},"114":{"start":{"line":203,"column":12},"end":{"line":203,"column":77}},"115":{"start":{"line":206,"column":12},"end":{"line":240,"column":15}},"116":{"start":{"line":212,"column":16},"end":{"line":217,"column":17}},"117":{"start":{"line":214,"column":20},"end":{"line":215,"column":74}},"118":{"start":{"line":216,"column":20},"end":{"line":216,"column":27}},"119":{"start":{"line":218,"column":16},"end":{"line":229,"column":17}},"120":{"start":{"line":220,"column":20},"end":{"line":220,"column":36}},"121":{"start":{"line":221,"column":20},"end":{"line":221,"column":44}},"122":{"start":{"line":222,"column":20},"end":{"line":228,"column":23}},"123":{"start":{"line":231,"column":13},"end":{"line":231,"column":55}},"124":{"start":{"line":232,"column":13},"end":{"line":239,"column":7}},"125":{"start":{"line":238,"column":5},"end":{"line":238,"column":58}},"126":{"start":{"line":245,"column":0},"end":{"line":253,"column":1}},"127":{"start":{"line":247,"column":4},"end":{"line":249,"column":24}},"128":{"start":{"line":248,"column":8},"end":{"line":249,"column":24}},"129":{"start":{"line":249,"column":12},"end":{"line":249,"column":24}},"130":{"start":{"line":250,"column":4},"end":{"line":251,"column":20}},"131":{"start":{"line":251,"column":8},"end":{"line":251,"column":20}},"132":{"start":{"line":252,"column":4},"end":{"line":252,"column":17}},"133":{"start":{"line":254,"column":0},"end":{"line":270,"column":1}},"134":{"start":{"line":256,"column":4},"end":{"line":256,"column":15}},"135":{"start":{"line":258,"column":4},"end":{"line":265,"column":55}},"136":{"start":{"line":261,"column":8},"end":{"line":261,"column":46}},"137":{"start":{"line":262,"column":8},"end":{"line":262,"column":61}},"138":{"start":{"line":265,"column":8},"end":{"line":265,"column":55}},"139":{"start":{"line":266,"column":4},"end":{"line":266,"column":81}},"140":{"start":{"line":267,"column":4},"end":{"line":267,"column":56}},"141":{"start":{"line":269,"column":4},"end":{"line":269,"column":15}},"142":{"start":{"line":271,"column":0},"end":{"line":331,"column":1}},"143":{"start":{"line":273,"column":4},"end":{"line":273,"column":15}},"144":{"start":{"line":275,"column":4},"end":{"line":275,"column":31}},"145":{"start":{"line":276,"column":4},"end":{"line":330,"column":7}},"146":{"start":{"line":279,"column":8},"end":{"line":279,"column":39}},"147":{"start":{"line":282,"column":8},"end":{"line":329,"column":11}},"148":{"start":{"line":288,"column":12},"end":{"line":292,"column":13}},"149":{"start":{"line":290,"column":16},"end":{"line":290,"column":83}},"150":{"start":{"line":291,"column":16},"end":{"line":291,"column":23}},"151":{"start":{"line":293,"column":12},"end":{"line":293,"column":27}},"152":{"start":{"line":294,"column":12},"end":{"line":294,"column":26}},"153":{"start":{"line":295,"column":12},"end":{"line":295,"column":31}},"154":{"start":{"line":296,"column":12},"end":{"line":299,"column":13}},"155":{"start":{"line":298,"column":16},"end":{"line":298,"column":53}},"156":{"start":{"line":300,"column":12},"end":{"line":328,"column":15}},"157":{"start":{"line":305,"column":16},"end":{"line":309,"column":17}},"158":{"start":{"line":307,"column":20},"end":{"line":307,"column":81}},"159":{"start":{"line":308,"column":20},"end":{"line":308,"column":27}},"160":{"start":{"line":311,"column":16},"end":{"line":314,"column":17}},"161":{"start":{"line":313,"column":20},"end":{"line":313,"column":50}},"162":{"start":{"line":316,"column":16},"end":{"line":316,"column":27}},"163":{"start":{"line":317,"column":16},"end":{"line":317,"column":26}},"164":{"start":{"line":318,"column":16},"end":{"line":318,"column":60}},"165":{"start":{"line":319,"column":16},"end":{"line":320,"column":49}},"166":{"start":{"line":322,"column":16},"end":{"line":322,"column":41}},"167":{"start":{"line":323,"column":16},"end":{"line":326,"column":17}},"168":{"start":{"line":325,"column":20},"end":{"line":325,"column":95}},"169":{"start":{"line":327,"column":16},"end":{"line":327,"column":72}}},"branchMap":{"1":{"line":31,"type":"if","locations":[{"start":{"line":31,"column":8},"end":{"line":31,"column":8}},{"start":{"line":31,"column":8},"end":{"line":31,"column":8}}]},"2":{"line":31,"type":"binary-expr","locations":[{"start":{"line":31,"column":12},"end":{"line":31,"column":15}},{"start":{"line":31,"column":19},"end":{"line":31,"column":33}}]},"3":{"line":45,"type":"if","locations":[{"start":{"line":45,"column":4},"end":{"line":45,"column":4}},{"start":{"line":45,"column":4},"end":{"line":45,"column":4}}]},"4":{"line":47,"type":"if","locations":[{"start":{"line":47,"column":8},"end":{"line":47,"column":8}},{"start":{"line":47,"column":8},"end":{"line":47,"column":8}}]},"5":{"line":49,"type":"if","locations":[{"start":{"line":49,"column":12},"end":{"line":49,"column":12}},{"start":{"line":49,"column":12},"end":{"line":49,"column":12}}]},"6":{"line":68,"type":"if","locations":[{"start":{"line":68,"column":8},"end":{"line":68,"column":8}},{"start":{"line":68,"column":8},"end":{"line":68,"column":8}}]},"7":{"line":68,"type":"binary-expr","locations":[{"start":{"line":68,"column":12},"end":{"line":68,"column":15}},{"start":{"line":68,"column":19},"end":{"line":68,"column":33}}]},"8":{"line":74,"type":"if","locations":[{"start":{"line":74,"column":8},"end":{"line":74,"column":8}},{"start":{"line":74,"column":8},"end":{"line":74,"column":8}}]},"9":{"line":98,"type":"if","locations":[{"start":{"line":98,"column":4},"end":{"line":98,"column":4}},{"start":{"line":98,"column":4},"end":{"line":98,"column":4}}]},"10":{"line":111,"type":"if","locations":[{"start":{"line":111,"column":4},"end":{"line":111,"column":4}},{"start":{"line":111,"column":4},"end":{"line":111,"column":4}}]},"11":{"line":113,"type":"cond-expr","locations":[{"start":{"line":113,"column":18},"end":{"line":113,"column":26}},{"start":{"line":113,"column":27},"end":{"line":113,"column":29}}]},"12":{"line":113,"type":"cond-expr","locations":[{"start":{"line":113,"column":38},"end":{"line":113,"column":45}},{"start":{"line":113,"column":46},"end":{"line":113,"column":48}}]},"13":{"line":113,"type":"cond-expr","locations":[{"start":{"line":113,"column":57},"end":{"line":113,"column":64}},{"start":{"line":113,"column":65},"end":{"line":113,"column":67}}]},"14":{"line":123,"type":"if","locations":[{"start":{"line":123,"column":4},"end":{"line":123,"column":4}},{"start":{"line":123,"column":4},"end":{"line":123,"column":4}}]},"15":{"line":125,"type":"if","locations":[{"start":{"line":125,"column":4},"end":{"line":125,"column":4}},{"start":{"line":125,"column":4},"end":{"line":125,"column":4}}]},"16":{"line":126,"type":"if","locations":[{"start":{"line":126,"column":8},"end":{"line":126,"column":8}},{"start":{"line":126,"column":8},"end":{"line":126,"column":8}}]},"17":{"line":126,"type":"binary-expr","locations":[{"start":{"line":126,"column":12},"end":{"line":126,"column":33}},{"start":{"line":126,"column":37},
[...]
,"end":{"line":24,"column":27}},"13":{"start":{"line":25,"column":12},"end":{"line":25,"column":19}},"14":{"start":{"line":27,"column":8},"end":{"line":27,"column":33}},"15":{"start":{"line":31,"column":0},"end":{"line":31,"column":24}}},"branchMap":{"1":{"line":11,"type":"if","locations":[{"start":{"line":11,"column":4},"end":{"line":11,"column":4}},{"start":{"line":11,"column":4},"end":{"line":11,"column":4}}]},"2":{"line":22,"type":"if","locations":[{"start":{"line":22,"column":8},"end":{"line":22,"column":8}},{"start":{"line":22,"column":8},"end":{"line":22,"column":8}}]},"3":{"line":22,"type":"binary-expr","locations":[{"start":{"line":22,"column":12},"end":{"line":22,"column":15}},{"start":{"line":22,"column":19},"end":{"line":22,"column":33}}]}}},"/home/nico/zjzs_3.0/configure.js":{"path":"/home/nico/zjzs_3.0/configure.js","s":{"1":2},"b":{},"f":{},"fnMap":{},"statementMap":{"1":{"start":{"line":1,"column":0},"end":{"line":1,"column":92}}},"branchMap":{}},"/home/nico/zjzs_3.0/models/sweeper.js":{"path":"/home/nico/zjzs_3.0/models/sweeper.js","s":{"1":1,"2":1,"3":1,"4":1,"5":1,"6":1,"7":0,"8":0,"9":0,"10":0,"11":0,"12":0,"13":0,"14":0,"15":0,"16":0,"17":0,"18":0,"19":0,"20":0,"21":0,"22":0,"23":0,"24":0,"25":0,"26":0,"27":0,"28":0,"29":0,"30":1,"31":1,"32":1,"33":1,"34":1,"35":1,"36":0,"37":0,"38":0,"39":0,"40":0,"41":0,"42":1},"b":{"1":[0,0],"2":[0,0],"3":[0,0],"4":[0,0],"5":[0,0],"6":[0,0],"7":[1,0],"8":[1,1],"9":[0,0]},"f":{"1":0,"2":0,"3":0,"4":0,"5":0,"6":0,"7":0,"8":1,"9":1,"10":0},"fnMap":{"1":{"name":"wipeActivity","line":8,"loc":{"start":{"line":8,"column":0},"end":{"line":9,"column":0}}},"2":{"name":"(anonymous_2)","line":14,"loc":{"start":{"line":14,"column":20},"end":{"line":15,"column":4}}},"3":{"name":"(anonymous_3)","line":20,"loc":{"start":{"line":20,"column":11},"end":{"line":20,"column":30}}},"4":{"name":"(anonymous_4)","line":29,"loc":{"start":{"line":29,"column":58},"end":{"line":30,"column":20}}},"5":{"name":"(anonymous_5)","line":48,"loc":{"start":{"line":48,"column":11},"end":{"line":48,"column":30}}},"6":{"name":"(anonymous_6)","line":57,"loc":{"start":{"line":57,"column":58},"end":{"line":58,"column":20}}},"7":{"name":"(anonymous_7)","line":78,"loc":{"start":{"line":78,"column":23},"end":{"line":79,"column":8}}},"8":{"name":"genericWiper","line":86,"loc":{"start":{"line":86,"column":0},"end":{"line":87,"column":0}}},"9":{"name":"(anonymous_9)","line":93,"loc":{"start":{"line":93,"column":6},"end":{"line":94,"column":4}}},"10":{"name":"(anonymous_10)","line":103,"loc":{"start":{"line":103,"column":37},"end":{"line":104,"column":12}}}},"statementMap":{"1":{"start":{"line":1,"column":0},"end":{"line":1,"column":40}},"2":{"start":{"line":3,"column":0},"end":{"line":3,"column":30}},"3":{"start":{"line":4,"column":0},"end":{"line":4,"column":35}},"4":{"start":{"line":5,"column":0},"end":{"line":5,"column":29}},"5":{"start":{"line":6,"column":0},"end":{"line":6,"column":18}},"6":{"start":{"line":8,"column":0},"end":{"line":84,"column":1}},"7":{"start":{"line":11,"column":4},"end":{"line":83,"column":7}},"8":{"start":{"line":16,"column":8},"end":{"line":44,"column":10}},"9":{"start":{"line":21,"column":12},"end":{"line":43,"column":13}},"10":{"start":{"line":26,"column":16},"end":{"line":26,"column":40}},"11":{"start":{"line":27,"column":16},"end":{"line":42,"column":17}},"12":{"start":{"line":28,"column":20},"end":{"line":28,"column":38}},"13":{"start":{"line":29,"column":20},"end":{"line":41,"column":22}},"14":{"start":{"line":31,"column":24},"end":{"line":40,"column":25}},"15":{"start":{"line":36,"column":28},"end":{"line":36,"column":115}},"16":{"start":{"line":37,"column":28},"end":{"line":39,"column":29}},"17":{"start":{"line":38,"column":32},"end":{"line":38,"column":102}},"18":{"start":{"line":45,"column":8},"end":{"line":70,"column":10}},"19":{"start":{"line":49,"column":12},"end":{"line":69,"column":13}},"20":{"start":{"line":54,"column":16},"end":{"line":54,"column":40}},"21":{"start":{"line":55,"column":16},"end":{"line":68,"column":17}},"22":{"start":{"line":56,"column":20},"end":{"line":56,"column":38}},"23":{"start":{"line":57,"column":20},"end":{"line":67,"column":22}},"24":{"start":{"line":59,"column":24},"end":{"line":66,"column":25}},"25":{"start":{"line":64,"column":28},"end":{"line":65,"column":117}},"26":{"start":{"line":65,"column":32},"end":{"line":65,"column":117}},"27":{"start":{"line":71,"column":8},"end":{"line":82,"column":11}},"28":{"start":{"line":80,"column":12},"end":{"line":80,"column":72}},"29":{"start":{"line":81,"column":12},"end":{"line":81,"column":23}},"30":{"start":{"line":86,"column":0},"end":{"line":111,"column":1}},"31":{"start":{"line":88,"column":4},"end":{"line":88,"column":39}},"32":{"start":{"line":89,"column":4},"end":{"line":110,"column":7}},"33":{"start":{"line":95,"column":8},"end":{"line":99,"column":9}},"34":{"start":{"line":97,"column":12},"end":{"line":97,"column":23}},"35":{"start":{"line":98,"column":12},"end":{"line":98,"column":19}},"36":{"start":{"line":100,"column":8},"end":{"line":100,"column":16}},"37":{"start":{"line":101,"column":8},"end":{"line":109,"column":9}},"38":{"start":{"line":103,"column":12},"end":{"line":108,"column":15}},"39":{"start":{"line":105,"column":16},"end":{"line":105,"column":20}},"40":{"start":{"line":106,"column":16},"end":{"line":107,"column":31}},"41":{"start":{"line":107,"column":20},"end":{"line":107,"column":31}},"42":{"start":{"line":113,"column":0},"end":{"line":113,"column":30}}},"branchMap":{"1":{"line":21,"type":"if","locations":[{"start":{"line":21,"column":12},"end":{"line":21,"column":12}},{"start":{"line":21,"column":12},"end":{"line":21,"column":12}}]},"2":{"line":31,"type":"if","locations":[{"start":{"line":31,"column":24},"end":{"line":31,"column":24}},{"start":{"line":31,"column":24},"end":{"line":31,"column":24}}]},"3":{"line":37,"type":"if","locations":[{"start":{"line":37,"column":28},"end":{"line":37,"column":28}},{"start":{"line":37,"column":28},"end":{"line":37,"column":28}}]},"4":{"line":49,"type":"if","locations":[{"start":{"line":49,"column":12},"end":{"line":49,"column":12}},{"start":{"line":49,"column":12},"end":{"line":49,"column":12}}]},"5":{"line":59,"type":"if","locations":[{"start":{"line":59,"column":24},"end":{"line":59,"column":24}},{"start":{"line":59,"column":24},"end":{"line":59,"column":24}}]},"6":{"line":64,"type":"if","locations":[{"start":{"line":64,"column":28},"end":{"line":64,"column":28}},{"start":{"line":64,"column":28},"end":{"line":64,"column":28}}]},"7":{"line":95,"type":"if","locations":[{"start":{"line":95,"column":8},"end":{"line":95,"column":8}},{"start":{"line":95,"column":8},"end":{"line":95,"column":8}}]},"8":{"line":95,"type":"binary-expr","locations":[{"start":{"line":95,"column":12},"end":{"line":95,"column":15}},{"start":{"line":95,"column":19},"end":{"line":95,"column":33}}]},"9":{"line":106,"type":"if","locations":[{"start":{"line":106,"column":16},"end":{"line":106,"column":16}},{"start":{"line":106,"column":16},"end":{"line":106,"column":16}}]}}},"/home/nico/zjzs_3.0/weixin_handler/request_handler.js":{"path":"/home/nico/zjzs_3.0/weixin_handler/request_handler.js","s":{"1":1,"2":1,"3":1,"4":1,"5":1,"6":1,"7":1,"8":1,"9":1,"10":1,"11":1,"12":1,"13":1,"14":1,"15":1,"16":1,"17":1,"18":5,"19":5,"20":65,"21":5,"22":1,"23":5,"24":5,"25":5,"26":5,"27":5,"28":1,"29":1,"30":32,"31":32,"32":20,"33":20,"34":10,"35":10,"36":10,"37":10,"38":10,"39":12,"40":12,"41":12,"42":12,"43":12,"44":12,"45":12,"46":12,"47":12,"48":12,"49":12,"50":0,"51":0,"52":12,"53":10,"54":10,"55":12,"56":12,"57":0,"58":0,"59":0,"60":0,"61":12,"62":12,"63":12,"64":1,"65":12,"66":12,"67":12,"68":0,"69":0,"70":12,"71":1,"72":1,"73":1,"74":1,"75":11,"76":2,"77":2,"78":2,"79":2,"80":9,"81":9,"82":0,"83":0,"84":9,"85":7,"86":5,"87":5,"88":5,"89":5,"90":5,"91":5,"92":5,"93":5,"94":0,"95":5,"96":5,"97":5,"98":2,"99":2,"100":2,"101":2,"102":2,"103":1,"104":2},"b":{"1":[5,0],"2":[20,12],"3":[10,10],"4":[20,20],"5":[0,12],"6":[12,12],"7":[10,2],"8":[0,12],"9":[0,12],"10":[1,11],"11":[1,0],"12":[2,9],"13":[2,0],"14":[0,9],"15":[7,2],"16":[5,2],"17":[0,5],"18":[2,0],"19":[1,1]},"f":{"1":5,"2":5,"3":32,"4":20,"5":12,"6":12,"7":12,"8":12,"9":9,"10":5,"11":5},"fnMap":{"1":{"name":"getRandomString","line":26,"loc":{"start":{"line":26,"column":0},"end":{"line":27,"column":0}}},"2":{"name":"generateUniqueCode","line":35,"loc":{"start":{"line":35,"column":0},"end":{"line":36,"column":0}}},"3":{"name":"handleSingleActivity","line":51,"loc":{"start":{"line":51,"column":0},"end":{"line":51,"column":46}}},"4":{"name":"(anonymous_4)","line":54,"loc":{"start":{"line":54,"column":50},"end":{"line":54,"column":70}}},"5":{"name":"(anonymous_5)","line":75,"loc":{"start":{"line":75,"column":41},"end":{"line":75,"column":62}}},"6":{"name":"(anonymous_6)","line":94,"loc":{"start":{"line":94,"column":79},"end":{"line":94,"column":100}}},"7":{"name":"distributeTicket","line":108,"loc":{"start":{"line":108,"column":0},"end":{"line":108,"column":86}}},"8":{"name":"(anonymous_8)","line":110,"loc":{"start":{"line":110,"column":51},"end":{"line":110,"column":72}}},"9":{"name":"(anonymous_9)","line":129,"loc":{"start":{"line":129,"column":91},"end":{"line":129,"column":112}}},"10":{"name":"(anonymous_10)","line":136,"loc":{"start":{"line":136,"column":108},"end":{"line":136,"column":131}}},"11":{"name":"(anonymous_11)","line":154,"loc":{"start":{"line":154,"column":25},"end":{"line":154,"column":49}}}},"statementMap":{"1":{"start":{"line":1,"column":0},"end":{"line":1,"column":49}},"2":{"start":{"line":2,"column":0},"end":{"line":2,"column":58}},"3":{"start":{"line":3,"column":0},"end":{"line":3,"column":40}},"4":{"start":{"line":4,"column":0},"end":{"line":4,"column":64}},"5":{"start":{"line":6,"column":0},"end":{"line":6,"column":32}},"6":{"start":{"line":7,"column":0},"end":{"line":7,"column":30}},"7":{"start":{"line":8,"column":0},"end":{"line":8,"column":29}},"8":{"start":{"line":9,"column":0},"end":{"line":9,"column":35}},"9":{"start":{"line":10,"column":0},"end":{"line":10,"column":26}},"10":{"start":{"line":11,"column":0},"end":{"line":11,"column":18}},"11":{"start":{"line":14,"column":0},"end":{"line":14,"column":80}},"12":{"start":{"line":16,"column":0},"end":{"line":16,"column":19}},"13":{"start":{"line":17,"column":0},"end":{"line":17,"column":26}},"14":{"start":{"line":19,"column":0},"end":{"line":19,"column":18}},"15":{"start":{"line":21,"column":0},"end":{"line":21,"column":36}},"16":{"start":{"line":22,"column":0},"end":{"line":22,"column":11}},"17":{"start":{"line":26,"column":0},"end":{"line":33,"column":1}},"18":{"start":{"line":28,"column":4},"end":{"line":28,"column":15}},"19":{"start":{"line":30,"column":4},"end":{"line":31,"column":65}},"20":{"start":{"line":31,"column":8},"end":{"line":31,"column":65}},"21":{"start":{"line":32,"column":4},"end":{"line":32,"column":15}},"22":{"start":{"line":35,"column":0},"end":{"line":47,"column":1}},"23":{"start":{"line":37,"column":4},"end":{"line":46,"column":5}},"24":{"start":{"line":39,"column":8},"end":{"line":39,"column":50}},"25":{"start":{"line":41,"column":8},"end":{"line":45,"column":9}},"26":{"start":{"line":43,"column":12},"end":{"line":43,"column":54}},"27":{"start":{"line":44,"column":12},"end":{"line":44,"column":28}},"28":{"start":{"line":49,"column":0},"end":{"line":49,"column":52}},"29":{"start":{"line":51,"column":0},"end":{"line":99,"column":1}},"30":{"start":{"line":52,"column":1},"end":{"line":52,"column":13}},"31":{"start":{"line":53,"column":4},"end":{"line":98,"column":5}},"32":{"start":{"line":54,"column":8},"end":{"line":63,"column":11}},"33":{"start":{"line":55,"column":12},"end":{"line":60,"column":13}},"34":{"start":{"line":56,"column":16},"end":{"line":56,"column":31}},"35":{"start":{"line":57,"column":16},"end":{"line":57,"column":48}},"36":{"start":{"line":59,"column":16},"end":{"line":59,"column":26}},"37":{"start":{"line":61,"column":12},"end":{"line":61,"column":29}},"38":{"start":{"line":62,"column":12},"end":{"line":62,"column":49}},"39":{"start":{"line":65,"column":8},"end":{"line":65,"column":48}},"40":{"start":{"line":66,"column":8},"end":{"line":66,"column":27}},"41":{"start":{"line":67,"column":1},"end":{"line":67,"column":38}},"42":{"start":{"line":69,"column":8},"end":{"line":69,"column":31}},"43":{"start":{"line":70,"column":8},"end":{"line":70,"column":30}},"44":{"start":{"line":71,"column":8},"end":{"line":71,"column":30}},"45":{"start":{"line":72,"column":8},"end":{"line":72,"column":29}},"46":{"start":{"line":73,"column":8},"end":{"line":73,"column":28}},"47":{"start":{"line":74,"column":8},"end":{"line":74,"column":32}},"48":{"start":{"line":75,"column":8},"end":{"line":97,"column":11}},"49":{"start":{"line":76,"column":12},"end":{"line":80,"column":13}},"50":{"start":{"line":78,"column":16},"end":{"line":78,"column":53}},"51":{"start":{"line":79,"column":16},"end":{"line":79,"column":26}},"52":{"start":{"line":81,"column":12},"end":{"line":84,"column":13}},"53":{"start":{"line":82,"column":16},"end":{"line":82,"column":37}},"54":{"start":{"line":83,"column":16},"end":{"line":83,"column":44}},"55":{"start":{"line":85,"column":12},"end":{"line":85,"column":53}},"56":{"start":{"line":86,"column":12},"end":{"line":91,"column":13}},"57":{"start":{"line":87,"column":16},"end":{"line":87,"column":36}},"58":{"start":{"line":88,"column":16},"end":{"line":88,"column":91}},"59":{"start":{"line":89,"column":16},"end":{"line":89,"column":53}},"60":{"start":{"line":90,"column":16},"end":{"line":90,"column":23}},"61":{"start":{"line":93,"column":12},"end":{"line":93,"column":39}},"62":{"start":{"line":94,"column":12},"end":{"line":96,"column":15}},"63":{"start":{"line":95,"column":16},"end":{"line":95,"column":49}},"64":{"start":{"line":108,"column":0},"end":{"line":179,"column":1}},"65":{"start":{"line":109,"column":4},"end":{"line":109,"column":29}},"66":{"start":{"line":110,"column":4},"end":{"line":178,"column":7}},"67":{"start":{"line":111,"column":8},"end":{"line":177,"column":9}},"68":{"start":{"line":112,"column":12},"end":{"line":112,"column":65}},"69":{"start":{"line":113,"column":12},"end":{"line":113,"column":37}},"70":{"start":{"line":114,"column":14},"end":{"line":177,"column":9}},"71":{"start":{"line":115,"column":12},"end":{"line":119,"column":13}},"72":{"start":{"line":117,"column":16},"end":{"line":117,"column":54}},"73":{"start":{"line":118,"column":16},"end":{"line":118,"column":69}},"74":{"start":{"line":120,"column":12},"end":{"line":120,"column":37}},"75":{"start":{"line":121,"column":14},"end":{"line":177,"column":9}},"76":{"start":{"line":122,"column":12},"end":{"line":126,"column":13}},"77":{"start":{"line":124,"column":16},"end":{"line":124,"column":54}},"78":{"start":{"line":125,"column":16},"end":{"line":125,"column":84}},"79":{"start":{"line":127,"column":12},"end":{"line":127,"column":37}},"80":{"start":{"line":129,"column":12},"end":{"line":176,"column":15}},"81":{"start":{"line":130,"column":16},"end":{"line":175,"column":17}},"82":{"start":{"line":131,"column":20},"end":{"line":131,"column":73}},"83":{"start":{"line":132,"column":20},"end":{"line":132,"column":45}},"84":{"start":{"line":133,"column":22},"end":{"line":175,"column":17}},"85":{"start":{"line":134,"column":14},"end":{"line":168,"column":15}},"86":{"start":{"line":135,"column":24},"end":{"line":135,"column":41}},"87":{"start":{"line":136,"column":24},"end":{"line":158,"column":27}},"88":{"start":{"line":137,"column":28},"end":{"line":137,"column":66}},"89":{"start":{"line":138,"column":22},"end":{"line":138,"column":50}},"90":{"start":{"line":139,"column":22},"end":{"line":139,"column":56}},"91":{"start":{"line":140,"column":22},"end":{"line":140,"column":98}},"92":{"start":{"line":141,"column":22},"end":{"line":141,"column":36}},"93":{"start":{"line":142,"column":22},"end":{"line":144,"column":23}},"94":{"start":{"line":143,"column":26},"end":{"line":143,"column":60}},"95":{"start":{"line":146,"column":22},"end":{"line":157,"column":19}},"96":{"start":{"line":155,"column":17},"end":{"line":155,"column":75}},"97":{"start":{"line":156,"column":17},"end":{"line":156,"column":42}},"98":{"start":{"line":162,"column":24},"end":{"line":166,"column":25}},"99":{"start":{"line":164,"column":28},"end":{"line":164,"column":66}},"100":{"start":{"line":165,"column":16},"end":{"line":165,"column":69}},"101":{"start":{"line":167,"column":24},"end":{"line":167,"column":49}},"102":{"start":{"line":170,"column":20},"end":{"line":173,"column":21}},"103":{"start":{"line":172,"column":24},"end":{"line":172,"column":77}},"104":{"start":{"line":174,"column":20},"end":{"line":174,"column":45}}},"branchMap":{"1":{"line":41,"type":"if","locations":[{"start":{"line":41,"column":8},"end":{"line":41,"column":8}},{"start":{"line":41,"column":8},"end":{"line":41,"column":8}}]},"2":{"line":53,"type":"if","locations":[{"start":{"line":53,"column":4},"end":{"line":53,"column":4}},{"start":{"line":53,"column":4},"end":{"line":53,"column":4}}]},"3":{"line":55,"type":"if","locations":[{"start":{"line":55,"column":12},"end":{"line":55,"column":12}},{"start":{"line":55,"column":12},"end":{"line":55,"column":12}}]},"4":{"line":55,"type":"binary-expr","locations":[{"start":{"line":55,"column":16},"end":{"line":55,"column":19}},{"start":{"line":55,"column":23},"end":{"line":55,"column":39}}]},"5":{"line":76,"type":"if","locations":[{"start":{"line":76,"column":12},"end":{"line":76,"column":12}},{"start":{"line":76,"column":12},"end":{"line":76,"column":12}}]},"6":{"line":76,"type":"binary-expr","locations":[{"start":{"line":76,"column":16},"end":{"line":76,"column":20}},{"start":{"line":76,"column":24},"end":{"line":76,"column":40}}]},"7":{"line":81,"type":"if","locations":[{"start":{"line":81,"column":12},"end":{"line":81,"column":12}},{"start":{"line":81,"column":12},"end":{"line":81,"column":12}}]},"8":{"line":86,"type":"if","locations":[{"start":{"line":86,"column":12},"end":{"line":86,"column":12}},{"start":{"line":86,"column":12},"end":{"line":86,"column":12}}]},"9":{"line":111,"type":"if","locations":[{"start":{"line":111,"column":8},"end":{"line":111,"column":8}},{"start":{"line":111,"column":8},"end":{"line":111,"column":8}}]},"10":{"line":114,"type":"if","locations":[{"start":{"line":114,"column":14},"end":{"line":114,"column":14}},{"start":{"line":114,"column":14},"end":{"line":114,"column":14}}]},"11":{"line":115,"type":"if","locations":[{"start":{"line":115,"column":12},"end":{"line":115,"column":12}},{"start":{"line":115,"column":12},"end":{"line":115,"column":12}}]},"12":{"line":121,"type":"if","locations":[{"start":{"line":121,"column":14},"end":{"line":121,"column":14}},{"start":{"line":121,"column":14},"end":{"line":121,"column":14}}]},"13":{"line":122,"type":"if","locations":[{"start":{"line":122,"column":12},"end":{"line":122,"column":12}},{"start":{"line":122,"column":12},"end":{"line":122,"column":12}}]},"14":{"line":130,"type":"if","locations":[{"start":{"line":130,"column":16},"end":{"line":130,"column":16}},{"start":{"line":130,"column":16},"end":{"line":130,"column":16}}]},"15":{"line":133,"type":"if","locations":[{"start":{"line":133,"column":22},"end":{"line":133,"column":22}},{"start":{"line":133,"column":22},"end":{"line":133,"column":22}}]},"16":{"line":134,"type":"if","locations":[{"start":{"line":134,"column":14},"end":{"line":134,"column":14}},{"start":{"line":134,"column":14},"end":{"line":134,"column":14}}]},"17":{"line":142,"type":"if","locations":[{"start":{"line":142,"column":22},"end":{"line":142,"column":22}},{"start":{"line":142,"column":22},"end":{"line":142,"column":22}}]},"18":{"line":162,"type":"if","locations":[{"start":{"line":162,"column":24},"end":{"line":162,"column":24}},{"start":{"line":162,"column":24},"end":{"line":162,"column":24}}]},"19":{"line":170,"type":"if","locations":[{"start":{"line":170,"column":20},"end":{"line":170,"column":20}},{"start":{"line":170,"column":20},"end":{"line":170,"column":20}}]}}}}