TN:
SF:/home/exbot/zjzs_3.0/app.js
FN:34,(anonymous_1)
FN:39,(anonymous_2)
FN:72,(anonymous_3)
FN:83,(anonymous_4)
FN:89,(anonymous_5)
FN:100,(anonymous_6)
FNF:6
FNH:1
FNDA:0,(anonymous_1)
FNDA:4,(anonymous_2)
FNDA:0,(anonymous_3)
FNDA:0,(anonymous_4)
FNDA:0,(anonymous_5)
FNDA:0,(anonymous_6)
DA:1,2
DA:2,2
DA:3,2
DA:4,2
DA:5,2
DA:6,2
DA:7,2
DA:8,2
DA:10,2
DA:11,2
DA:12,2
DA:13,2
DA:14,2
DA:15,2
DA:16,2
DA:17,2
DA:18,2
DA:19,2
DA:20,2
DA:21,2
DA:22,2
DA:24,2
DA:26,2
DA:28,2
DA:29,2
DA:31,2
DA:33,2
DA:34,0
DA:39,2
DA:41,4
DA:42,4
DA:43,4
DA:47,2
DA:48,2
DA:51,2
DA:52,2
DA:53,2
DA:54,2
DA:55,2
DA:56,2
DA:57,2
DA:59,2
DA:60,2
DA:61,2
DA:62,2
DA:63,2
DA:64,2
DA:65,2
DA:66,2
DA:67,2
DA:68,2
DA:69,2
DA:72,2
DA:73,0
DA:74,0
DA:75,0
DA:83,2
DA:84,0
DA:85,0
DA:88,2
DA:89,0
DA:90,0
DA:91,0
DA:100,2
DA:101,0
DA:102,0
DA:108,2
LF:67
LH:56
BRDA:33,1,0,0
BRDA:33,1,1,2
BRDA:42,2,0,4
BRDA:42,2,1,0
BRDA:88,3,0,0
BRDA:88,3,1,2
BRDA:90,4,0,0
BRDA:90,4,1,0
BRDA:101,5,0,0
BRDA:101,5,1,0
BRF:10
BRH:3
end_of_record
TN:
SF:/home/exbot/zjzs_3.0/routes/index.js
FN:7,(anonymous_1)
FNF:1
FNH:1
FNDA:1,(anonymous_1)
DA:1,2
DA:2,2
DA:4,2
DA:7,2
DA:8,1
DA:11,2
LF:6
LH:6
BRF:0
BRH:0
end_of_record
TN:
SF:/home/exbot/zjzs_3.0/routes/users.js
FN:16,(anonymous_1)
FN:23,(anonymous_2)
FN:25,(anonymous_3)
FN:49,(anonymous_4)
FN:51,(anonymous_5)
FN:64,(anonymous_6)
FN:66,(anonymous_7)
FNF:7
FNH:5
FNDA:21,(anonymous_1)
FNDA:3,(anonymous_2)
FNDA:3,(anonymous_3)
FNDA:17,(anonymous_4)
FNDA:17,(anonymous_5)
FNDA:0,(anonymous_6)
FNDA:0,(anonymous_7)
DA:1,2
DA:2,2
DA:4,2
DA:5,2
DA:6,2
DA:7,2
DA:8,2
DA:9,2
DA:11,2
DA:12,2
DA:16,2
DA:18,21
DA:19,1
DA:21,20
DA:23,2
DA:25,3
DA:27,3
DA:28,3
DA:30,0
DA:31,0
DA:32,0
DA:34,3
DA:36,2
DA:37,2
DA:39,1
DA:41,0
DA:42,0
DA:44,1
DA:45,1
DA:46,1
DA:49,2
DA:51,17
DA:53,17
DA:55,0
DA:56,0
DA:57,0
DA:59,17
DA:62,2
DA:64,2
DA:66,0
DA:68,0
DA:70,0
DA:71,0
DA:72,0
DA:74,0
DA:77,2
DA:79,2
DA:81,2
LF:48
LH:34
BRDA:18,1,0,1
BRDA:18,1,1,20
BRDA:28,2,0,0
BRDA:28,2,1,3
BRDA:28,3,0,3
BRDA:28,3,1,3
BRDA:34,4,0,2
BRDA:34,4,1,1
BRDA:39,5,0,0
BRDA:39,5,1,1
BRDA:53,6,0,0
BRDA:53,6,1,17
BRDA:53,7,0,17
BRDA:53,7,1,17
BRDA:68,8,0,0
BRDA:68,8,1,0
BRDA:68,9,0,0
BRDA:68,9,1,0
BRF:18
BRH:11
end_of_record
TN:
SF:/home/exbot/zjzs_3.0/models/models.js
FN:27,(anonymous_1)
FNF:1
FNH:1
FNDA:10,(anonymous_1)
DA:1,2
DA:2,2
DA:3,2
DA:4,2
DA:5,2
DA:6,2
DA:7,2
DA:8,2
DA:9,2
DA:11,2
DA:12,2
DA:13,2
DA:14,2
DA:15,2
DA:16,2
DA:17,2
DA:18,2
DA:20,2
DA:21,2
DA:22,2
DA:25,2
DA:27,2
DA:29,10
DA:30,10
DA:33,2
DA:34,2
DA:35,2
LF:27
LH:27
BRDA:21,1,0,2
BRDA:21,1,1,0
BRF:2
BRH:1
end_of_record
TN:
SF:/home/exbot/zjzs_3.0/models/lock.js
FN:3,(anonymous_1)
FN:13,(anonymous_2)
FN:26,(anonymous_3)
FNF:3
FNH:2
FNDA:1,(anonymous_1)
FNDA:1,(anonymous_2)
FNDA:0,(anonymous_3)
DA:1,2
DA:3,2
DA:4,1
DA:5,1
DA:6,1
DA:9,0
DA:13,2
DA:14,1
DA:15,1
DA:16,1
DA:19,0
DA:22,0
DA:26,2
DA:27,0
LF:14
LH:10
BRDA:4,1,0,1
BRDA:4,1,1,0
BRDA:14,2,0,1
BRDA:14,2,1,0
BRDA:15,3,0,1
BRDA:15,3,1,0
BRDA:27,4,0,0
BRDA:27,4,1,0
BRF:8
BRH:3
end_of_record
TN:
SF:/home/exbot/zjzs_3.0/address_configure.js
FNF:0
FNH:0
DA:3,2
DA:5,2
DA:6,2
DA:7,2
DA:8,2
DA:9,2
DA:10,2
DA:11,2
DA:12,2
DA:14,2
LF:10
LH:10
BRF:0
BRH:0
end_of_record
TN:
SF:/home/exbot/zjzs_3.0/routes/user_manage.js
FN:31,(anonymous_1)
FNF:1
FNH:1
FNDA:2,(anonymous_1)
DA:1,2
DA:2,2
DA:3,2
DA:5,2
DA:6,2
DA:7,2
DA:8,2
DA:9,2
DA:10,2
DA:11,2
DA:12,2
DA:14,2
DA:15,2
DA:16,2
DA:17,2
DA:18,2
DA:19,2
DA:21,2
DA:22,2
DA:23,2
DA:24,2
DA:25,2
DA:26,2
DA:28,2
DA:29,2
DA:31,2
DA:33,2
DA:36,2
DA:37,2
DA:38,2
DA:39,2
DA:40,2
DA:41,2
DA:42,2
DA:43,2
DA:45,2
LF:36
LH:36
BRF:0
BRH:0
end_of_record
TN:
SF:/home/exbot/zjzs_3.0/routes/checkin.js
FN:12,addZero
FN:18,getTime
FN:30,(anonymous_3)
FN:38,(anonymous_4)
FN:57,checkValid
FN:102,(anonymous_6)
FN:115,(anonymous_7)
FN:136,(anonymous_8)
FN:153,(anonymous_9)
FN:178,(anonymous_10)
FN:206,(anonymous_11)
FNF:11
FNH:11
FNDA:4,addZero
FNDA:2,getTime
FNDA:2,(anonymous_3)
FNDA:1,(anonymous_4)
FNDA:6,checkValid
FNDA:10,(anonymous_6)
FNDA:9,(anonymous_7)
FNDA:3,(anonymous_8)
FNDA:1,(anonymous_9)
FNDA:6,(anonymous_10)
FNDA:3,(anonymous_11)
DA:1,2
DA:2,2
DA:4,2
DA:5,2
DA:6,2
DA:8,2
DA:9,2
DA:10,2
DA:12,1
DA:14,4
DA:15,1
DA:16,3
DA:18,1
DA:20,2
DA:21,2
DA:22,2
DA:23,2
DA:30,2
DA:32,2
DA:34,1
DA:35,1
DA:37,1
DA:38,1
DA:40,1
DA:42,0
DA:43,0
DA:46,1
DA:52,1
DA:53,1
DA:57,1
DA:59,6
DA:60,0
DA:61,6
DA:63,2
DA:69,2
DA:71,4
DA:73,0
DA:79,0
DA:81,4
DA:83,0
DA:89,0
DA:91,4
DA:92,4
DA:94,0
DA:100,0
DA:102,2
DA:104,10
DA:106,1
DA:112,1
DA:114,9
DA:115,9
DA:117,9
DA:119,0
DA:125,0
DA:128,9
DA:129,9
DA:131,3
DA:138,3
DA:140,1
DA:146,1
DA:148,2
DA:150,1
DA:155,1
DA:157,0
DA:163,0
DA:165,1
DA:171,1
DA:176,6
DA:178,6
DA:180,6
DA:182,1
DA:188,1
DA:190,5
DA:192,1
DA:198,1
DA:201,4
DA:203,3
DA:208,3
DA:210,0
DA:216,0
DA:218,3
DA:224,3
DA:231,0
DA:237,0
DA:239,9
DA:243,2
LF:86
LH:69
BRDA:14,1,0,1
BRDA:14,1,1,3
BRDA:20,2,0,2
BRDA:20,2,1,0
BRDA:28,3,0,0
BRDA:28,3,1,2
BRDA:32,4,0,1
BRDA:32,4,1,1
BRDA:40,5,0,0
BRDA:40,5,1,1
BRDA:40,6,0,1
BRDA:40,6,1,1
BRDA:59,7,0,0
BRDA:59,7,1,6
BRDA:61,8,0,2
BRDA:61,8,1,4
BRDA:71,9,0,0
BRDA:71,9,1,4
BRDA:71,10,0,4
BRDA:71,10,1,4
BRDA:81,11,0,0
BRDA:81,11,1,4
BRDA:81,12,0,4
BRDA:81,12,1,4
BRDA:91,13,0,4
BRDA:91,13,1,0
BRDA:104,14,0,1
BRDA:104,14,1,9
BRDA:117,15,0,0
BRDA:117,15,1,9
BRDA:117,16,0,9
BRDA:117,16,1,9
BRDA:129,17,0,3
BRDA:129,17,1,6
BRDA:138,18,0,1
BRDA:138,18,1,2
BRDA:138,19,0,3
BRDA:138,19,1,3
BRDA:148,20,0,1
BRDA:148,20,1,1
BRDA:155,21,0,0
BRDA:155,21,1,1
BRDA:155,22,0,1
BRDA:155,22,1,1
BRDA:176,23,0,6
BRDA:176,23,1,0
BRDA:180,24,0,1
BRDA:180,24,1,5
BRDA:180,25,0,6
BRDA:180,25,1,6
BRDA:190,26,0,1
BRDA:190,26,1,4
BRDA:201,27,0,3
BRDA:201,27,1,1
BRDA:208,28,0,0
BRDA:208,28,1,3
BRDA:208,29,0,3
BRDA:208,29,1,3
BRF:58
BRH:47
end_of_record
TN:
SF:/home/exbot/zjzs_3.0/routes/checkinAll.js
FN:12,addZero
FN:18,getTime
FN:31,(anonymous_3)
FN:37,checkValid
FN:87,(anonymous_5)
FN:92,(anonymous_6)
FN:106,(anonymous_7)
FN:122,(anonymous_8)
FNF:8
FNH:0
FNDA:0,addZero
FNDA:0,getTime
FNDA:0,(anonymous_3)
FNDA:0,checkValid
FNDA:0,(anonymous_5)
FNDA:0,(anonymous_6)
FNDA:0,(anonymous_7)
FNDA:0,(anonymous_8)
DA:1,2
DA:2,2
DA:4,2
DA:5,2
DA:6,2
DA:8,2
DA:9,2
DA:10,2
DA:12,1
DA:14,0
DA:15,0
DA:16,0
DA:18,1
DA:20,0
DA:21,0
DA:22,0
DA:23,0
DA:31,2
DA:33,0
DA:34,0
DA:37,1
DA:39,0
DA:40,0
DA:41,0
DA:43,0
DA:50,0
DA:52,0
DA:54,0
DA:61,0
DA:63,0
DA:65,0
DA:72,0
DA:74,0
DA:75,0
DA:77,0
DA:84,0
DA:87,2
DA:89,0
DA:90,0
DA:92,0
DA:94,0
DA:96,0
DA:103,0
DA:106,0
DA:107,0
DA:109,0
DA:116,0
DA:118,0
DA:119,0
DA:124,0
DA:126,0
DA:133,0
DA:135,0
DA:142,0
DA:150,0
DA:157,0
DA:159,0
DA:162,2
LF:58
LH:14
BRDA:14,1,0,0
BRDA:14,1,1,0
BRDA:20,2,0,0
BRDA:20,2,1,0
BRDA:28,3,0,0
BRDA:28,3,1,0
BRDA:39,4,0,0
BRDA:39,4,1,0
BRDA:41,5,0,0
BRDA:41,5,1,0
BRDA:52,6,0,0
BRDA:52,6,1,0
BRDA:52,7,0,0
BRDA:52,7,1,0
BRDA:63,8,0,0
BRDA:63,8,1,0
BRDA:63,9,0,0
BRDA:63,9,1,0
BRDA:74,10,0,0
BRDA:74,10,1,0
BRDA:90,11,0,0
BRDA:90,11,1,0
BRDA:94,12,0,0
BRDA:94,12,1,0
BRDA:94,13,0,0
BRDA:94,13,1,0
BRDA:107,14,0,0
BRDA:107,14,1,0
BRDA:107,15,0,0
BRDA:107,15,1,0
BRDA:118,16,0,0
BRDA:118,16,1,0
BRDA:124,17,0,0
BRDA:124,17,1,0
BRDA:124,18,0,0
BRDA:124,18,1,0
BRF:36
BRH:0
end_of_record
TN:
SF:/home/exbot/zjzs_3.0/weixin_basic/custom_menu.js
FN:17,createMenu
FN:33,(anonymous_2)
FN:34,(anonymous_3)
FN:39,(anonymous_4)
FN:48,getMenu
FN:58,(anonymous_6)
FN:59,(anonymous_7)
FN:70,deleteMenu
FN:80,(anonymous_9)
FN:81,(anonymous_10)
FN:91,modifyMenu
FN:99,autoClearOldMenus
FNF:12
FNH:0
FNDA:0,createMenu
FNDA:0,(anonymous_2)
FNDA:0,(anonymous_3)
FNDA:0,(anonymous_4)
FNDA:0,getMenu
FNDA:0,(anonymous_6)
FNDA:0,(anonymous_7)
FNDA:0,deleteMenu
FNDA:0,(anonymous_9)
FNDA:0,(anonymous_10)
FNDA:0,modifyMenu
FNDA:0,autoClearOldMenus
DA:1,2
DA:2,2
DA:3,2
DA:4,2
DA:6,2
DA:7,2
DA:8,2
DA:9,2
DA:10,2
DA:11,2
DA:12,2
DA:14,2
DA:15,2
DA:17,1
DA:18,0
DA:30,0
DA:32,0
DA:33,0
DA:34,0
DA:35,0
DA:36,0
DA:37,0
DA:40,0
DA:42,0
DA:43,0
DA:48,1
DA:49,0
DA:56,0
DA:58,0
DA:59,0
DA:60,0
DA:61,0
DA:62,0
DA:66,0
DA:70,1
DA:71,0
DA:78,0
DA:80,0
DA:81,0
DA:82,0
DA:86,0
DA:91,1
DA:92,0
DA:93,0
DA:94,0
DA:96,0
DA:99,1
DA:100,0
DA:101,0
DA:102,0
DA:103,0
DA:104,0
DA:105,0
DA:106,0
DA:107,0
DA:110,0
DA:111,0
DA:113,0
DA:114,0
DA:115,0
DA:116,0
DA:117,0
DA:119,0
DA:120,0
DA:122,0
DA:123,0
DA:124,0
DA:126,0
DA:129,0
DA:130,0
LF:70
LH:18
BRDA:36,1,0,0
BRDA:36,1,1,0
BRDA:92,2,0,0
BRDA:92,2,1,0
BRDA:106,3,0,0
BRDA:106,3,1,0
BRDA:116,4,0,0
BRDA:116,4,1,0
BRDA:119,5,0,0
BRDA:119,5,1,0
BRF:10
BRH:0
end_of_record
TN:
SF:/home/exbot/zjzs_3.0/weixin_basic/settings.js
FN:97,(anonymous_1)
FNF:1
FNH:0
FNDA:0,(anonymous_1)
DA:1,2
DA:3,2
DA:5,2
DA:7,2
DA:9,2
DA:24,2
DA:26,2
DA:93,2
DA:95,2
DA:97,2
DA:98,0
DA:99,0
DA:100,0
DA:102,0
DA:103,0
DA:104,0
DA:106,0
DA:107,0
DA:108,0
DA:111,2
LF:20
LH:11
BRDA:102,1,0,0
BRDA:102,1,1,0
BRF:2
BRH:0
end_of_record
TN:
SF:/home/exbot/zjzs_3.0/weixin_basic/access_token.js
FN:11,getAccessToken
FN:17,(anonymous_2)
FN:27,(anonymous_3)
FN:28,(anonymous_4)
FN:34,(anonymous_5)
FN:42,getAccessToken
FN:44,(anonymous_7)
FN:54,(anonymous_8)
FN:55,(anonymous_9)
FN:61,(anonymous_10)
FN:68,getAccessToken
FN:79,(anonymous_12)
FN:80,(anonymous_13)
FN:84,(anonymous_14)
FN:98,(anonymous_15)
FNF:15
FNH:1
FNDA:0,getAccessToken
FNDA:0,(anonymous_2)
FNDA:0,(anonymous_3)
FNDA:0,(anonymous_4)
FNDA:0,(anonymous_5)
FNDA:0,getAccessToken
FNDA:0,(anonymous_7)
FNDA:0,(anonymous_8)
FNDA:0,(anonymous_9)
FNDA:0,(anonymous_10)
FNDA:11,getAccessToken
FNDA:0,(anonymous_12)
FNDA:0,(anonymous_13)
FNDA:0,(anonymous_14)
FNDA:0,(anonymous_15)
DA:1,2
DA:2,2
DA:3,2
DA:6,2
DA:7,2
DA:8,2
DA:9,2
DA:11,2
DA:13,0
DA:14,0
DA:16,0
DA:17,0
DA:18,0
DA:19,0
DA:20,0
DA:22,0
DA:23,0
DA:26,0
DA:27,0
DA:28,0
DA:29,0
DA:30,0
DA:31,0
DA:32,0
DA:35,0
DA:42,2
DA:43,0
DA:44,0
DA:45,0
DA:46,0
DA:47,0
DA:49,0
DA:50,0
DA:53,0
DA:54,0
DA:55,0
DA:56,0
DA:57,0
DA:58,0
DA:59,0
DA:62,0
DA:68,2
DA:69,11
DA:70,11
DA:72,11
DA:74,11
DA:75,0
DA:78,11
DA:79,11
DA:80,0
DA:81,0
DA:82,0
DA:83,0
DA:84,0
DA:85,0
DA:86,0
DA:87,0
DA:89,0
DA:90,0
DA:93,0
DA:96,0
DA:99,0
LF:62
LH:16
BRDA:13,1,0,0
BRDA:13,1,1,0
BRDA:18,2,0,0
BRDA:18,2,1,0
BRDA:18,3,0,0
BRDA:18,3,1,0
BRDA:22,4,0,0
BRDA:22,4,1,0
BRDA:22,5,0,0
BRDA:22,5,1,0
BRDA:22,5,2,0
BRDA:22,5,3,0
BRDA:22,5,4,0
BRDA:45,6,0,0
BRDA:45,6,1,0
BRDA:45,7,0,0
BRDA:45,7,1,0
BRDA:49,8,0,0
BRDA:49,8,1,0
BRDA:49,9,0,0
BRDA:49,9,1,0
BRDA:49,9,2,0
BRDA:49,9,3,0
BRDA:49,9,4,0
BRDA:69,10,0,11
BRDA:69,10,1,0
BRDA:74,11,0,0
BRDA:74,11,1,11
BRDA:74,12,0,11
BRDA:74,12,1,0
BRDA:74,12,2,0
BRDA:74,12,3,0
BRDA:74,12,4,0
BRDA:85,13,0,0
BRDA:85,13,1,0
BRDA:89,14,0,0
BRDA:89,14,1,0
BRF:37
BRH:3
end_of_record
TN:
SF:/home/exbot/zjzs_3.0/weixin_basic/activity_info.js
FN:10,getCurrentActivity
FN:17,(anonymous_2)
FN:32,getCurrentActivity_EX
FN:39,(anonymous_4)
FNF:4
FNH:4
FNDA:1,getCurrentActivity
FNDA:1,(anonymous_2)
FNDA:1,getCurrentActivity_EX
FNDA:1,(anonymous_4)
DA:1,2
DA:3,2
DA:4,2
DA:6,2
DA:7,2
DA:10,1
DA:12,1
DA:13,1
DA:19,1
DA:21,0
DA:22,0
DA:24,1
DA:26,7
DA:28,1
DA:32,1
DA:34,1
DA:35,1
DA:41,1
DA:43,0
DA:44,0
DA:46,1
DA:48,7
DA:49,7
DA:50,6
DA:52,1
LF:25
LH:21
BRDA:19,1,0,0
BRDA:19,1,1,1
BRDA:41,2,0,0
BRDA:41,2,1,1
BRDA:49,3,0,6
BRDA:49,3,1,1
BRF:6
BRH:4
end_of_record
TN:
SF:/home/exbot/zjzs_3.0/weixin_handler/handler_ticket.js
FN:21,(anonymous_1)
FN:26,verifyStudent
FN:29,(anonymous_3)
FN:40,verifyActivities
FN:66,(anonymous_5)
FN:86,getRandomString
FN:94,presentTicket
FN:103,getTimeFormat
FN:116,needValidateMsg
FN:121,(anonymous_10)
FN:131,(anonymous_11)
FN:145,(anonymous_12)
FN:151,(anonymous_13)
FN:160,(anonymous_14)
FN:166,(anonymous_15)
FN:173,(anonymous_16)
FN:188,(anonymous_17)
FN:192,(anonymous_18)
FN:194,(anonymous_19)
FN:197,(anonymous_20)
FN:203,(anonymous_21)
FN:218,(anonymous_22)
FN:230,(anonymous_23)
FN:238,(anonymous_24)
FN:247,renderTicketList
FN:264,(anonymous_26)
FN:269,(anonymous_27)
FN:273,(anonymous_28)
FN:279,(anonymous_29)
FN:296,(anonymous_30)
FNF:30
FNH:26
FNDA:0,(anonymous_1)
FNDA:9,verifyStudent
FNDA:9,(anonymous_3)
FNDA:17,verifyActivities
FNDA:7,(anonymous_5)
FNDA:0,getRandomString
FNDA:0,presentTicket
FNDA:1,getTimeFormat
FNDA:2,needValidateMsg
FNDA:4,(anonymous_10)
FNDA:15,(anonymous_11)
FNDA:2,(anonymous_12)
FNDA:12,(anonymous_13)
FNDA:12,(anonymous_14)
FNDA:4,(anonymous_15)
FNDA:5,(anonymous_16)
FNDA:1,(anonymous_17)
FNDA:3,(anonymous_18)
FNDA:1,(anonymous_19)
FNDA:2,(anonymous_20)
FNDA:2,(anonymous_21)
FNDA:0,(anonymous_22)
FNDA:1,(anonymous_23)
FNDA:3,(anonymous_24)
FNDA:1,renderTicketList
FNDA:3,(anonymous_26)
FNDA:1,(anonymous_27)
FNDA:2,(anonymous_28)
FNDA:2,(anonymous_29)
FNDA:1,(anonymous_30)
DA:1,2
DA:2,2
DA:3,2
DA:4,2
DA:5,2
DA:6,2
DA:9,2
DA:10,2
DA:11,2
DA:12,2
DA:13,2
DA:14,2
DA:16,2
DA:18,2
DA:19,2
DA:21,2
DA:23,0
DA:26,1
DA:28,9
DA:29,9
DA:31,9
DA:33,3
DA:34,3
DA:36,6
DA:39,2
DA:40,1
DA:42,17
DA:43,17
DA:44,17
DA:45,17
DA:47,10
DA:49,10
DA:51,10
DA:52,10
DA:54,0
DA:55,0
DA:57,0
DA:58,0
DA:59,0
DA:61,7
DA:68,7
DA:70,2
DA:71,2
DA:73,5
DA:74,5
DA:76,4
DA:77,4
DA:81,1
DA:82,1
DA:86,1
DA:88,0
DA:90,0
DA:91,0
DA:92,0
DA:94,1
DA:96,0
DA:97,0
DA:98,0
DA:99,0
DA:100,0
DA:103,1
DA:105,1
DA:106,1
DA:107,1
DA:109,1
DA:110,1
DA:111,1
DA:112,0
DA:113,1
DA:116,1
DA:117,2
DA:121,2
DA:123,4
DA:124,1
DA:125,3
DA:126,2
DA:127,2
DA:128,1
DA:131,2
DA:132,15
DA:134,15
DA:135,15
DA:136,1
DA:137,1
DA:139,14
DA:142,0
DA:145,14
DA:146,2
DA:147,1
DA:149,1
DA:152,12
DA:153,12
DA:155,12
DA:161,12
DA:166,2
DA:168,4
DA:169,3
DA:170,2
DA:171,2
DA:173,2
DA:175,5
DA:176,5
DA:179,1
DA:180,1
DA:184,4
DA:187,4
DA:188,4
DA:191,1
DA:194,3
DA:196,1
DA:199,2
DA:205,2
DA:207,1
DA:209,1
DA:211,1
DA:213,0
DA:214,0
DA:215,0
DA:224,1
DA:225,1
DA:231,1
DA:238,2
DA:240,3
DA:241,1
DA:242,1
DA:243,2
DA:244,1
DA:245,1
DA:247,1
DA:249,1
DA:251,1
DA:254,0
DA:255,0
DA:258,1
DA:259,1
DA:260,1
DA:262,1
DA:264,2
DA:266,3
DA:268,3
DA:269,3
DA:272,1
DA:275,2
DA:281,2
DA:283,1
DA:284,1
DA:286,1
DA:287,1
DA:288,1
DA:289,1
DA:291,1
DA:293,1
DA:298,1
DA:300,0
DA:301,0
DA:304,1
DA:306,1
DA:316,1
DA:318,1
DA:320,1
LF:160
LH:136
BRDA:31,1,0,3
BRDA:31,1,1,6
BRDA:31,2,0,9
BRDA:31,2,1,9
BRDA:45,3,0,10
BRDA:45,3,1,7
BRDA:47,4,0,10
BRDA:47,4,1,0
BRDA:49,5,0,10
BRDA:49,5,1,0
BRDA:68,6,0,2
BRDA:68,6,1,5
BRDA:68,7,0,7
BRDA:68,7,1,7
BRDA:74,8,0,4
BRDA:74,8,1,1
BRDA:98,9,0,0
BRDA:98,9,1,0
BRDA:111,10,0,0
BRDA:111,10,1,1
BRDA:113,11,0,0
BRDA:113,11,1,1
BRDA:113,12,0,1
BRDA:113,12,1,0
BRDA:113,13,0,1
BRDA:113,13,1,0
BRDA:123,14,0,1
BRDA:123,14,1,3
BRDA:125,15,0,2
BRDA:125,15,1,1
BRDA:126,16,0,2
BRDA:126,16,1,0
BRDA:126,17,0,2
BRDA:126,17,1,1
BRDA:134,18,0,15
BRDA:134,18,1,0
BRDA:135,19,0,1
BRDA:135,19,1,14
BRDA:146,20,0,1
BRDA:146,20,1,1
BRDA:168,21,0,3
BRDA:168,21,1,1
BRDA:169,22,0,2
BRDA:169,22,1,1
BRDA:169,23,0,3
BRDA:169,23,1,2
BRDA:176,24,0,1
BRDA:176,24,1,4
BRDA:205,25,0,1
BRDA:205,25,1,1
BRDA:205,26,0,2
BRDA:205,26,1,2
BRDA:211,27,0,0
BRDA:211,27,1,1
BRDA:211,28,0,1
BRDA:211,28,1,0
BRDA:240,29,0,1
BRDA:240,29,1,2
BRDA:241,30,0,1
BRDA:241,30,1,0
BRDA:243,31,0,1
BRDA:243,31,1,1
BRDA:251,32,0,0
BRDA:251,32,1,1
BRDA:281,33,0,1
BRDA:281,33,1,1
BRDA:281,34,0,2
BRDA:281,34,1,2
BRDA:298,35,0,0
BRDA:298,35,1,1
BRDA:298,36,0,1
BRDA:298,36,1,1
BRF:72
BRH:57
end_of_record
TN:
SF:/home/exbot/zjzs_3.0/weixin_handler/reply_template.js
FN:11,getCurrentTime
FN:17,getGenericTemplate
FN:28,(anonymous_3)
FN:40,(anonymous_4)
FN:75,(anonymous_5)
FNF:5
FNH:4
FNDA:23,getCurrentTime
FNDA:23,getGenericTemplate
FNDA:22,(anonymous_3)
FNDA:1,(anonymous_4)
FNDA:0,(anonymous_5)
DA:1,2
DA:2,2
DA:9,2
DA:11,1
DA:13,23
DA:17,1
DA:19,23
DA:24,23
DA:28,2
DA:30,22
DA:31,22
DA:36,22
DA:40,2
DA:42,1
DA:43,0
DA:44,1
DA:45,1
DA:49,1
DA:51,1
DA:53,1
DA:54,1
DA:56,1
DA:57,0
DA:59,1
DA:60,1
DA:62,1
DA:63,1
DA:65,1
DA:68,1
DA:72,1
DA:75,2
DA:77,0
LF:32
LH:29
BRDA:42,1,0,0
BRDA:42,1,1,1
BRDA:53,2,0,1
BRDA:53,2,1,0
BRDA:53,3,0,1
BRDA:53,3,1,1
BRDA:56,4,0,0
BRDA:56,4,1,1
BRDA:56,5,0,1
BRDA:56,5,1,0
BRDA:59,6,0,1
BRDA:59,6,1,0
BRDA:59,7,0,1
BRDA:59,7,1,1
BRDA:62,8,0,1
BRDA:62,8,1,0
BRDA:62,9,0,1
BRDA:62,9,1,1
BRF:18
BRH:12
end_of_record
TN:
SF:/home/exbot/zjzs_3.0/weixin_handler/checkRequest.js
FN:1,(anonymous_1)
FN:10,(anonymous_2)
FNF:2
FNH:1
FNDA:6,(anonymous_1)
FNDA:0,(anonymous_2)
DA:1,2
DA:3,6
DA:4,3
DA:6,3
DA:8,3
DA:10,2
DA:12,0
DA:13,0
DA:15,0
DA:17,0
LF:10
LH:6
BRDA:3,1,0,3
BRDA:3,1,1,3
BRDA:4,2,0,3
BRDA:4,2,1,0
BRDA:12,3,0,0
BRDA:12,3,1,0
BRDA:13,4,0,0
BRDA:13,4,1,0
BRF:8
BRH:3
end_of_record
TN:
SF:/home/exbot/zjzs_3.0/routes/user_manage_list.js
FN:9,(anonymous_1)
FN:11,(anonymous_2)
FNF:2
FNH:2
FNDA:2,(anonymous_1)
FNDA:2,(anonymous_2)
DA:1,2
DA:2,2
DA:4,2
DA:6,2
DA:7,2
DA:9,2
DA:10,2
DA:11,2
DA:12,2
DA:14,0
DA:15,0
DA:17,2
DA:19,0
DA:20,0
DA:31,0
DA:33,2
DA:37,2
LF:17
LH:12
BRDA:12,1,0,0
BRDA:12,1,1,2
BRF:2
BRH:1
end_of_record
TN:
SF:/home/exbot/zjzs_3.0/routes/user_manage_delete.js
FN:12,(anonymous_1)
FN:15,(anonymous_2)
FN:16,(anonymous_3)
FN:30,(anonymous_4)
FNF:4
FNH:0
FNDA:0,(anonymous_1)
FNDA:0,(anonymous_2)
FNDA:0,(anonymous_3)
FNDA:0,(anonymous_4)
DA:1,2
DA:2,2
DA:3,2
DA:5,2
DA:6,2
DA:8,2
DA:9,2
DA:10,2
DA:12,2
DA:13,0
DA:14,0
DA:15,0
DA:16,0
DA:17,0
DA:19,0
DA:20,0
DA:21,0
DA:23,0
DA:26,0
DA:27,0
DA:28,0
DA:30,0
DA:31,0
DA:33,0
DA:34,0
DA:38,0
DA:39,0
DA:47,2
LF:28
LH:10
BRDA:17,1,0,0
BRDA:17,1,1,0
BRDA:17,2,0,0
BRDA:17,2,1,0
BRDA:23,3,0,0
BRDA:23,3,1,0
BRDA:23,4,0,0
BRDA:23,4,1,0
BRDA:23,4,2,0
BRDA:31,5,0,0
BRDA:31,5,1,0
BRDA:31,6,0,0
BRDA:31,6,1,0
BRF:13
BRH:0
end_of_record
TN:
SF:/home/exbot/zjzs_3.0/routes/user_manage_export.js
FN:12,(anonymous_1)
FN:20,(anonymous_2)
FN:42,(anonymous_3)
FNF:3
FNH:0
FNDA:0,(anonymous_1)
FNDA:0,(anonymous_2)
FNDA:0,(anonymous_3)
DA:1,2
DA:2,2
DA:3,2
DA:5,2
DA:7,2
DA:8,2
DA:9,2
DA:10,2
DA:12,2
DA:13,0
DA:15,0
DA:16,0
DA:19,0
DA:20,0
DA:21,0
DA:23,0
DA:24,0
DA:27,0
DA:28,0
DA:29,0
DA:30,0
DA:32,0
DA:33,0
DA:35,0
DA:36,0
DA:37,0
DA:38,0
DA:39,0
DA:40,0
DA:42,0
DA:43,0
DA:45,0
DA:46,0
DA:48,0
DA:49,0
DA:51,0
DA:52,0
DA:53,0
DA:55,0
DA:57,0
DA:58,0
DA:60,0
DA:61,0
DA:63,0
DA:65,0
DA:66,0
DA:70,0
DA:71,0
DA:73,0
DA:74,0
DA:79,0
DA:80,0
DA:82,0
DA:85,0
DA:87,0
DA:90,0
DA:91,0
DA:93,0
DA:94,0
DA:96,0
DA:97,0
DA:99,0
DA:100,0
DA:102,0
DA:103,0
DA:105,0
DA:109,0
DA:111,0
DA:112,0
DA:114,0
DA:117,0
DA:120,0
DA:121,0
DA:123,0
DA:124,0
DA:125,0
DA:126,0
DA:127,0
DA:130,0
DA:133,0
DA:138,2
LF:81
LH:10
BRDA:13,1,0,0
BRDA:13,1,1,0
BRDA:21,2,0,0
BRDA:21,2,1,0
BRDA:21,3,0,0
BRDA:21,3,1,0
BRDA:36,4,0,0
BRDA:36,4,1,0
BRDA:39,5,0,0
BRDA:39,5,1,0
BRDA:43,6,0,0
BRDA:43,6,1,0
BRDA:53,7,0,0
BRDA:53,7,1,0
BRDA:55,8,0,0
BRDA:55,8,1,0
BRDA:57,9,0,0
BRDA:57,9,1,0
BRDA:63,10,0,0
BRDA:63,10,1,0
BRDA:70,11,0,0
BRDA:70,11,1,0
BRDA:79,12,0,0
BRDA:79,12,1,0
BRDA:85,13,0,0
BRDA:85,13,1,0
BRDA:87,14,0,0
BRDA:87,14,1,0
BRDA:87,14,2,0
BRDA:87,14,3,0
BRDA:87,14,4,0
BRDA:87,14,5,0
BRDA:109,15,0,0
BRDA:109,15,1,0
BRDA:111,16,0,0
BRDA:111,16,1,0
BRDA:123,17,0,0
BRDA:123,17,1,0
BRDA:124,18,0,0
BRDA:124,18,1,0
BRDA:124,19,0,0
BRDA:124,19,1,0
BRDA:126,20,0,0
BRDA:126,20,1,0
BRF:44
BRH:0
end_of_record
TN:
SF:/home/exbot/zjzs_3.0/routes/user_manage_detail.js
FN:24,(anonymous_1)
FN:66,(anonymous_2)
FN:67,(anonymous_3)
FN:82,(anonymous_4)
FN:86,(anonymous_5)
FN:97,(anonymous_6)
FN:105,(anonymous_7)
FN:125,(anonymous_8)
FN:126,(anonymous_9)
FN:140,(anonymous_10)
FN:195,(anonymous_11)
FN:249,(anonymous_12)
FN:292,(anonymous_13)
FN:312,(anonymous_14)
FN:322,(anonymous_15)
FN:341,(anonymous_16)
FN:342,(anonymous_17)
FN:403,(anonymous_18)
FN:404,(anonymous_19)
FN:423,(anonymous_20)
FN:424,(anonymous_21)
FN:465,(anonymous_22)
FN:475,(anonymous_23)
FN:508,checkInformation
FN:550,checkPlace
FN:626,checkTime
FN:638,updateActivityToWeixin
FN:670,updateSeat
FN:673,(anonymous_29)
FN:684,(anonymous_30)
FN:687,(anonymous_31)
FN:703,(anonymous_32)
FN:706,(anonymous_33)
FNF:33
FNH:8
FNDA:1,(anonymous_1)
FNDA:1,(anonymous_2)
FNDA:1,(anonymous_3)
FNDA:1,(anonymous_4)
FNDA:0,(anonymous_5)
FNDA:0,(anonymous_6)
FNDA:0,(anonymous_7)
FNDA:0,(anonymous_8)
FNDA:0,(anonymous_9)
FNDA:0,(anonymous_10)
FNDA:0,(anonymous_11)
FNDA:0,(anonymous_12)
FNDA:0,(anonymous_13)
FNDA:0,(anonymous_14)
FNDA:0,(anonymous_15)
FNDA:0,(anonymous_16)
FNDA:0,(anonymous_17)
FNDA:0,(anonymous_18)
FNDA:0,(anonymous_19)
FNDA:0,(anonymous_20)
FNDA:0,(anonymous_21)
FNDA:0,(anonymous_22)
FNDA:0,(anonymous_23)
FNDA:1,checkInformation
FNDA:1,checkPlace
FNDA:1,checkTime
FNDA:1,updateActivityToWeixin
FNDA:0,updateSeat
FNDA:0,(anonymous_29)
FNDA:0,(anonymous_30)
FNDA:0,(anonymous_31)
FNDA:0,(anonymous_32)
FNDA:0,(anonymous_33)
DA:1,2
DA:2,2
DA:3,2
DA:5,2
DA:6,2
DA:7,2
DA:8,2
DA:9,2
DA:10,2
DA:11,2
DA:13,2
DA:14,2
DA:15,2
DA:16,2
DA:17,2
DA:18,2
DA:19,2
DA:21,2
DA:22,2
DA:24,2
DA:26,1
DA:27,1
DA:28,1
DA:29,0
DA:31,1
DA:32,1
DA:34,11
DA:35,0
DA:36,11
DA:37,0
DA:39,11
DA:42,1
DA:43,0
DA:44,1
DA:45,0
DA:46,1
DA:47,1
DA:48,1
DA:49,1
DA:50,1
DA:51,1
DA:52,1
DA:53,1
DA:54,1
DA:55,1
DA:56,1
DA:57,0
DA:59,1
DA:64,1
DA:66,1
DA:67,1
DA:68,1
DA:70,0
DA:71,0
DA:72,0
DA:75,1
DA:76,0
DA:79,1
DA:80,1
DA:82,1
DA:83,1
DA:85,0
DA:87,0
DA:89,0
DA:90,0
DA:91,0
DA:93,0
DA:95,0
DA:97,0
DA:98,0
DA:99,0
DA:104,0
DA:105,0
DA:106,0
DA:107,0
DA:114,1
DA:115,1
DA:124,0
DA:125,0
DA:126,0
DA:127,0
DA:129,0
DA:130,0
DA:131,0
DA:133,0
DA:135,0
DA:136,0
DA:139,0
DA:141,0
DA:143,0
DA:144,0
DA:145,0
DA:149,0
DA:150,0
DA:157,0
DA:159,0
DA:160,0
DA:161,0
DA:163,0
DA:167,0
DA:168,0
DA:169,0
DA:172,0
DA:174,0
DA:175,0
DA:176,0
DA:178,0
DA:180,0
DA:181,0
DA:182,0
DA:184,0
DA:186,0
DA:187,0
DA:188,0
DA:191,0
DA:192,0
DA:195,0
DA:196,0
DA:198,0
DA:199,0
DA:200,0
DA:202,0
DA:204,0
DA:206,0
DA:207,0
DA:208,0
DA:210,0
DA:212,0
DA:213,0
DA:214,0
DA:216,0
DA:218,0
DA:219,0
DA:220,0
DA:222,0
DA:224,0
DA:225,0
DA:226,0
DA:228,0
DA:231,0
DA:232,0
DA:233,0
DA:235,0
DA:237,0
DA:238,0
DA:239,0
DA:241,0
DA:243,0
DA:244,0
DA:245,0
DA:247,0
DA:248,0
DA:249,0
DA:250,0
DA:252,0
DA:253,0
DA:254,0
DA:256,0
DA:257,0
DA:262,0
DA:264,0
DA:265,0
DA:266,0
DA:268,0
DA:270,0
DA:271,0
DA:272,0
DA:274,0
DA:276,0
DA:277,0
DA:278,0
DA:281,0
DA:282,0
DA:292,2
DA:294,0
DA:305,0
DA:307,0
DA:312,0
DA:313,0
DA:314,0
DA:317,0
DA:318,0
DA:323,0
DA:328,0
DA:331,0
DA:332,0
DA:336,0
DA:340,0
DA:341,0
DA:342,0
DA:343,0
DA:345,0
DA:346,0
DA:347,0
DA:350,0
DA:351,0
DA:352,0
DA:353,0
DA:354,0
DA:355,0
DA:356,0
DA:397,0
DA:398,0
DA:399,0
DA:400,0
DA:402,0
DA:403,0
DA:404,0
DA:405,0
DA:407,0
DA:408,0
DA:409,0
DA:410,0
DA:412,0
DA:414,0
DA:415,0
DA:416,0
DA:417,0
DA:418,0
DA:422,0
DA:423,0
DA:424,0
DA:425,0
DA:427,0
DA:428,0
DA:429,0
DA:430,0
DA:432,0
DA:433,0
DA:434,0
DA:435,0
DA:436,0
DA:438,0
DA:439,0
DA:440,0
DA:441,0
DA:443,0
DA:444,0
DA:445,0
DA:446,0
DA:447,0
DA:448,0
DA:449,0
DA:450,0
DA:453,0
DA:454,0
DA:456,0
DA:457,0
DA:460,0
DA:462,0
DA:463,0
DA:465,0
DA:466,0
DA:467,0
DA:470,0
DA:471,0
DA:476,0
DA:481,0
DA:482,0
DA:483,0
DA:486,0
DA:487,0
DA:488,0
DA:489,0
DA:493,0
DA:499,0
DA:500,0
DA:508,1
DA:509,1
DA:514,0
DA:515,0
DA:516,0
DA:518,1
DA:520,0
DA:521,0
DA:522,0
DA:524,1
DA:526,0
DA:527,0
DA:528,0
DA:530,1
DA:532,0
DA:533,0
DA:534,0
DA:536,1
DA:538,0
DA:539,0
DA:540,0
DA:542,1
DA:544,0
DA:545,0
DA:546,0
DA:550,1
DA:551,1
DA:553,0
DA:554,0
DA:555,0
DA:556,0
DA:557,0
DA:558,0
DA:561,0
DA:562,0
DA:563,0
DA:565,0
DA:567,0
DA:568,0
DA:569,0
DA:571,0
DA:573,0
DA:574,0
DA:575,0
DA:577,0
DA:578,0
DA:579,0
DA:580,0
DA:581,0
DA:584,1
DA:586,0
DA:587,0
DA:588,0
DA:589,0
DA:590,0
DA:591,0
DA:593,0
DA:594,0
DA:595,0
DA:597,0
DA:599,0
DA:600,0
DA:601,0
DA:603,0
DA:604,0
DA:605,0
DA:606,0
DA:608,0
DA:609,0
DA:610,0
DA:611,0
DA:613,0
DA:616,0
DA:618,0
DA:619,0
DA:620,0
DA:622,0
DA:626,1
DA:627,1
DA:628,1
DA:629,1
DA:632,0
DA:633,0
DA:634,0
DA:638,1
DA:639,1
DA:641,0
DA:643,0
DA:645,0
DA:648,1
DA:649,1
DA:650,1
DA:652,0
DA:655,1
DA:656,1
DA:657,0
DA:658,1
DA:659,0
DA:660,1
DA:661,0
DA:663,1
DA:666,1
DA:667,1
DA:670,1
DA:671,0
DA:672,0
DA:673,0
DA:674,0
DA:676,0
DA:677,0
DA:678,0
DA:680,0
DA:682,0
DA:683,0
DA:685,0
DA:687,0
DA:688,0
DA:689,0
DA:694,0
DA:695,0
DA:699,0
DA:701,0
DA:702,0
DA:704,0
DA:706,0
DA:707,0
DA:708,0
DA:713,0
DA:714,0
DA:720,0
DA:721,0
DA:726,2
LF:399
LH:82
BRDA:28,1,0,0
BRDA:28,1,1,1
BRDA:34,2,0,0
BRDA:34,2,1,11
BRDA:36,3,0,0
BRDA:36,3,1,11
BRDA:42,4,0,0
BRDA:42,4,1,1
BRDA:44,5,0,0
BRDA:44,5,1,1
BRDA:46,6,0,1
BRDA:46,6,1,0
BRDA:48,7,0,1
BRDA:48,7,1,0
BRDA:50,8,0,1
BRDA:50,8,1,0
BRDA:52,9,0,1
BRDA:52,9,1,0
BRDA:54,10,0,1
BRDA:54,10,1,0
BRDA:56,11,0,0
BRDA:56,11,1,1
BRDA:64,12,0,1
BRDA:64,12,1,0
BRDA:68,13,0,0
BRDA:68,13,1,1
BRDA:68,14,0,1
BRDA:68,14,1,1
BRDA:75,15,0,0
BRDA:75,15,1,1
BRDA:75,16,0,1
BRDA:75,16,1,1
BRDA:75,16,2,1
BRDA:79,17,0,1
BRDA:79,17,1,0
BRDA:83,18,0,0
BRDA:83,18,1,1
BRDA:87,19,0,0
BRDA:87,19,1,0
BRDA:87,20,0,0
BRDA:87,20,1,0
BRDA:93,21,0,0
BRDA:93,21,1,0
BRDA:127,22,0,0
BRDA:127,22,1,0
BRDA:127,23,0,0
BRDA:127,23,1,0
BRDA:133,24,0,0
BRDA:133,24,1,0
BRDA:135,25,0,0
BRDA:135,25,1,0
BRDA:135,26,0,0
BRDA:135,26,1,0
BRDA:135,26,2,0
BRDA:141,27,0,0
BRDA:141,27,1,0
BRDA:141,28,0,0
BRDA:141,28,1,0
BRDA:149,29,0,0
BRDA:149,29,1,0
BRDA:157,30,0,0
BRDA:157,30,1,0
BRDA:163,31,0,0
BRDA:163,31,1,0
BRDA:163,32,0,0
BRDA:163,32,1,0
BRDA:163,32,2,0
BRDA:163,32,3,0
BRDA:163,32,4,0
BRDA:163,32,5,0
BRDA:163,32,6,0
BRDA:172,33,0,0
BRDA:172,33,1,0
BRDA:178,34,0,0
BRDA:178,34,1,0
BRDA:184,35,0,0
BRDA:184,35,1,0
BRDA:191,36,0,0
BRDA:191,36,1,0
BRDA:196,37,0,0
BRDA:196,37,1,0
BRDA:196,38,0,0
BRDA:196,38,1,0
BRDA:202,39,0,0
BRDA:202,39,1,0
BRDA:204,40,0,0
BRDA:204,40,1,0
BRDA:210,41,0,0
BRDA:210,41,1,0
BRDA:216,42,0,0
BRDA:216,42,1,0
BRDA:222,43,0,0
BRDA:222,43,1,0
BRDA:228,44,0,0
BRDA:228,44,1,0
BRDA:228,45,0,0
BRDA:228,45,1,0
BRDA:228,45,2,0
BRDA:228,45,3,0
BRDA:228,45,4,0
BRDA:235,46,0,0
BRDA:235,46,1,0
BRDA:241,47,0,0
BRDA:241,47,1,0
BRDA:247,48,0,0
BRDA:247,48,1,0
BRDA:250,49,0,0
BRDA:250,49,1,0
BRDA:250,50,0,0
BRDA:250,50,1,0
BRDA:262,51,0,0
BRDA:262,51,1,0
BRDA:268,52,0,0
BRDA:268,52,1,0
BRDA:268,53,0,0
BRDA:268,53,1,0
BRDA:274,54,0,0
BRDA:274,54,1,0
BRDA:281,55,0,0
BRDA:281,55,1,0
BRDA:281,56,0,0
BRDA:281,56,1,0
BRDA:305,57,0,0
BRDA:305,57,1,0
BRDA:313,58,0,0
BRDA:313,58,1,0
BRDA:317,59,0,0
BRDA:317,59,1,0
BRDA:343,60,0,0
BRDA:343,60,1,0
BRDA:343,61,0,0
BRDA:343,61,1,0
BRDA:397,62,0,0
BRDA:397,62,1,0
BRDA:402,63,0,0
BRDA:402,63,1,0
BRDA:405,64,0,0
BRDA:405,64,1,0
BRDA:405,65,0,0
BRDA:405,65,1,0
BRDA:422,66,0,0
BRDA:422,66,1,0
BRDA:425,67,0,0
BRDA:425,67,1,0
BRDA:425,68,0,0
BRDA:425,68,1,0
BRDA:443,69,0,0
BRDA:443,69,1,0
BRDA:443,70,0,0
BRDA:443,70,1,0
BRDA:443,70,2,0
BRDA:443,70,3,0
BRDA:445,71,0,0
BRDA:445,71,1,0
BRDA:445,72,0,0
BRDA:445,72,1,0
BRDA:445,72,2,0
BRDA:447,73,0,0
BRDA:447,73,1,0
BRDA:447,74,0,0
BRDA:447,74,1,0
BRDA:447,74,2,0
BRDA:449,75,0,0
BRDA:449,75,1,0
BRDA:449,76,0,0
BRDA:449,76,1,0
BRDA:449,76,2,0
BRDA:453,77,0,0
BRDA:453,77,1,0
BRDA:466,78,0,0
BRDA:466,78,1,0
BRDA:470,79,0,0
BRDA:470,79,1,0
BRDA:509,80,0,0
BRDA:509,80,1,1
BRDA:509,81,0,1
BRDA:509,81,1,1
BRDA:509,81,2,1
BRDA:509,81,3,1
BRDA:509,81,4,1
BRDA:509,81,5,1
BRDA:509,81,6,1
BRDA:509,81,7,1
BRDA:509,81,8,1
BRDA:509,81,9,1
BRDA:509,81,10,1
BRDA:518,82,0,0
BRDA:518,82,1,1
BRDA:524,83,0,0
BRDA:524,83,1,1
BRDA:530,84,0,0
BRDA:530,84,1,1
BRDA:536,85,0,0
BRDA:536,85,1,1
BRDA:542,86,0,0
BRDA:542,86,1,1
BRDA:551,87,0,0
BRDA:551,87,1,1
BRDA:558,88,0,0
BRDA:558,88,1,0
BRDA:558,89,0,0
BRDA:558,89,1,0
BRDA:558,89,2,0
BRDA:558,89,3,0
BRDA:558,89,4,0
BRDA:565,90,0,0
BRDA:565,90,1,0
BRDA:565,91,0,0
BRDA:565,91,1,0
BRDA:565,91,2,0
BRDA:565,91,3,0
BRDA:565,91,4,0
BRDA:571,92,0,0
BRDA:571,92,1,0
BRDA:584,93,0,0
BRDA:584,93,1,1
BRDA:591,94,0,0
BRDA:591,94,1,0
BRDA:603,95,0,0
BRDA:603,95,1,0
BRDA:605,96,0,0
BRDA:605,96,1,0
BRDA:610,97,0,0
BRDA:610,97,1,0
BRDA:616,98,0,0
BRDA:616,98,1,0
BRDA:629,99,0,0
BRDA:629,99,1,1
BRDA:639,100,0,0
BRDA:639,100,1,1
BRDA:641,101,0,0
BRDA:641,101,1,0
BRDA:649,102,0,1
BRDA:649,102,1,0
BRDA:656,103,0,0
BRDA:656,103,1,1
BRDA:658,104,0,0
BRDA:658,104,1,1
BRDA:660,105,0,0
BRDA:660,105,1,1
BRDA:671,106,0,0
BRDA:671,106,1,0
BRDA:674,107,0,0
BRDA:674,107,1,0
BRDA:674,108,0,0
BRDA:674,108,1,0
BRDA:680,109,0,0
BRDA:680,109,1,0
BRDA:685,110,0,0
BRDA:685,110,1,0
BRDA:685,111,0,0
BRDA:685,111,1,0
BRDA:699,112,0,0
BRDA:699,112,1,0
BRDA:704,113,0,0
BRDA:704,113,1,0
BRDA:704,114,0,0
BRDA:704,114,1,0
BRF:258
BRH:46
end_of_record
TN:
SF:/home/exbot/zjzs_3.0/routes/user_manage_publish.js
FN:29,upload
FN:35,(anonymous_2)
FN:80,(anonymous_3)
FN:97,(anonymous_4)
FN:103,(anonymous_5)
FN:125,(anonymous_6)
FN:143,(anonymous_7)
FN:144,(anonymous_8)
FN:152,(anonymous_9)
FNF:9
FNH:0
FNDA:0,upload
FNDA:0,(anonymous_2)
FNDA:0,(anonymous_3)
FNDA:0,(anonymous_4)
FNDA:0,(anonymous_5)
FNDA:0,(anonymous_6)
FNDA:0,(anonymous_7)
FNDA:0,(anonymous_8)
FNDA:0,(anonymous_9)
DA:7,2
DA:8,2
DA:9,2
DA:10,2
DA:11,2
DA:12,2
DA:13,2
DA:14,2
DA:16,2
DA:18,2
DA:20,2
DA:21,2
DA:22,2
DA:23,2
DA:25,2
DA:29,1
DA:30,0
DA:31,0
DA:32,0
DA:35,0
DA:36,0
DA:37,0
DA:38,0
DA:41,0
DA:42,0
DA:43,0
DA:44,0
DA:45,0
DA:47,0
DA:48,0
DA:50,0
DA:51,0
DA:53,0
DA:54,0
DA:55,0
DA:56,0
DA:58,0
DA:59,0
DA:61,0
DA:62,0
DA:64,0
DA:80,0
DA:81,0
DA:83,0
DA:84,0
DA:86,0
DA:90,0
DA:98,0
DA:99,0
DA:100,0
DA:103,0
DA:104,0
DA:105,0
DA:106,0
DA:107,0
DA:110,0
DA:118,0
DA:125,2
DA:126,0
DA:127,0
DA:128,0
DA:131,0
DA:133,0
DA:134,0
DA:136,0
DA:141,0
DA:143,0
DA:144,0
DA:145,0
DA:146,0
DA:147,0
DA:148,0
DA:151,0
DA:152,0
DA:154,0
DA:155,0
DA:156,0
DA:157,0
DA:160,0
DA:166,2
LF:80
LH:18
BRDA:30,1,0,0
BRDA:30,1,1,0
BRDA:36,2,0,0
BRDA:36,2,1,0
BRDA:36,3,0,0
BRDA:36,3,1,0
BRDA:51,4,0,0
BRDA:51,4,1,0
BRDA:62,5,0,0
BRDA:62,5,1,0
BRDA:98,6,0,0
BRDA:98,6,1,0
BRDA:98,7,0,0
BRDA:98,7,1,0
BRDA:104,8,0,0
BRDA:104,8,1,0
BRDA:126,9,0,0
BRDA:126,9,1,0
BRDA:126,10,0,0
BRDA:126,10,1,0
BRDA:133,11,0,0
BRDA:133,11,1,0
BRDA:145,12,0,0
BRDA:145,12,1,0
BRDA:154,13,0,0
BRDA:154,13,1,0
BRF:26
BRH:0
end_of_record
TN:
SF:/home/exbot/zjzs_3.0/routes/user_manage_seatmodule.js
FN:9,(anonymous_1)
FN:14,(anonymous_2)
FN:24,(anonymous_3)
FN:25,(anonymous_4)
FN:41,(anonymous_5)
FN:42,(anonymous_6)
FNF:6
FNH:0
FNDA:0,(anonymous_1)
FNDA:0,(anonymous_2)
FNDA:0,(anonymous_3)
FNDA:0,(anonymous_4)
FNDA:0,(anonymous_5)
FNDA:0,(anonymous_6)
DA:1,2
DA:2,2
DA:4,2
DA:6,2
DA:7,2
DA:9,2
DA:10,0
DA:11,0
DA:12,0
DA:15,0
DA:16,0
DA:17,0
DA:20,0
DA:25,0
DA:26,0
DA:27,0
DA:30,0
DA:38,0
DA:39,0
DA:42,0
DA:43,0
DA:51,2
LF:22
LH:7
BRDA:11,1,0,0
BRDA:11,1,1,0
BRDA:15,2,0,0
BRDA:15,2,1,0
BRDA:15,3,0,0
BRDA:15,3,1,0
BRDA:26,4,0,0
BRDA:26,4,1,0
BRF:8
BRH:0
end_of_record
TN:
SF:/home/exbot/zjzs_3.0/routes/user_purchase.js
FN:13,(anonymous_1)
FN:18,(anonymous_2)
FN:29,(anonymous_3)
FN:42,(anonymous_4)
FN:68,(anonymous_5)
FN:79,(anonymous_6)
FN:90,(anonymous_7)
FN:108,(anonymous_8)
FN:115,(anonymous_9)
FN:122,(anonymous_10)
FN:130,(anonymous_11)
FN:140,(anonymous_12)
FN:147,(anonymous_13)
FN:153,(anonymous_14)
FN:161,(anonymous_15)
FNF:15
FNH:0
FNDA:0,(anonymous_1)
FNDA:0,(anonymous_2)
FNDA:0,(anonymous_3)
FNDA:0,(anonymous_4)
FNDA:0,(anonymous_5)
FNDA:0,(anonymous_6)
FNDA:0,(anonymous_7)
FNDA:0,(anonymous_8)
FNDA:0,(anonymous_9)
FNDA:0,(anonymous_10)
FNDA:0,(anonymous_11)
FNDA:0,(anonymous_12)
FNDA:0,(anonymous_13)
FNDA:0,(anonymous_14)
FNDA:0,(anonymous_15)
DA:1,2
DA:2,2
DA:4,2
DA:5,2
DA:6,2
DA:8,2
DA:9,2
DA:10,2
DA:11,2
DA:13,2
DA:15,0
DA:18,2
DA:20,0
DA:22,0
DA:23,0
DA:25,0
DA:31,0
DA:33,0
DA:34,0
DA:36,0
DA:37,0
DA:38,0
DA:40,0
DA:42,0
DA:44,0
DA:46,0
DA:47,0
DA:49,0
DA:51,0
DA:53,0
DA:54,0
DA:55,0
DA:57,0
DA:58,0
DA:59,0
DA:61,0
DA:63,0
DA:68,2
DA:70,0
DA:72,0
DA:73,0
DA:75,0
DA:81,0
DA:83,0
DA:84,0
DA:86,0
DA:92,0
DA:94,0
DA:95,0
DA:97,0
DA:98,0
DA:99,0
DA:100,0
DA:101,0
DA:102,0
DA:103,0
DA:108,2
DA:110,0
DA:112,0
DA:113,0
DA:115,0
DA:117,0
DA:124,0
DA:126,0
DA:127,0
DA:128,0
DA:130,0
DA:132,0
DA:133,0
DA:134,0
DA:140,2
DA:142,0
DA:144,0
DA:145,0
DA:147,0
DA:149,0
DA:155,0
DA:157,0
DA:158,0
DA:159,0
DA:161,0
DA:163,0
DA:164,0
DA:165,0
DA:171,2
LF:85
LH:15
BRDA:20,1,0,0
BRDA:20,1,1,0
BRDA:31,2,0,0
BRDA:31,2,1,0
BRDA:31,3,0,0
BRDA:31,3,1,0
BRDA:44,4,0,0
BRDA:44,4,1,0
BRDA:44,5,0,0
BRDA:44,5,1,0
BRDA:70,6,0,0
BRDA:70,6,1,0
BRDA:81,7,0,0
BRDA:81,7,1,0
BRDA:81,8,0,0
BRDA:81,8,1,0
BRDA:92,9,0,0
BRDA:92,9,1,0
BRDA:92,10,0,0
BRDA:92,10,1,0
BRDA:110,11,0,0
BRDA:110,11,1,0
BRDA:124,12,0,0
BRDA:124,12,1,0
BRDA:124,13,0,0
BRDA:124,13,1,0
BRDA:142,14,0,0
BRDA:142,14,1,0
BRDA:155,15,0,0
BRDA:155,15,1,0
BRDA:155,16,0,0
BRDA:155,16,1,0
BRF:32
BRH:0
end_of_record
TN:
SF:/home/exbot/zjzs_3.0/routes/user_upload_pic.js
FN:9,(anonymous_1)
FNF:1
FNH:0
FNDA:0,(anonymous_1)
DA:1,2
DA:2,2
DA:3,2
DA:5,2
DA:7,2
DA:9,2
DA:11,0
DA:12,0
DA:14,0
DA:15,0
DA:17,0
DA:18,0
DA:20,0
DA:23,2
LF:14
LH:7
BRDA:12,1,0,0
BRDA:12,1,1,0
BRDA:17,2,0,0
BRDA:17,2,1,0
BRF:4
BRH:0
end_of_record
TN:
SF:/home/exbot/zjzs_3.0/routes/weixin.js
FN:6,(anonymous_1)
FN:16,(anonymous_2)
FN:21,(anonymous_3)
FN:34,(anonymous_4)
FN:38,(anonymous_5)
FNF:5
FNH:3
FNDA:1,(anonymous_1)
FNDA:1,(anonymous_2)
FNDA:0,(anonymous_3)
FNDA:1,(anonymous_4)
FNDA:0,(anonymous_5)
DA:1,2
DA:2,2
DA:3,2
DA:4,2
DA:6,2
DA:8,1
DA:9,1
DA:11,0
DA:12,0
DA:14,0
DA:16,2
DA:17,1
DA:19,0
DA:20,0
DA:21,0
DA:22,0
DA:26,1
DA:28,0
DA:30,1
DA:34,2
DA:35,1
DA:38,2
DA:39,0
DA:42,2
LF:24
LH:15
BRDA:8,1,0,1
BRDA:8,1,1,0
BRDA:11,2,0,0
BRDA:11,2,1,0
BRDA:17,3,0,0
BRDA:17,3,1,1
BRF:6
BRH:2
end_of_record
TN:
SF:/home/exbot/zjzs_3.0/weixin_basic/connect_verify.js
FN:5,(anonymous_1)
FN:22,(anonymous_2)
FNF:2
FNH:0
FNDA:0,(anonymous_1)
FNDA:0,(anonymous_2)
DA:1,2
DA:2,2
DA:4,2
DA:9,0
DA:10,0
DA:12,0
DA:13,0
DA:15,0
DA:16,0
DA:17,0
DA:18,0
DA:21,2
DA:24,0
LF:13
LH:4
BRDA:9,1,0,0
BRDA:9,1,1,0
BRDA:9,2,0,0
BRDA:9,2,1,0
BRDA:9,2,2,0
BRF:5
BRH:0
end_of_record
TN:
SF:/home/exbot/zjzs_3.0/weixin_handler/handler_main.js
FN:24,(anonymous_1)
FN:27,(anonymous_2)
FNF:2
FNH:0
FNDA:0,(anonymous_1)
FNDA:0,(anonymous_2)
DA:1,2
DA:2,2
DA:3,2
DA:4,2
DA:12,2
DA:24,2
DA:27,0
DA:29,0
DA:31,0
DA:32,0
DA:33,0
DA:35,0
DA:36,0
DA:38,0
DA:39,0
DA:43,0
DA:45,0
DA:47,0
DA:48,0
DA:51,0
LF:20
LH:6
BRDA:29,1,0,0
BRDA:29,1,1,0
BRDA:36,2,0,0
BRDA:36,2,1,0
BRDA:36,3,0,0
BRDA:36,3,1,0
BRDA:45,4,0,0
BRDA:45,4,1,0
BRF:8
BRH:0
end_of_record
TN:
SF:/home/exbot/zjzs_3.0/weixin_handler/handler_account.js
FN:18,(anonymous_1)
FN:27,sendBindInfo
FN:35,(anonymous_3)
FN:38,(anonymous_4)
FN:41,(anonymous_5)
FN:47,(anonymous_6)
FN:56,(anonymous_7)
FN:59,(anonymous_8)
FN:62,(anonymous_9)
FN:69,(anonymous_10)
FN:74,(anonymous_11)
FN:83,(anonymous_12)
FN:92,(anonymous_13)
FN:94,(anonymous_14)
FN:122,(anonymous_15)
FN:132,(anonymous_16)
FN:146,(anonymous_17)
FN:154,(anonymous_18)
FN:158,(anonymous_19)
FN:160,(anonymous_20)
FN:165,(anonymous_21)
FN:171,(anonymous_22)
FNF:22
FNH:0
FNDA:0,(anonymous_1)
FNDA:0,sendBindInfo
FNDA:0,(anonymous_3)
FNDA:0,(anonymous_4)
FNDA:0,(anonymous_5)
FNDA:0,(anonymous_6)
FNDA:0,(anonymous_7)
FNDA:0,(anonymous_8)
FNDA:0,(anonymous_9)
FNDA:0,(anonymous_10)
FNDA:0,(anonymous_11)
FNDA:0,(anonymous_12)
FNDA:0,(anonymous_13)
FNDA:0,(anonymous_14)
FNDA:0,(anonymous_15)
FNDA:0,(anonymous_16)
FNDA:0,(anonymous_17)
FNDA:0,(anonymous_18)
FNDA:0,(anonymous_19)
FNDA:0,(anonymous_20)
FNDA:0,(anonymous_21)
FNDA:0,(anonymous_22)
DA:1,2
DA:2,2
DA:3,2
DA:4,2
DA:5,2
DA:6,2
DA:7,2
DA:8,2
DA:10,2
DA:13,2
DA:14,2
DA:15,2
DA:16,2
DA:18,2
DA:20,0
DA:21,0
DA:22,0
DA:23,0
DA:24,0
DA:25,0
DA:27,1
DA:29,0
DA:30,0
DA:35,2
DA:37,0
DA:38,0
DA:40,0
DA:43,0
DA:47,2
DA:49,0
DA:50,0
DA:51,0
DA:52,0
DA:53,0
DA:54,0
DA:56,2
DA:58,0
DA:59,0
DA:61,0
DA:69,0
DA:71,0
DA:76,0
DA:77,0
DA:83,2
DA:85,0
DA:86,0
DA:87,0
DA:88,0
DA:89,0
DA:90,0
DA:92,2
DA:94,0
DA:96,0
DA:98,0
DA:99,0
DA:101,0
DA:102,0
DA:103,0
DA:105,0
DA:106,0
DA:107,0
DA:108,0
DA:110,0
DA:111,0
DA:113,0
DA:114,0
DA:115,0
DA:118,0
DA:122,2
DA:124,0
DA:125,0
DA:126,0
DA:127,0
DA:128,0
DA:129,0
DA:130,0
DA:132,2
DA:134,0
DA:135,0
DA:136,0
DA:137,0
DA:138,0
DA:140,0
DA:141,0
DA:143,0
DA:146,2
DA:148,0
DA:149,0
DA:150,0
DA:151,0
DA:152,0
DA:154,2
DA:157,0
DA:158,0
DA:160,0
DA:162,0
DA:167,0
DA:168,0
DA:173,0
LF:99
LH:24
BRDA:20,1,0,0
BRDA:20,1,1,0
BRDA:21,2,0,0
BRDA:21,2,1,0
BRDA:23,3,0,0
BRDA:23,3,1,0
BRDA:49,4,0,0
BRDA:49,4,1,0
BRDA:50,5,0,0
BRDA:50,5,1,0
BRDA:52,6,0,0
BRDA:52,6,1,0
BRDA:85,7,0,0
BRDA:85,7,1,0
BRDA:86,8,0,0
BRDA:86,8,1,0
BRDA:88,9,0,0
BRDA:88,9,1,0
BRDA:96,10,0,0
BRDA:96,10,1,0
BRDA:108,11,0,0
BRDA:108,11,1,0
BRDA:125,12,0,0
BRDA:125,12,1,0
BRDA:126,13,0,0
BRDA:126,13,1,0
BRDA:128,14,0,0
BRDA:128,14,1,0
BRDA:149,15,0,0
BRDA:149,15,1,0
BRDA:150,16,0,0
BRDA:150,16,1,0
BRF:32
BRH:0
end_of_record
TN:
SF:/home/exbot/zjzs_3.0/routes/handleRequest.js
FN:20,addZero
FN:27,getTime
FN:40,getRandomString
FN:49,generateUniqueCode
FN:63,(anonymous_5)
FN:64,(anonymous_6)
FN:76,(anonymous_7)
FN:107,distributeTicket
FN:108,(anonymous_9)
FN:117,(anonymous_10)
FNF:10
FNH:0
FNDA:0,addZero
FNDA:0,getTime
FNDA:0,getRandomString
FNDA:0,generateUniqueCode
FNDA:0,(anonymous_5)
FNDA:0,(anonymous_6)
FNDA:0,(anonymous_7)
FNDA:0,distributeTicket
FNDA:0,(anonymous_9)
FNDA:0,(anonymous_10)
DA:1,2
DA:2,2
DA:3,2
DA:5,2
DA:6,2
DA:7,2
DA:8,2
DA:9,2
DA:10,2
DA:13,2
DA:15,2
DA:16,2
DA:17,2
DA:18,2
DA:20,1
DA:22,0
DA:23,0
DA:24,0
DA:27,1
DA:29,0
DA:30,0
DA:31,0
DA:32,0
DA:40,1
DA:42,0
DA:44,0
DA:45,0
DA:46,0
DA:49,1
DA:51,0
DA:53,0
DA:55,0
DA:57,0
DA:58,0
DA:63,2
DA:64,0
DA:65,0
DA:66,0
DA:68,0
DA:70,0
DA:71,0
DA:72,0
DA:73,0
DA:74,0
DA:75,0
DA:76,0
DA:77,0
DA:79,0
DA:81,0
DA:82,0
DA:83,0
DA:85,0
DA:86,0
DA:87,0
DA:88,0
DA:89,0
DA:90,0
DA:91,0
DA:92,0
DA:93,0
DA:94,0
DA:95,0
DA:107,1
DA:108,0
DA:109,0
DA:110,0
DA:111,0
DA:112,0
DA:113,0
DA:114,0
DA:115,0
DA:117,0
DA:118,0
DA:119,0
DA:120,0
DA:121,0
DA:122,0
DA:123,0
DA:124,0
DA:125,0
DA:126,0
DA:127,0
DA:129,0
DA:138,0
DA:139,0
DA:140,0
DA:144,0
DA:147,0
LF:88
LH:20
BRDA:22,1,0,0
BRDA:22,1,1,0
BRDA:29,2,0,0
BRDA:29,2,1,0
BRDA:37,3,0,0
BRDA:37,3,1,0
BRDA:55,4,0,0
BRDA:55,4,1,0
BRDA:66,5,0,0
BRDA:66,5,1,0
BRDA:66,6,0,0
BRDA:66,6,1,0
BRDA:77,7,0,0
BRDA:77,7,1,0
BRDA:77,8,0,0
BRDA:77,8,1,0
BRDA:81,9,0,0
BRDA:81,9,1,0
BRDA:109,10,0,0
BRDA:109,10,1,0
BRDA:111,11,0,0
BRDA:111,11,1,0
BRDA:113,12,0,0
BRDA:113,12,1,0
BRDA:118,13,0,0
BRDA:118,13,1,0
BRDA:120,14,0,0
BRDA:120,14,1,0
BRDA:121,15,0,0
BRDA:121,15,1,0
BRDA:126,16,0,0
BRDA:126,16,1,0
BRF:32
BRH:0
end_of_record
TN:
SF:/home/exbot/zjzs_3.0/weixin_basic/module_message.js
FN:88,addZero
FN:95,getTime
FN:108,transferTicketId
FN:119,(anonymous_4)
FN:144,(anonymous_5)
FN:145,(anonymous_6)
FN:148,(anonymous_7)
FN:151,(anonymous_8)
FN:159,(anonymous_9)
FN:197,(anonymous_10)
FN:199,(anonymous_11)
FN:203,(anonymous_12)
FN:206,(anonymous_13)
FNF:13
FNH:0
FNDA:0,addZero
FNDA:0,getTime
FNDA:0,transferTicketId
FNDA:0,(anonymous_4)
FNDA:0,(anonymous_5)
FNDA:0,(anonymous_6)
FNDA:0,(anonymous_7)
FNDA:0,(anonymous_8)
FNDA:0,(anonymous_9)
FNDA:0,(anonymous_10)
FNDA:0,(anonymous_11)
FNDA:0,(anonymous_12)
FNDA:0,(anonymous_13)
DA:4,2
DA:6,2
DA:7,2
DA:8,2
DA:9,2
DA:17,2
DA:19,2
DA:52,2
DA:88,1
DA:90,0
DA:91,0
DA:92,0
DA:95,1
DA:97,0
DA:98,0
DA:99,0
DA:100,0
DA:108,1
DA:109,0
DA:110,0
DA:111,0
DA:112,0
DA:113,0
DA:115,0
DA:116,0
DA:119,2
DA:120,0
DA:121,0
DA:122,0
DA:124,0
DA:126,0
DA:128,0
DA:129,0
DA:130,0
DA:131,0
DA:132,0
DA:133,0
DA:134,0
DA:144,0
DA:145,0
DA:154,0
DA:155,0
DA:156,0
DA:159,2
DA:160,0
DA:161,0
DA:162,0
DA:163,0
DA:165,0
DA:167,0
DA:168,0
DA:169,0
DA:170,0
DA:171,0
DA:172,0
DA:173,0
DA:174,0
DA:175,0
DA:177,0
DA:178,0
DA:180,0
DA:181,0
DA:183,0
DA:186,0
DA:187,0
DA:197,0
DA:198,0
DA:199,0
DA:209,0
DA:210,0
DA:211,0
LF:71
LH:13
BRDA:90,1,0,0
BRDA:90,1,1,0
BRDA:97,2,0,0
BRDA:97,2,1,0
BRDA:105,3,0,0
BRDA:105,3,1,0
BRDA:124,4,0,0
BRDA:124,4,1,0
BRDA:162,5,0,0
BRDA:162,5,1,0
BRDA:167,6,0,0
BRDA:167,6,1,0
BRDA:170,7,0,0
BRDA:170,7,1,0
BRDA:173,8,0,0
BRDA:173,8,1,0
BRDA:180,9,0,0
BRDA:180,9,1,0
BRF:18
BRH:0
end_of_record
TN:
SF:/home/exbot/zjzs_3.0/routes/validate.js
FN:12,(anonymous_1)
FN:18,(anonymous_2)
FN:28,(anonymous_3)
FN:30,(anonymous_4)
FN:39,(anonymous_5)
FN:51,(anonymous_6)
FN:53,(anonymous_7)
FN:57,(anonymous_8)
FN:58,(anonymous_9)
FN:60,(anonymous_10)
FN:62,(anonymous_11)
FN:69,(anonymous_12)
FN:105,(anonymous_13)
FNF:13
FNH:0
FNDA:0,(anonymous_1)
FNDA:0,(anonymous_2)
FNDA:0,(anonymous_3)
FNDA:0,(anonymous_4)
FNDA:0,(anonymous_5)
FNDA:0,(anonymous_6)
FNDA:0,(anonymous_7)
FNDA:0,(anonymous_8)
FNDA:0,(anonymous_9)
FNDA:0,(anonymous_10)
FNDA:0,(anonymous_11)
FNDA:0,(anonymous_12)
FNDA:0,(anonymous_13)
DA:1,2
DA:2,2
DA:3,2
DA:4,2
DA:5,2
DA:6,2
DA:7,2
DA:9,2
DA:10,2
DA:12,2
DA:13,0
DA:14,0
DA:15,0
DA:18,0
DA:19,0
DA:20,0
DA:21,0
DA:22,0
DA:23,0
DA:28,2
DA:29,0
DA:31,0
DA:32,0
DA:35,0
DA:39,2
DA:40,0
DA:41,0
DA:42,0
DA:51,0
DA:52,0
DA:53,0
DA:55,0
DA:56,0
DA:57,0
DA:58,0
DA:59,0
DA:60,0
DA:61,0
DA:62,0
DA:63,0
DA:64,0
DA:65,0
DA:69,0
DA:70,0
DA:71,0
DA:72,0
DA:78,0
DA:79,0
DA:80,0
DA:81,0
DA:82,0
DA:83,0
DA:86,0
DA:87,0
DA:88,0
DA:89,0
DA:92,0
DA:93,0
DA:94,0
DA:101,0
DA:102,0
DA:105,0
DA:107,0
DA:108,0
DA:109,0
DA:112,2
LF:66
LH:13
BRDA:13,1,0,0
BRDA:13,1,1,0
BRDA:20,2,0,0
BRDA:20,2,1,0
BRDA:31,3,0,0
BRDA:31,3,1,0
BRDA:31,4,0,0
BRDA:31,4,1,0
BRDA:56,5,0,0
BRDA:56,5,1,0
BRDA:59,6,0,0
BRDA:59,6,1,0
BRDA:61,7,0,0
BRDA:61,7,1,0
BRDA:81,8,0,0
BRDA:81,8,1,0
BRDA:86,9,0,0
BRDA:86,9,1,0
BRF:18
BRH:0
end_of_record
TN:
SF:/home/exbot/zjzs_3.0/routes/ticketsinfo.js
FN:10,translateSeatNum
FN:60,addZero
FN:66,getTime
FN:80,(anonymous_4)
FN:86,(anonymous_5)
FN:96,(anonymous_6)
FNF:6
FNH:5
FNDA:0,translateSeatNum
FNDA:6,addZero
FNDA:3,getTime
FNDA:3,(anonymous_4)
FNDA:2,(anonymous_5)
FNDA:1,(anonymous_6)
DA:1,2
DA:2,2
DA:3,2
DA:4,2
DA:6,2
DA:7,2
DA:8,2
DA:10,1
DA:12,0
DA:13,0
DA:14,0
DA:17,0
DA:18,0
DA:19,0
DA:21,0
DA:22,0
DA:23,0
DA:25,0
DA:26,0
DA:27,0
DA:29,0
DA:30,0
DA:31,0
DA:33,0
DA:34,0
DA:35,0
DA:37,0
DA:38,0
DA:39,0
DA:41,0
DA:42,0
DA:43,0
DA:45,0
DA:46,0
DA:47,0
DA:49,0
DA:50,0
DA:51,0
DA:54,0
DA:55,0
DA:56,0
DA:58,0
DA:60,1
DA:62,6
DA:63,1
DA:64,5
DA:66,1
DA:68,3
DA:69,0
DA:70,3
DA:71,3
DA:80,2
DA:81,3
DA:82,1
DA:83,1
DA:86,2
DA:87,2
DA:88,1
DA:89,1
DA:92,1
DA:93,1
DA:94,1
DA:96,1
DA:97,1
DA:98,0
DA:99,0
DA:102,1
DA:103,1
DA:104,1
DA:105,1
DA:106,1
DA:107,1
DA:108,1
DA:109,1
DA:111,1
DA:113,1
DA:115,0
DA:120,0
DA:123,1
DA:124,0
DA:126,1
DA:127,1
DA:128,0
DA:130,1
DA:132,1
DA:133,1
DA:135,0
DA:136,0
DA:145,0
DA:146,0
DA:147,0
DA:149,0
DA:150,0
DA:151,0
DA:154,1
DA:155,1
DA:171,1
DA:178,2
LF:98
LH:49
BRDA:14,1,0,0
BRDA:14,1,1,0
BRDA:14,1,2,0
BRDA:14,1,3,0
BRDA:14,1,4,0
BRDA:14,1,5,0
BRDA:14,1,6,0
BRDA:14,1,7,0
BRDA:14,1,8,0
BRDA:55,2,0,0
BRDA:55,2,1,0
BRDA:62,3,0,1
BRDA:62,3,1,5
BRDA:68,4,0,0
BRDA:68,4,1,3
BRDA:76,5,0,0
BRDA:76,5,1,3
BRDA:81,6,0,1
BRDA:81,6,1,2
BRDA:87,7,0,1
BRDA:87,7,1,1
BRDA:97,8,0,0
BRDA:97,8,1,1
BRDA:113,9,0,0
BRDA:113,9,1,1
BRDA:113,10,0,1
BRDA:113,10,1,1
BRDA:123,11,0,0
BRDA:123,11,1,1
BRDA:123,12,0,1
BRDA:123,12,1,0
BRDA:127,13,0,0
BRDA:127,13,1,1
BRDA:130,14,0,1
BRDA:130,14,1,0
BRDA:133,15,0,0
BRDA:133,15,1,1
BRDA:133,16,0,1
BRDA:133,16,1,0
BRDA:133,16,2,0
BRDA:145,17,0,0
BRDA:145,17,1,0
BRDA:147,18,0,0
BRDA:147,18,1,0
BRDA:150,19,0,0
BRDA:150,19,1,0
BRDA:167,20,0,1
BRDA:167,20,1,0
BRF:48
BRH:19
end_of_record
TN:
SF:/home/exbot/zjzs_3.0/routes/login.js
FN:11,(anonymous_1)
FN:19,(anonymous_2)
FN:22,(anonymous_3)
FNF:3
FNH:3
FNDA:8,(anonymous_1)
FNDA:7,(anonymous_2)
FNDA:7,(anonymous_3)
DA:1,2
DA:2,2
DA:4,2
DA:5,2
DA:6,2
DA:8,2
DA:9,2
DA:11,2
DA:13,8
DA:14,0
DA:16,8
DA:19,2
DA:21,7
DA:22,7
DA:24,7
DA:26,0
DA:27,0
DA:31,7
DA:33,6
DA:34,6
DA:35,6
DA:39,1
DA:40,1
DA:43,7
DA:44,7
DA:48,2
LF:26
LH:23
BRDA:13,1,0,0
BRDA:13,1,1,8
BRDA:24,2,0,0
BRDA:24,2,1,7
BRDA:24,3,0,7
BRDA:24,3,1,7
BRDA:31,4,0,6
BRDA:31,4,1,1
BRF:8
BRH:6
end_of_record
TN:
SF:/home/exbot/zjzs_3.0/routes/activity_info.js
FN:12,addZero
FN:18,getTime
FN:30,(anonymous_3)
FN:45,(anonymous_4)
FN:59,(anonymous_5)
FNF:5
FNH:0
FNDA:0,addZero
FNDA:0,getTime
FNDA:0,(anonymous_3)
FNDA:0,(anonymous_4)
FNDA:0,(anonymous_5)
DA:1,2
DA:2,2
DA:4,2
DA:5,2
DA:6,2
DA:8,2
DA:9,2
DA:10,2
DA:12,1
DA:14,0
DA:15,0
DA:16,0
DA:18,1
DA:20,0
DA:21,0
DA:22,0
DA:23,0
DA:30,2
DA:32,0
DA:34,0
DA:35,0
DA:38,0
DA:40,0
DA:45,0
DA:47,0
DA:48,0
DA:49,0
DA:52,0
DA:53,0
DA:54,0
DA:56,0
DA:59,0
DA:61,0
DA:63,0
DA:64,0
DA:66,0
DA:67,0
DA:68,0
DA:69,0
DA:70,0
DA:71,0
DA:72,0
DA:73,0
DA:100,0
DA:105,2
LF:45
LH:12
BRDA:14,1,0,0
BRDA:14,1,1,0
BRDA:20,2,0,0
BRDA:20,2,1,0
BRDA:28,3,0,0
BRDA:28,3,1,0
BRDA:32,4,0,0
BRDA:32,4,1,0
BRDA:47,5,0,0
BRDA:47,5,1,0
BRDA:53,6,0,0
BRDA:53,6,1,0
BRDA:61,7,0,0
BRDA:61,7,1,0
BRDA:61,8,0,0
BRDA:61,8,1,0
BRDA:69,9,0,0
BRDA:69,9,1,0
BRDA:69,10,0,0
BRDA:69,10,1,0
BRDA:71,11,0,0
BRDA:71,11,1,0
BRF:22
BRH:0
end_of_record
TN:
SF:/home/exbot/zjzs_3.0/routes/choose_seat.js
FN:12,translateSeatNum
FN:62,checkValidity
FN:69,(anonymous_3)
FN:96,(anonymous_4)
FN:127,addZero
FN:133,getTime
FN:145,(anonymous_7)
FN:147,(anonymous_8)
FN:149,(anonymous_9)
FN:194,(anonymous_10)
FN:196,(anonymous_11)
FN:204,(anonymous_12)
FN:215,(anonymous_13)
FN:222,(anonymous_14)
FNF:14
FNH:13
FNDA:2,translateSeatNum
FNDA:15,checkValidity
FNDA:13,(anonymous_3)
FNDA:9,(anonymous_4)
FNDA:4,addZero
FNDA:2,getTime
FNDA:6,(anonymous_7)
FNDA:2,(anonymous_8)
FNDA:2,(anonymous_9)
FNDA:9,(anonymous_10)
FNDA:7,(anonymous_11)
FNDA:7,(anonymous_12)
FNDA:4,(anonymous_13)
FNDA:0,(anonymous_14)
DA:1,2
DA:2,2
DA:4,2
DA:5,2
DA:7,2
DA:8,2
DA:9,2
DA:10,2
DA:12,1
DA:14,2
DA:15,2
DA:16,2
DA:19,2
DA:20,2
DA:21,2
DA:23,0
DA:24,0
DA:25,0
DA:27,0
DA:28,0
DA:29,0
DA:31,0
DA:32,0
DA:33,0
DA:35,0
DA:36,0
DA:37,0
DA:39,0
DA:40,0
DA:41,0
DA:43,0
DA:44,0
DA:45,0
DA:47,0
DA:48,0
DA:49,0
DA:51,0
DA:52,0
DA:53,0
DA:56,2
DA:57,2
DA:58,0
DA:60,2
DA:62,1
DA:64,15
DA:66,2
DA:67,2
DA:69,13
DA:71,13
DA:73,2
DA:74,2
DA:78,11
DA:79,11
DA:81,0
DA:82,0
DA:84,11
DA:86,2
DA:87,2
DA:88,2
DA:93,2
DA:96,9
DA:98,9
DA:100,0
DA:101,0
DA:105,9
DA:107,0
DA:108,0
DA:110,9
DA:111,9
DA:113,0
DA:118,0
DA:120,9
DA:127,1
DA:129,4
DA:130,0
DA:131,4
DA:133,1
DA:135,2
DA:136,2
DA:137,2
DA:138,2
DA:145,2
DA:147,6
DA:149,2
DA:151,2
DA:153,0
DA:154,0
DA:156,2
DA:157,2
DA:158,0
DA:159,2
DA:160,2
DA:162,580
DA:164,576
DA:165,576
DA:166,576
DA:167,16
DA:168,576
DA:169,4
DA:172,2
DA:173,2
DA:174,2
DA:176,16
DA:177,0
DA:179,16
DA:181,2
DA:189,2
DA:194,2
DA:196,9
DA:198,7
DA:199,7
DA:200,7
DA:201,7
DA:202,7
DA:203,7
DA:204,7
DA:206,7
DA:209,3
DA:210,3
DA:212,4
DA:217,4
DA:220,0
DA:221,0
DA:222,0
DA:223,0
DA:225,4
DA:231,2
LF:127
LH:85
BRDA:16,1,0,2
BRDA:16,1,1,0
BRDA:16,1,2,0
BRDA:16,1,3,0
BRDA:16,1,4,0
BRDA:16,1,5,0
BRDA:16,1,6,0
BRDA:16,1,7,0
BRDA:16,1,8,0
BRDA:57,2,0,0
BRDA:57,2,1,2
BRDA:64,3,0,2
BRDA:64,3,1,13
BRDA:71,4,0,2
BRDA:71,4,1,11
BRDA:79,5,0,0
BRDA:79,5,1,11
BRDA:79,6,0,11
BRDA:79,6,1,0
BRDA:84,7,0,2
BRDA:84,7,1,9
BRDA:87,8,0,0
BRDA:87,8,1,2
BRDA:98,9,0,0
BRDA:98,9,1,9
BRDA:105,10,0,0
BRDA:105,10,1,9
BRDA:111,11,0,0
BRDA:111,11,1,9
BRDA:111,12,0,9
BRDA:111,12,1,9
BRDA:129,13,0,0
BRDA:129,13,1,4
BRDA:135,14,0,2
BRDA:135,14,1,0
BRDA:143,15,0,0
BRDA:143,15,1,2
BRDA:151,16,0,0
BRDA:151,16,1,2
BRDA:151,17,0,2
BRDA:151,17,1,2
BRDA:157,18,0,0
BRDA:157,18,1,2
BRDA:162,19,0,576
BRDA:162,19,1,4
BRDA:162,20,0,580
BRDA:162,20,1,578
BRDA:162,20,2,576
BRDA:166,21,0,16
BRDA:166,21,1,560
BRDA:168,22,0,4
BRDA:168,22,1,572
BRDA:176,23,0,0
BRDA:176,23,1,16
BRDA:206,24,0,3
BRDA:206,24,1,4
BRDA:206,25,0,7
BRDA:206,25,1,7
BRDA:217,26,0,0
BRDA:217,26,1,4
BRDA:217,27,0,4
BRDA:217,27,1,4
BRF:62
BRH:40
end_of_record
TN:
SF:/home/exbot/zjzs_3.0/routes/choose_area.js
FN:14,checkValidity
FN:34,(anonymous_2)
FN:62,(anonymous_3)
FN:96,addZero
FN:102,getTime
FN:114,(anonymous_6)
FN:116,(anonymous_7)
FN:119,(anonymous_8)
FN:152,(anonymous_9)
FN:154,(anonymous_10)
FN:162,(anonymous_11)
FN:177,(anonymous_12)
FN:185,(anonymous_13)
FNF:13
FNH:12
FNDA:14,checkValidity
FNDA:11,(anonymous_2)
FNDA:8,(anonymous_3)
FNDA:2,addZero
FNDA:1,getTime
FNDA:4,(anonymous_6)
FNDA:1,(anonymous_7)
FNDA:1,(anonymous_8)
FNDA:10,(anonymous_9)
FNDA:7,(anonymous_10)
FNDA:7,(anonymous_11)
FNDA:4,(anonymous_12)
FNDA:0,(anonymous_13)
DA:1,2
DA:2,2
DA:4,2
DA:5,2
DA:7,2
DA:8,2
DA:9,2
DA:10,2
DA:12,2
DA:14,1
DA:16,14
DA:18,1
DA:19,1
DA:21,13
DA:23,2
DA:28,2
DA:32,11
DA:34,11
DA:36,11
DA:38,1
DA:39,1
DA:40,1
DA:44,10
DA:45,10
DA:47,0
DA:48,0
DA:49,0
DA:51,10
DA:53,2
DA:58,2
DA:59,2
DA:62,8
DA:64,8
DA:66,0
DA:67,0
DA:68,0
DA:72,8
DA:74,0
DA:75,0
DA:76,0
DA:78,8
DA:79,8
DA:81,0
DA:86,0
DA:87,0
DA:89,8
DA:96,1
DA:98,2
DA:99,0
DA:100,2
DA:102,1
DA:104,1
DA:105,1
DA:106,1
DA:107,1
DA:114,2
DA:116,4
DA:118,1
DA:119,1
DA:121,1
DA:123,0
DA:124,0
DA:126,1
DA:127,1
DA:128,0
DA:129,1
DA:140,1
DA:142,0
DA:146,1
DA:152,2
DA:154,10
DA:156,7
DA:157,7
DA:158,7
DA:159,7
DA:160,7
DA:161,7
DA:162,7
DA:164,7
DA:166,3
DA:168,3
DA:169,0
DA:171,3
DA:172,3
DA:174,4
DA:179,4
DA:181,0
DA:183,0
DA:184,0
DA:185,0
DA:186,0
DA:188,4
DA:189,4
DA:195,2
LF:94
LH:71
BRDA:16,1,0,1
BRDA:16,1,1,13
BRDA:21,2,0,2
BRDA:21,2,1,11
BRDA:36,3,0,1
BRDA:36,3,1,10
BRDA:45,4,0,0
BRDA:45,4,1,10
BRDA:45,5,0,10
BRDA:45,5,1,0
BRDA:51,6,0,2
BRDA:51,6,1,8
BRDA:64,7,0,0
BRDA:64,7,1,8
BRDA:72,8,0,0
BRDA:72,8,1,8
BRDA:79,9,0,0
BRDA:79,9,1,8
BRDA:79,10,0,8
BRDA:79,10,1,8
BRDA:98,11,0,0
BRDA:98,11,1,2
BRDA:104,12,0,1
BRDA:104,12,1,0
BRDA:112,13,0,0
BRDA:112,13,1,1
BRDA:121,14,0,0
BRDA:121,14,1,1
BRDA:121,15,0,1
BRDA:121,15,1,1
BRDA:127,16,0,0
BRDA:127,16,1,1
BRDA:133,17,0,0
BRDA:133,17,1,1
BRDA:134,18,0,0
BRDA:134,18,1,1
BRDA:135,19,0,0
BRDA:135,19,1,1
BRDA:136,20,0,0
BRDA:136,20,1,1
BRDA:137,21,0,0
BRDA:137,21,1,1
BRDA:140,22,0,0
BRDA:140,22,1,1
BRDA:164,23,0,3
BRDA:164,23,1,4
BRDA:164,24,0,7
BRDA:164,24,1,7
BRDA:168,25,0,0
BRDA:168,25,1,3
BRDA:179,26,0,0
BRDA:179,26,1,4
BRDA:179,27,0,4
BRDA:179,27,1,4
BRF:54
BRH:36
end_of_record
TN:
SF:/home/exbot/zjzs_3.0/routes/logout.js
FN:4,(anonymous_1)
FNF:1
FNH:1
FNDA:1,(anonymous_1)
DA:1,2
DA:2,2
DA:4,2
DA:6,1
DA:7,1
DA:10,2
LF:6
LH:6
BRF:0
BRH:0
end_of_record
TN:
SF:/home/exbot/zjzs_3.0/routes/acquireid.js
FN:9,(anonymous_1)
FN:20,(anonymous_2)
FNF:2
FNH:0
FNDA:0,(anonymous_1)
FNDA:0,(anonymous_2)
DA:1,2
DA:2,2
DA:4,2
DA:6,2
DA:7,2
DA:9,2
DA:11,0
DA:13,0
DA:14,0
DA:16,0
DA:22,0
DA:24,0
DA:25,0
DA:27,0
DA:31,2
LF:15
LH:7
BRDA:11,1,0,0
BRDA:11,1,1,0
BRDA:22,2,0,0
BRDA:22,2,1,0
BRDA:22,3,0,0
BRDA:22,3,1,0
BRF:6
BRH:0
end_of_record
TN:
SF:/home/exbot/zjzs_3.0/configure.js
FNF:0
FNH:0
DA:1,2
LF:1
LH:1
BRF:0
BRH:0
end_of_record
TN:
SF:/home/exbot/zjzs_3.0/guard_process.js
FN:6,startRequestHandler
FN:9,(anonymous_2)
FN:14,(anonymous_3)
FNF:3
FNH:0
FNDA:0,startRequestHandler
FNDA:0,(anonymous_2)
FNDA:0,(anonymous_3)
DA:1,2
DA:2,2
DA:4,2
DA:6,1
DA:7,0
DA:8,0
DA:9,0
DA:10,0
DA:11,0
DA:12,0
DA:14,0
DA:15,0
DA:16,0
DA:17,0
DA:19,0
LF:15
LH:4
BRF:0
BRH:0
end_of_record
TN:
SF:/home/exbot/zjzs_3.0/models/sweeper.js
FN:8,wipeActivity
FN:14,(anonymous_2)
FN:20,(anonymous_3)
FN:29,(anonymous_4)
FN:48,(anonymous_5)
FN:57,(anonymous_6)
FN:78,(anonymous_7)
FN:86,genericWiper
FN:93,(anonymous_9)
FN:103,(anonymous_10)
FNF:10
FNH:2
FNDA:0,wipeActivity
FNDA:0,(anonymous_2)
FNDA:0,(anonymous_3)
FNDA:0,(anonymous_4)
FNDA:0,(anonymous_5)
FNDA:0,(anonymous_6)
FNDA:0,(anonymous_7)
FNDA:1,genericWiper
FNDA:1,(anonymous_9)
FNDA:0,(anonymous_10)
DA:1,1
DA:3,1
DA:4,1
DA:5,1
DA:6,1
DA:8,1
DA:11,0
DA:16,0
DA:21,0
DA:26,0
DA:27,0
DA:28,0
DA:29,0
DA:31,0
DA:36,0
DA:37,0
DA:38,0
DA:45,0
DA:49,0
DA:54,0
DA:55,0
DA:56,0
DA:57,0
DA:59,0
DA:64,0
DA:65,0
DA:71,0
DA:80,0
DA:81,0
DA:86,1
DA:88,1
DA:89,1
DA:95,1
DA:97,1
DA:98,1
DA:100,0
DA:101,0
DA:103,0
DA:105,0
DA:106,0
DA:107,0
DA:113,1
LF:42
LH:13
BRDA:21,1,0,0
BRDA:21,1,1,0
BRDA:31,2,0,0
BRDA:31,2,1,0
BRDA:37,3,0,0
BRDA:37,3,1,0
BRDA:49,4,0,0
BRDA:49,4,1,0
BRDA:59,5,0,0
BRDA:59,5,1,0
BRDA:64,6,0,0
BRDA:64,6,1,0
BRDA:95,7,0,1
BRDA:95,7,1,0
BRDA:95,8,0,1
BRDA:95,8,1,1
BRDA:106,9,0,0
BRDA:106,9,1,0
BRF:18
BRH:3
end_of_record
TN:
SF:/home/exbot/zjzs_3.0/weixin_handler/request_handler.js
FN:31,getRandomString
FN:40,generateUniqueCode
FN:55,handleSingleActivity
FN:59,(anonymous_4)
FN:70,(anonymous_5)
FN:89,(anonymous_6)
FN:118,(anonymous_7)
FN:132,distributeTicket
FN:134,(anonymous_9)
FN:156,(anonymous_10)
FN:162,(anonymous_11)
FN:180,(anonymous_12)
FNF:12
FNH:11
FNDA:5,getRandomString
FNDA:5,generateUniqueCode
FNDA:32,handleSingleActivity
FNDA:20,(anonymous_4)
FNDA:0,(anonymous_5)
FNDA:12,(anonymous_6)
FNDA:12,(anonymous_7)
FNDA:12,distributeTicket
FNDA:12,(anonymous_9)
FNDA:9,(anonymous_10)
FNDA:5,(anonymous_11)
FNDA:5,(anonymous_12)
DA:1,1
DA:2,1
DA:3,1
DA:4,1
DA:6,1
DA:7,1
DA:8,1
DA:9,1
DA:10,1
DA:11,1
DA:14,1
DA:16,1
DA:17,1
DA:18,1
DA:20,1
DA:22,1
DA:23,1
DA:26,1
DA:27,0
DA:31,1
DA:33,5
DA:35,5
DA:36,65
DA:37,5
DA:40,1
DA:42,5
DA:44,5
DA:46,5
DA:48,5
DA:49,5
DA:54,1
DA:55,1
DA:56,32
DA:58,32
DA:59,20
DA:60,20
DA:62,10
DA:65,10
DA:69,10
DA:70,0
DA:72,10
DA:74,10
DA:75,10
DA:78,12
DA:79,12
DA:81,12
DA:83,12
DA:84,12
DA:85,12
DA:86,12
DA:87,12
DA:88,12
DA:89,12
DA:90,12
DA:92,0
DA:93,0
DA:95,12
DA:96,4
DA:97,4
DA:99,12
DA:100,10
DA:101,10
DA:109,12
DA:110,12
DA:111,0
DA:112,0
DA:113,0
DA:114,0
DA:117,12
DA:118,12
DA:119,12
DA:132,1
DA:133,12
DA:134,12
DA:135,12
DA:136,0
DA:137,12
DA:138,1
DA:140,1
DA:141,1
DA:144,0
DA:146,11
DA:147,2
DA:149,2
DA:150,2
DA:153,0
DA:156,9
DA:157,9
DA:158,0
DA:159,9
DA:160,7
DA:161,5
DA:162,5
DA:163,5
DA:164,5
DA:165,5
DA:166,5
DA:167,5
DA:168,5
DA:169,0
DA:172,5
DA:181,5
DA:187,2
DA:189,2
DA:190,2
DA:193,0
DA:197,2
DA:199,1
DA:200,1
DA:203,1
LF:110
LH:96
BRDA:26,1,0,0
BRDA:26,1,1,1
BRDA:46,2,0,5
BRDA:46,2,1,0
BRDA:58,3,0,20
BRDA:58,3,1,12
BRDA:60,4,0,10
BRDA:60,4,1,10
BRDA:60,5,0,20
BRDA:60,5,1,20
BRDA:69,6,0,0
BRDA:69,6,1,10
BRDA:90,7,0,0
BRDA:90,7,1,12
BRDA:90,8,0,12
BRDA:90,8,1,12
BRDA:95,9,0,4
BRDA:95,9,1,8
BRDA:99,10,0,10
BRDA:99,10,1,2
BRDA:110,11,0,0
BRDA:110,11,1,12
BRDA:135,12,0,0
BRDA:135,12,1,12
BRDA:137,13,0,1
BRDA:137,13,1,11
BRDA:138,14,0,1
BRDA:138,14,1,0
BRDA:146,15,0,2
BRDA:146,15,1,9
BRDA:147,16,0,2
BRDA:147,16,1,0
BRDA:157,17,0,0
BRDA:157,17,1,9
BRDA:159,18,0,7
BRDA:159,18,1,2
BRDA:160,19,0,5
BRDA:160,19,1,2
BRDA:168,20,0,0
BRDA:168,20,1,5
BRDA:187,21,0,2
BRDA:187,21,1,0
BRDA:197,22,0,1
BRDA:197,22,1,1
BRF:44
BRH:33
end_of_record
