TN:
SF:/home/nico/zjzs_3.0/app.js
FN:28,(anonymous_1)
FN:61,(anonymous_2)
FN:72,(anonymous_3)
FN:78,(anonymous_4)
FN:89,(anonymous_5)
FNF:5
FNH:1
FNDA:4,(anonymous_1)
FNDA:0,(anonymous_2)
FNDA:0,(anonymous_3)
FNDA:0,(anonymous_4)
FNDA:0,(anonymous_5)
DA:1,2
DA:2,2
DA:3,2
DA:4,2
DA:5,2
DA:6,2
DA:7,2
DA:8,2
DA:10,2
DA:11,2
DA:12,2
DA:13,2
DA:14,2
DA:15,2
DA:16,2
DA:17,2
DA:18,2
DA:19,2
DA:20,2
DA:21,2
DA:24,2
DA:28,2
DA:30,4
DA:31,4
DA:32,4
DA:36,2
DA:37,2
DA:40,2
DA:41,2
DA:42,2
DA:43,2
DA:44,2
DA:45,2
DA:46,2
DA:48,2
DA:49,2
DA:50,2
DA:51,2
DA:52,2
DA:53,2
DA:54,2
DA:55,2
DA:56,2
DA:57,2
DA:58,2
DA:61,2
DA:62,0
DA:63,0
DA:64,0
DA:72,2
DA:73,0
DA:74,0
DA:77,2
DA:78,0
DA:79,0
DA:80,0
DA:89,2
DA:90,0
DA:91,0
DA:97,2
LF:60
LH:50
BRDA:31,1,0,4
BRDA:31,1,1,0
BRDA:77,2,0,0
BRDA:77,2,1,2
BRDA:79,3,0,0
BRDA:79,3,1,0
BRDA:90,4,0,0
BRDA:90,4,1,0
BRF:8
BRH:2
end_of_record
TN:
SF:/home/nico/zjzs_3.0/routes/index.js
FN:7,(anonymous_1)
FNF:1
FNH:1
FNDA:1,(anonymous_1)
DA:1,2
DA:2,2
DA:4,2
DA:7,2
DA:8,1
DA:11,2
LF:6
LH:6
BRF:0
BRH:0
end_of_record
TN:
SF:/home/nico/zjzs_3.0/routes/users.js
FN:16,(anonymous_1)
FN:23,(anonymous_2)
FN:25,(anonymous_3)
FN:49,(anonymous_4)
FN:51,(anonymous_5)
FN:64,(anonymous_6)
FN:66,(anonymous_7)
FNF:7
FNH:5
FNDA:21,(anonymous_1)
FNDA:3,(anonymous_2)
FNDA:3,(anonymous_3)
FNDA:17,(anonymous_4)
FNDA:17,(anonymous_5)
FNDA:0,(anonymous_6)
FNDA:0,(anonymous_7)
DA:1,2
DA:2,2
DA:4,2
DA:5,2
DA:6,2
DA:7,2
DA:8,2
DA:9,2
DA:11,2
DA:12,2
DA:16,2
DA:18,21
DA:19,1
DA:21,20
DA:23,2
DA:25,3
DA:27,3
DA:28,3
DA:30,0
DA:31,0
DA:32,0
DA:34,3
DA:36,2
DA:37,2
DA:39,1
DA:41,0
DA:42,0
DA:44,1
DA:45,1
DA:46,1
DA:49,2
DA:51,17
DA:53,17
DA:55,0
DA:56,0
DA:57,0
DA:59,17
DA:62,2
DA:64,2
DA:66,0
DA:68,0
DA:70,0
DA:71,0
DA:72,0
DA:74,0
DA:77,2
DA:79,2
DA:81,2
LF:48
LH:34
BRDA:18,1,0,1
BRDA:18,1,1,20
BRDA:28,2,0,0
BRDA:28,2,1,3
BRDA:28,3,0,3
BRDA:28,3,1,3
BRDA:34,4,0,2
BRDA:34,4,1,1
BRDA:39,5,0,0
BRDA:39,5,1,1
BRDA:53,6,0,0
BRDA:53,6,1,17
BRDA:53,7,0,17
BRDA:53,7,1,17
BRDA:68,8,0,0
BRDA:68,8,1,0
BRDA:68,9,0,0
BRDA:68,9,1,0
BRF:18
BRH:11
end_of_record
TN:
SF:/home/nico/zjzs_3.0/models/models.js
FN:23,(anonymous_1)
FNF:1
FNH:1
FNDA:10,(anonymous_1)
DA:1,2
DA:2,2
DA:3,2
DA:4,2
DA:5,2
DA:6,2
DA:7,2
DA:9,2
DA:10,2
DA:11,2
DA:12,2
DA:13,2
DA:14,2
DA:16,2
DA:17,2
DA:18,2
DA:21,2
DA:23,2
DA:25,10
DA:26,10
DA:29,2
DA:30,2
DA:31,2
LF:23
LH:23
BRDA:17,1,0,2
BRDA:17,1,1,0
BRF:2
BRH:1
end_of_record
TN:
SF:/home/nico/zjzs_3.0/models/lock.js
FN:3,(anonymous_1)
FN:13,(anonymous_2)
FN:26,(anonymous_3)
FNF:3
FNH:2
FNDA:1,(anonymous_1)
FNDA:1,(anonymous_2)
FNDA:0,(anonymous_3)
DA:1,2
DA:3,2
DA:4,1
DA:5,1
DA:6,1
DA:9,0
DA:13,2
DA:14,1
DA:15,1
DA:16,1
DA:19,0
DA:22,0
DA:26,2
DA:27,0
LF:14
LH:10
BRDA:4,1,0,1
BRDA:4,1,1,0
BRDA:14,2,0,1
BRDA:14,2,1,0
BRDA:15,3,0,1
BRDA:15,3,1,0
BRDA:27,4,0,0
BRDA:27,4,1,0
BRF:8
BRH:3
end_of_record
TN:
SF:/home/nico/zjzs_3.0/address_configure.js
FNF:0
FNH:0
DA:3,2
DA:13,2
DA:14,2
DA:15,2
DA:16,2
DA:17,2
DA:18,2
DA:19,2
DA:20,2
DA:22,2
LF:10
LH:10
BRF:0
BRH:0
end_of_record
TN:
SF:/home/nico/zjzs_3.0/routes/user_manage.js
FN:30,(anonymous_1)
FNF:1
FNH:1
FNDA:2,(anonymous_1)
DA:1,2
DA:2,2
DA:3,2
DA:5,2
DA:6,2
DA:7,2
DA:8,2
DA:9,2
DA:10,2
DA:11,2
DA:12,2
DA:14,2
DA:15,2
DA:16,2
DA:17,2
DA:18,2
DA:20,2
DA:21,2
DA:22,2
DA:23,2
DA:24,2
DA:25,2
DA:27,2
DA:28,2
DA:30,2
DA:32,2
DA:35,2
DA:36,2
DA:37,2
DA:38,2
DA:39,2
DA:40,2
DA:41,2
DA:43,2
LF:34
LH:34
BRF:0
BRH:0
end_of_record
TN:
SF:/home/nico/zjzs_3.0/routes/checkin.js
FN:12,addZero
FN:18,getTime
FN:30,(anonymous_3)
FN:38,(anonymous_4)
FN:57,checkValid
FN:102,(anonymous_6)
FN:115,(anonymous_7)
FN:136,(anonymous_8)
FN:153,(anonymous_9)
FN:178,(anonymous_10)
FN:206,(anonymous_11)
FNF:11
FNH:11
FNDA:4,addZero
FNDA:2,getTime
FNDA:2,(anonymous_3)
FNDA:1,(anonymous_4)
FNDA:6,checkValid
FNDA:10,(anonymous_6)
FNDA:9,(anonymous_7)
FNDA:3,(anonymous_8)
FNDA:1,(anonymous_9)
FNDA:6,(anonymous_10)
FNDA:3,(anonymous_11)
DA:1,2
DA:2,2
DA:4,2
DA:5,2
DA:6,2
DA:8,2
DA:9,2
DA:10,2
DA:12,1
DA:14,4
DA:15,0
DA:16,4
DA:18,1
DA:20,2
DA:21,2
DA:22,2
DA:23,2
DA:30,2
DA:32,2
DA:34,1
DA:35,1
DA:37,1
DA:38,1
DA:40,1
DA:42,0
DA:43,0
DA:46,1
DA:52,1
DA:53,1
DA:57,1
DA:59,6
DA:60,0
DA:61,6
DA:63,2
DA:69,2
DA:71,4
DA:73,0
DA:79,0
DA:81,4
DA:83,0
DA:89,0
DA:91,4
DA:92,4
DA:94,0
DA:100,0
DA:102,2
DA:104,10
DA:106,1
DA:112,1
DA:114,9
DA:115,9
DA:117,9
DA:119,0
DA:125,0
DA:128,9
DA:129,9
DA:131,3
DA:138,3
DA:140,1
DA:146,1
DA:148,2
DA:150,1
DA:155,1
DA:157,0
DA:163,0
DA:165,1
DA:171,1
DA:176,6
DA:178,6
DA:180,6
DA:182,1
DA:188,1
DA:190,5
DA:192,1
DA:198,1
DA:201,4
DA:203,3
DA:208,3
DA:210,0
DA:216,0
DA:218,3
DA:224,3
DA:231,0
DA:237,0
DA:239,9
DA:243,2
LF:86
LH:68
BRDA:14,1,0,0
BRDA:14,1,1,4
BRDA:20,2,0,2
BRDA:20,2,1,0
BRDA:28,3,0,0
BRDA:28,3,1,2
BRDA:32,4,0,1
BRDA:32,4,1,1
BRDA:40,5,0,0
BRDA:40,5,1,1
BRDA:40,6,0,1
BRDA:40,6,1,1
BRDA:59,7,0,0
BRDA:59,7,1,6
BRDA:61,8,0,2
BRDA:61,8,1,4
BRDA:71,9,0,0
BRDA:71,9,1,4
BRDA:71,10,0,4
BRDA:71,10,1,4
BRDA:81,11,0,0
BRDA:81,11,1,4
BRDA:81,12,0,4
BRDA:81,12,1,4
BRDA:91,13,0,4
BRDA:91,13,1,0
BRDA:104,14,0,1
BRDA:104,14,1,9
BRDA:117,15,0,0
BRDA:117,15,1,9
BRDA:117,16,0,9
BRDA:117,16,1,9
BRDA:129,17,0,3
BRDA:129,17,1,6
BRDA:138,18,0,1
BRDA:138,18,1,2
BRDA:138,19,0,3
BRDA:138,19,1,3
BRDA:148,20,0,1
BRDA:148,20,1,1
BRDA:155,21,0,0
BRDA:155,21,1,1
BRDA:155,22,0,1
BRDA:155,22,1,1
BRDA:176,23,0,6
BRDA:176,23,1,0
BRDA:180,24,0,1
BRDA:180,24,1,5
BRDA:180,25,0,6
BRDA:180,25,1,6
BRDA:190,26,0,1
BRDA:190,26,1,4
BRDA:201,27,0,3
BRDA:201,27,1,1
BRDA:208,28,0,0
BRDA:208,28,1,3
BRDA:208,29,0,3
BRDA:208,29,1,3
BRF:58
BRH:46
end_of_record
TN:
SF:/home/nico/zjzs_3.0/routes/checkinAll.js
FN:12,addZero
FN:18,getTime
FN:31,(anonymous_3)
FN:37,checkValid
FN:87,(anonymous_5)
FN:92,(anonymous_6)
FN:106,(anonymous_7)
FN:122,(anonymous_8)
FNF:8
FNH:0
FNDA:0,addZero
FNDA:0,getTime
FNDA:0,(anonymous_3)
FNDA:0,checkValid
FNDA:0,(anonymous_5)
FNDA:0,(anonymous_6)
FNDA:0,(anonymous_7)
FNDA:0,(anonymous_8)
DA:1,2
DA:2,2
DA:4,2
DA:5,2
DA:6,2
DA:8,2
DA:9,2
DA:10,2
DA:12,1
DA:14,0
DA:15,0
DA:16,0
DA:18,1
DA:20,0
DA:21,0
DA:22,0
DA:23,0
DA:31,2
DA:33,0
DA:34,0
DA:37,1
DA:39,0
DA:40,0
DA:41,0
DA:43,0
DA:50,0
DA:52,0
DA:54,0
DA:61,0
DA:63,0
DA:65,0
DA:72,0
DA:74,0
DA:75,0
DA:77,0
DA:84,0
DA:87,2
DA:89,0
DA:90,0
DA:92,0
DA:94,0
DA:96,0
DA:103,0
DA:106,0
DA:107,0
DA:109,0
DA:116,0
DA:118,0
DA:119,0
DA:124,0
DA:126,0
DA:133,0
DA:135,0
DA:142,0
DA:150,0
DA:157,0
DA:159,0
DA:162,2
LF:58
LH:14
BRDA:14,1,0,0
BRDA:14,1,1,0
BRDA:20,2,0,0
BRDA:20,2,1,0
BRDA:28,3,0,0
BRDA:28,3,1,0
BRDA:39,4,0,0
BRDA:39,4,1,0
BRDA:41,5,0,0
BRDA:41,5,1,0
BRDA:52,6,0,0
BRDA:52,6,1,0
BRDA:52,7,0,0
BRDA:52,7,1,0
BRDA:63,8,0,0
BRDA:63,8,1,0
BRDA:63,9,0,0
BRDA:63,9,1,0
BRDA:74,10,0,0
BRDA:74,10,1,0
BRDA:90,11,0,0
BRDA:90,11,1,0
BRDA:94,12,0,0
BRDA:94,12,1,0
BRDA:94,13,0,0
BRDA:94,13,1,0
BRDA:107,14,0,0
BRDA:107,14,1,0
BRDA:107,15,0,0
BRDA:107,15,1,0
BRDA:118,16,0,0
BRDA:118,16,1,0
BRDA:124,17,0,0
BRDA:124,17,1,0
BRDA:124,18,0,0
BRDA:124,18,1,0
BRF:36
BRH:0
end_of_record
TN:
SF:/home/nico/zjzs_3.0/weixin_basic/custom_menu.js
FN:28,createMenu
FN:31,(anonymous_2)
FN:32,(anonymous_3)
FN:37,(anonymous_4)
FN:53,getMenu
FN:56,(anonymous_6)
FN:57,(anonymous_7)
FN:75,deleteMenu
FN:78,(anonymous_9)
FN:79,(anonymous_10)
FN:89,modifyMenu
FN:97,autoClearOldMenus
FNF:12
FNH:0
FNDA:0,createMenu
FNDA:0,(anonymous_2)
FNDA:0,(anonymous_3)
FNDA:0,(anonymous_4)
FNDA:0,getMenu
FNDA:0,(anonymous_6)
FNDA:0,(anonymous_7)
FNDA:0,deleteMenu
FNDA:0,(anonymous_9)
FNDA:0,(anonymous_10)
FNDA:0,modifyMenu
FNDA:0,autoClearOldMenus
DA:1,2
DA:2,2
DA:3,2
DA:4,2
DA:6,2
DA:7,2
DA:8,2
DA:9,2
DA:10,2
DA:11,2
DA:12,2
DA:14,2
DA:15,2
DA:17,2
DA:28,1
DA:29,0
DA:31,0
DA:32,0
DA:33,0
DA:34,0
DA:35,0
DA:38,0
DA:40,0
DA:41,0
DA:46,2
DA:53,1
DA:54,0
DA:56,0
DA:57,0
DA:58,0
DA:59,0
DA:60,0
DA:64,0
DA:68,2
DA:75,1
DA:76,0
DA:78,0
DA:79,0
DA:80,0
DA:84,0
DA:89,1
DA:90,0
DA:91,0
DA:92,0
DA:94,0
DA:97,1
DA:98,0
DA:99,0
DA:100,0
DA:101,0
DA:102,0
DA:103,0
DA:104,0
DA:105,0
DA:108,0
DA:109,0
DA:111,0
DA:112,0
DA:113,0
DA:114,0
DA:115,0
DA:117,0
DA:118,0
DA:120,0
DA:121,0
DA:122,0
DA:124,0
DA:127,0
DA:128,0
LF:69
LH:21
BRDA:34,1,0,0
BRDA:34,1,1,0
BRDA:90,2,0,0
BRDA:90,2,1,0
BRDA:104,3,0,0
BRDA:104,3,1,0
BRDA:114,4,0,0
BRDA:114,4,1,0
BRDA:117,5,0,0
BRDA:117,5,1,0
BRF:10
BRH:0
end_of_record
TN:
SF:/home/nico/zjzs_3.0/weixin_basic/settings.js
FN:100,(anonymous_1)
FNF:1
FNH:0
FNDA:0,(anonymous_1)
DA:1,2
DA:4,2
DA:7,2
DA:10,2
DA:12,2
DA:27,2
DA:29,2
DA:96,2
DA:98,2
DA:100,2
DA:101,0
DA:102,0
DA:103,0
DA:105,0
DA:106,0
DA:107,0
DA:109,0
DA:110,0
DA:111,0
DA:114,2
LF:20
LH:11
BRDA:105,1,0,0
BRDA:105,1,1,0
BRF:2
BRH:0
end_of_record
TN:
SF:/home/nico/zjzs_3.0/weixin_basic/access_token.js
FN:7,getAccessToken
FN:15,(anonymous_2)
FN:16,(anonymous_3)
FN:22,(anonymous_4)
FN:28,getAccessToken
FN:36,(anonymous_6)
FN:37,(anonymous_7)
FN:43,(anonymous_8)
FN:49,getAccessToken
FNF:9
FNH:1
FNDA:0,getAccessToken
FNDA:0,(anonymous_2)
FNDA:0,(anonymous_3)
FNDA:0,(anonymous_4)
FNDA:0,getAccessToken
FNDA:0,(anonymous_6)
FNDA:0,(anonymous_7)
FNDA:0,(anonymous_8)
FNDA:11,getAccessToken
DA:1,2
DA:2,2
DA:4,2
DA:5,2
DA:7,2
DA:8,0
DA:10,0
DA:11,0
DA:14,0
DA:15,0
DA:16,0
DA:17,0
DA:18,0
DA:19,0
DA:20,0
DA:23,0
DA:28,2
DA:29,0
DA:31,0
DA:32,0
DA:35,0
DA:36,0
DA:37,0
DA:38,0
DA:39,0
DA:40,0
DA:41,0
DA:44,0
DA:49,2
DA:50,11
LF:30
LH:8
BRDA:10,1,0,0
BRDA:10,1,1,0
BRDA:10,2,0,0
BRDA:10,2,1,0
BRDA:10,2,2,0
BRDA:10,2,3,0
BRDA:10,2,4,0
BRDA:31,3,0,0
BRDA:31,3,1,0
BRDA:31,4,0,0
BRDA:31,4,1,0
BRDA:31,4,2,0
BRDA:31,4,3,0
BRDA:31,4,4,0
BRF:14
BRH:0
end_of_record
TN:
SF:/home/nico/zjzs_3.0/weixin_basic/activity_info.js
FN:10,getCurrentActivity
FN:17,(anonymous_2)
FN:32,getCurrentActivity_EX
FN:39,(anonymous_4)
FNF:4
FNH:4
FNDA:1,getCurrentActivity
FNDA:1,(anonymous_2)
FNDA:1,getCurrentActivity_EX
FNDA:1,(anonymous_4)
DA:1,2
DA:3,2
DA:4,2
DA:6,2
DA:7,2
DA:10,1
DA:12,1
DA:13,1
DA:19,1
DA:21,0
DA:22,0
DA:24,1
DA:26,7
DA:28,1
DA:32,1
DA:34,1
DA:35,1
DA:41,1
DA:43,0
DA:44,0
DA:46,1
DA:48,7
DA:49,7
DA:50,6
DA:52,1
LF:25
LH:21
BRDA:19,1,0,0
BRDA:19,1,1,1
BRDA:41,2,0,0
BRDA:41,2,1,1
BRDA:49,3,0,6
BRDA:49,3,1,1
BRF:6
BRH:4
end_of_record
TN:
SF:/home/nico/zjzs_3.0/weixin_handler/handler_ticket.js
FN:21,(anonymous_1)
FN:26,verifyStudent
FN:29,(anonymous_3)
FN:40,verifyActivities
FN:66,(anonymous_5)
FN:86,getRandomString
FN:94,presentTicket
FN:103,getTimeFormat
FN:116,needValidateMsg
FN:121,(anonymous_10)
FN:131,(anonymous_11)
FN:149,(anonymous_12)
FN:155,(anonymous_13)
FN:166,(anonymous_14)
FN:173,(anonymous_15)
FN:180,(anonymous_16)
FN:195,(anonymous_17)
FN:199,(anonymous_18)
FN:201,(anonymous_19)
FN:204,(anonymous_20)
FN:210,(anonymous_21)
FN:225,(anonymous_22)
FN:237,(anonymous_23)
FN:245,(anonymous_24)
FN:254,renderTicketList
FN:271,(anonymous_26)
FN:276,(anonymous_27)
FN:280,(anonymous_28)
FN:286,(anonymous_29)
FN:303,(anonymous_30)
FNF:30
FNH:26
FNDA:0,(anonymous_1)
FNDA:9,verifyStudent
FNDA:9,(anonymous_3)
FNDA:17,verifyActivities
FNDA:7,(anonymous_5)
FNDA:0,getRandomString
FNDA:0,presentTicket
FNDA:1,getTimeFormat
FNDA:2,needValidateMsg
FNDA:4,(anonymous_10)
FNDA:15,(anonymous_11)
FNDA:2,(anonymous_12)
FNDA:12,(anonymous_13)
FNDA:12,(anonymous_14)
FNDA:4,(anonymous_15)
FNDA:5,(anonymous_16)
FNDA:1,(anonymous_17)
FNDA:3,(anonymous_18)
FNDA:1,(anonymous_19)
FNDA:2,(anonymous_20)
FNDA:2,(anonymous_21)
FNDA:0,(anonymous_22)
FNDA:1,(anonymous_23)
FNDA:3,(anonymous_24)
FNDA:1,renderTicketList
FNDA:3,(anonymous_26)
FNDA:1,(anonymous_27)
FNDA:2,(anonymous_28)
FNDA:2,(anonymous_29)
FNDA:1,(anonymous_30)
DA:1,2
DA:2,2
DA:3,2
DA:4,2
DA:5,2
DA:6,2
DA:9,2
DA:10,2
DA:11,2
DA:12,2
DA:13,2
DA:14,2
DA:16,2
DA:18,2
DA:19,2
DA:21,2
DA:23,0
DA:26,1
DA:28,9
DA:29,9
DA:31,9
DA:33,3
DA:34,3
DA:36,6
DA:39,2
DA:40,1
DA:42,17
DA:43,17
DA:44,17
DA:45,17
DA:47,10
DA:49,10
DA:51,10
DA:52,10
DA:54,0
DA:55,0
DA:57,0
DA:58,0
DA:59,0
DA:61,7
DA:68,7
DA:70,2
DA:71,2
DA:73,5
DA:74,5
DA:76,4
DA:77,4
DA:81,1
DA:82,1
DA:86,1
DA:88,0
DA:90,0
DA:91,0
DA:92,0
DA:94,1
DA:96,0
DA:97,0
DA:98,0
DA:99,0
DA:100,0
DA:103,1
DA:105,1
DA:106,1
DA:107,1
DA:109,1
DA:110,1
DA:111,1
DA:112,0
DA:113,1
DA:116,1
DA:117,2
DA:121,2
DA:123,4
DA:124,1
DA:125,3
DA:126,2
DA:127,2
DA:128,1
DA:131,2
DA:132,15
DA:134,15
DA:136,15
DA:137,15
DA:138,1
DA:139,1
DA:141,14
DA:144,0
DA:147,14
DA:149,14
DA:150,2
DA:151,1
DA:153,1
DA:156,12
DA:157,12
DA:159,12
DA:161,12
DA:167,12
DA:168,12
DA:173,2
DA:175,4
DA:176,3
DA:177,2
DA:178,2
DA:180,2
DA:182,5
DA:183,5
DA:186,1
DA:187,1
DA:191,4
DA:194,4
DA:195,4
DA:198,1
DA:201,3
DA:203,1
DA:206,2
DA:212,2
DA:214,1
DA:216,1
DA:218,1
DA:220,0
DA:221,0
DA:222,0
DA:231,1
DA:232,1
DA:238,1
DA:245,2
DA:247,3
DA:248,1
DA:249,1
DA:250,2
DA:251,1
DA:252,1
DA:254,1
DA:256,1
DA:258,1
DA:261,0
DA:262,0
DA:265,1
DA:266,1
DA:267,1
DA:269,1
DA:271,2
DA:273,3
DA:275,3
DA:276,3
DA:279,1
DA:282,2
DA:288,2
DA:290,1
DA:291,1
DA:293,1
DA:294,1
DA:295,1
DA:296,1
DA:298,1
DA:300,1
DA:305,1
DA:307,0
DA:308,0
DA:311,1
DA:313,1
DA:316,1
DA:317,1
DA:318,1
DA:319,1
DA:322,1
DA:323,1
DA:325,1
DA:327,1
LF:169
LH:145
BRDA:31,1,0,3
BRDA:31,1,1,6
BRDA:31,2,0,9
BRDA:31,2,1,9
BRDA:45,3,0,10
BRDA:45,3,1,7
BRDA:47,4,0,10
BRDA:47,4,1,0
BRDA:49,5,0,10
BRDA:49,5,1,0
BRDA:68,6,0,2
BRDA:68,6,1,5
BRDA:68,7,0,7
BRDA:68,7,1,7
BRDA:74,8,0,4
BRDA:74,8,1,1
BRDA:98,9,0,0
BRDA:98,9,1,0
BRDA:111,10,0,0
BRDA:111,10,1,1
BRDA:113,11,0,0
BRDA:113,11,1,1
BRDA:113,12,0,1
BRDA:113,12,1,0
BRDA:113,13,0,1
BRDA:113,13,1,0
BRDA:123,14,0,1
BRDA:123,14,1,3
BRDA:125,15,0,2
BRDA:125,15,1,1
BRDA:126,16,0,2
BRDA:126,16,1,0
BRDA:126,17,0,2
BRDA:126,17,1,1
BRDA:136,18,0,15
BRDA:136,18,1,0
BRDA:137,19,0,1
BRDA:137,19,1,14
BRDA:150,20,0,1
BRDA:150,20,1,1
BRDA:175,21,0,3
BRDA:175,21,1,1
BRDA:176,22,0,2
BRDA:176,22,1,1
BRDA:176,23,0,3
BRDA:176,23,1,2
BRDA:183,24,0,1
BRDA:183,24,1,4
BRDA:212,25,0,1
BRDA:212,25,1,1
BRDA:212,26,0,2
BRDA:212,26,1,2
BRDA:218,27,0,0
BRDA:218,27,1,1
BRDA:218,28,0,1
BRDA:218,28,1,0
BRDA:247,29,0,1
BRDA:247,29,1,2
BRDA:248,30,0,1
BRDA:248,30,1,0
BRDA:250,31,0,1
BRDA:250,31,1,1
BRDA:258,32,0,0
BRDA:258,32,1,1
BRDA:288,33,0,1
BRDA:288,33,1,1
BRDA:288,34,0,2
BRDA:288,34,1,2
BRDA:305,35,0,0
BRDA:305,35,1,1
BRDA:305,36,0,1
BRDA:305,36,1,1
BRF:72
BRH:57
end_of_record
TN:
SF:/home/nico/zjzs_3.0/weixin_handler/reply_template.js
FN:11,getCurrentTime
FN:17,getGenericTemplate
FN:28,(anonymous_3)
FN:40,(anonymous_4)
FN:75,(anonymous_5)
FNF:5
FNH:4
FNDA:23,getCurrentTime
FNDA:23,getGenericTemplate
FNDA:22,(anonymous_3)
FNDA:1,(anonymous_4)
FNDA:0,(anonymous_5)
DA:1,2
DA:2,2
DA:9,2
DA:11,1
DA:13,23
DA:17,1
DA:19,23
DA:24,23
DA:28,2
DA:30,22
DA:31,22
DA:36,22
DA:40,2
DA:42,1
DA:43,0
DA:44,1
DA:45,1
DA:49,1
DA:51,2
DA:53,2
DA:54,2
DA:56,2
DA:57,1
DA:59,2
DA:60,1
DA:62,2
DA:63,1
DA:65,2
DA:68,1
DA:72,1
DA:75,2
DA:77,0
LF:32
LH:30
BRDA:42,1,0,0
BRDA:42,1,1,1
BRDA:53,2,0,2
BRDA:53,2,1,0
BRDA:53,3,0,2
BRDA:53,3,1,2
BRDA:56,4,0,1
BRDA:56,4,1,1
BRDA:56,5,0,2
BRDA:56,5,1,1
BRDA:59,6,0,1
BRDA:59,6,1,1
BRDA:59,7,0,2
BRDA:59,7,1,1
BRDA:62,8,0,1
BRDA:62,8,1,1
BRDA:62,9,0,2
BRDA:62,9,1,1
BRF:18
BRH:16
end_of_record
TN:
SF:/home/nico/zjzs_3.0/weixin_handler/checkRequest.js
FN:1,(anonymous_1)
FN:10,(anonymous_2)
FNF:2
FNH:1
FNDA:6,(anonymous_1)
FNDA:0,(anonymous_2)
DA:1,2
DA:3,6
DA:4,3
DA:6,3
DA:8,3
DA:10,2
DA:12,0
DA:13,0
DA:15,0
DA:17,0
LF:10
LH:6
BRDA:3,1,0,3
BRDA:3,1,1,3
BRDA:4,2,0,3
BRDA:4,2,1,0
BRDA:12,3,0,0
BRDA:12,3,1,0
BRDA:13,4,0,0
BRDA:13,4,1,0
BRF:8
BRH:3
end_of_record
TN:
SF:/home/nico/zjzs_3.0/routes/user_manage_list.js
FN:9,(anonymous_1)
FN:11,(anonymous_2)
FNF:2
FNH:2
FNDA:2,(anonymous_1)
FNDA:2,(anonymous_2)
DA:1,2
DA:2,2
DA:4,2
DA:6,2
DA:7,2
DA:9,2
DA:10,2
DA:11,2
DA:12,2
DA:14,0
DA:15,0
DA:17,2
DA:19,0
DA:20,0
DA:31,0
DA:33,2
DA:37,2
LF:17
LH:12
BRDA:12,1,0,0
BRDA:12,1,1,2
BRF:2
BRH:1
end_of_record
TN:
SF:/home/nico/zjzs_3.0/routes/user_manage_delete.js
FN:12,(anonymous_1)
FN:15,(anonymous_2)
FN:16,(anonymous_3)
FN:30,(anonymous_4)
FNF:4
FNH:0
FNDA:0,(anonymous_1)
FNDA:0,(anonymous_2)
FNDA:0,(anonymous_3)
FNDA:0,(anonymous_4)
DA:1,2
DA:2,2
DA:3,2
DA:5,2
DA:6,2
DA:8,2
DA:9,2
DA:10,2
DA:12,2
DA:13,0
DA:14,0
DA:15,0
DA:16,0
DA:17,0
DA:19,0
DA:20,0
DA:21,0
DA:23,0
DA:26,0
DA:27,0
DA:28,0
DA:30,0
DA:31,0
DA:33,0
DA:34,0
DA:38,0
DA:39,0
DA:47,2
LF:28
LH:10
BRDA:17,1,0,0
BRDA:17,1,1,0
BRDA:17,2,0,0
BRDA:17,2,1,0
BRDA:23,3,0,0
BRDA:23,3,1,0
BRDA:23,4,0,0
BRDA:23,4,1,0
BRDA:23,4,2,0
BRDA:31,5,0,0
BRDA:31,5,1,0
BRDA:31,6,0,0
BRDA:31,6,1,0
BRF:13
BRH:0
end_of_record
TN:
SF:/home/nico/zjzs_3.0/routes/user_manage_export.js
FN:12,(anonymous_1)
FN:20,(anonymous_2)
FN:42,(anonymous_3)
FNF:3
FNH:0
FNDA:0,(anonymous_1)
FNDA:0,(anonymous_2)
FNDA:0,(anonymous_3)
DA:1,2
DA:2,2
DA:3,2
DA:5,2
DA:7,2
DA:8,2
DA:9,2
DA:10,2
DA:12,2
DA:13,0
DA:15,0
DA:16,0
DA:19,0
DA:20,0
DA:21,0
DA:23,0
DA:24,0
DA:27,0
DA:28,0
DA:29,0
DA:30,0
DA:32,0
DA:33,0
DA:35,0
DA:36,0
DA:37,0
DA:38,0
DA:39,0
DA:40,0
DA:42,0
DA:43,0
DA:45,0
DA:46,0
DA:48,0
DA:49,0
DA:51,0
DA:52,0
DA:53,0
DA:55,0
DA:57,0
DA:58,0
DA:60,0
DA:61,0
DA:63,0
DA:65,0
DA:66,0
DA:70,0
DA:71,0
DA:73,0
DA:74,0
DA:79,0
DA:80,0
DA:82,0
DA:85,0
DA:87,0
DA:90,0
DA:91,0
DA:93,0
DA:94,0
DA:96,0
DA:97,0
DA:99,0
DA:100,0
DA:102,0
DA:103,0
DA:105,0
DA:109,0
DA:111,0
DA:112,0
DA:114,0
DA:117,0
DA:120,0
DA:121,0
DA:123,0
DA:124,0
DA:125,0
DA:126,0
DA:127,0
DA:130,0
DA:133,0
DA:138,2
LF:81
LH:10
BRDA:13,1,0,0
BRDA:13,1,1,0
BRDA:21,2,0,0
BRDA:21,2,1,0
BRDA:21,3,0,0
BRDA:21,3,1,0
BRDA:36,4,0,0
BRDA:36,4,1,0
BRDA:39,5,0,0
BRDA:39,5,1,0
BRDA:43,6,0,0
BRDA:43,6,1,0
BRDA:53,7,0,0
BRDA:53,7,1,0
BRDA:55,8,0,0
BRDA:55,8,1,0
BRDA:57,9,0,0
BRDA:57,9,1,0
BRDA:63,10,0,0
BRDA:63,10,1,0
BRDA:70,11,0,0
BRDA:70,11,1,0
BRDA:79,12,0,0
BRDA:79,12,1,0
BRDA:85,13,0,0
BRDA:85,13,1,0
BRDA:87,14,0,0
BRDA:87,14,1,0
BRDA:87,14,2,0
BRDA:87,14,3,0
BRDA:87,14,4,0
BRDA:87,14,5,0
BRDA:109,15,0,0
BRDA:109,15,1,0
BRDA:111,16,0,0
BRDA:111,16,1,0
BRDA:123,17,0,0
BRDA:123,17,1,0
BRDA:124,18,0,0
BRDA:124,18,1,0
BRDA:124,19,0,0
BRDA:124,19,1,0
BRDA:126,20,0,0
BRDA:126,20,1,0
BRF:44
BRH:0
end_of_record
TN:
SF:/home/nico/zjzs_3.0/routes/user_manage_detail.js
FN:23,(anonymous_1)
FN:65,(anonymous_2)
FN:66,(anonymous_3)
FN:80,(anonymous_4)
FN:84,(anonymous_5)
FN:95,(anonymous_6)
FN:103,(anonymous_7)
FN:123,(anonymous_8)
FN:124,(anonymous_9)
FN:138,(anonymous_10)
FN:193,(anonymous_11)
FN:247,(anonymous_12)
FN:290,(anonymous_13)
FN:301,(anonymous_14)
FN:302,(anonymous_15)
FN:362,(anonymous_16)
FN:363,(anonymous_17)
FN:382,(anonymous_18)
FN:383,(anonymous_19)
FN:441,checkInformation
FN:483,checkPlace
FN:559,checkTime
FN:571,updateActivityToWeixin
FN:603,updateSeat
FN:606,(anonymous_25)
FN:617,(anonymous_26)
FN:620,(anonymous_27)
FN:636,(anonymous_28)
FN:639,(anonymous_29)
FNF:29
FNH:8
FNDA:1,(anonymous_1)
FNDA:1,(anonymous_2)
FNDA:1,(anonymous_3)
FNDA:1,(anonymous_4)
FNDA:0,(anonymous_5)
FNDA:0,(anonymous_6)
FNDA:0,(anonymous_7)
FNDA:0,(anonymous_8)
FNDA:0,(anonymous_9)
FNDA:0,(anonymous_10)
FNDA:0,(anonymous_11)
FNDA:0,(anonymous_12)
FNDA:0,(anonymous_13)
FNDA:0,(anonymous_14)
FNDA:0,(anonymous_15)
FNDA:0,(anonymous_16)
FNDA:0,(anonymous_17)
FNDA:0,(anonymous_18)
FNDA:0,(anonymous_19)
FNDA:1,checkInformation
FNDA:1,checkPlace
FNDA:1,checkTime
FNDA:1,updateActivityToWeixin
FNDA:0,updateSeat
FNDA:0,(anonymous_25)
FNDA:0,(anonymous_26)
FNDA:0,(anonymous_27)
FNDA:0,(anonymous_28)
FNDA:0,(anonymous_29)
DA:1,2
DA:2,2
DA:3,2
DA:5,2
DA:6,2
DA:7,2
DA:8,2
DA:9,2
DA:10,2
DA:11,2
DA:13,2
DA:14,2
DA:15,2
DA:16,2
DA:17,2
DA:18,2
DA:20,2
DA:21,2
DA:23,2
DA:25,1
DA:26,1
DA:27,1
DA:28,0
DA:30,1
DA:31,1
DA:33,11
DA:34,0
DA:35,11
DA:36,0
DA:38,11
DA:41,1
DA:42,0
DA:43,1
DA:44,0
DA:45,1
DA:46,1
DA:47,1
DA:48,1
DA:49,1
DA:50,1
DA:51,1
DA:52,1
DA:53,1
DA:54,1
DA:55,1
DA:56,0
DA:58,1
DA:63,1
DA:65,1
DA:66,1
DA:67,1
DA:69,0
DA:70,0
DA:71,0
DA:74,1
DA:75,0
DA:78,1
DA:79,1
DA:80,1
DA:81,1
DA:83,0
DA:85,0
DA:87,0
DA:88,0
DA:89,0
DA:91,0
DA:93,0
DA:95,0
DA:96,0
DA:97,0
DA:102,0
DA:103,0
DA:104,0
DA:105,0
DA:112,1
DA:113,1
DA:122,0
DA:123,0
DA:124,0
DA:125,0
DA:127,0
DA:128,0
DA:129,0
DA:131,0
DA:133,0
DA:134,0
DA:137,0
DA:139,0
DA:141,0
DA:142,0
DA:143,0
DA:147,0
DA:148,0
DA:155,0
DA:157,0
DA:158,0
DA:159,0
DA:161,0
DA:165,0
DA:166,0
DA:167,0
DA:170,0
DA:172,0
DA:173,0
DA:174,0
DA:176,0
DA:178,0
DA:179,0
DA:180,0
DA:182,0
DA:184,0
DA:185,0
DA:186,0
DA:189,0
DA:190,0
DA:193,0
DA:194,0
DA:196,0
DA:197,0
DA:198,0
DA:200,0
DA:202,0
DA:204,0
DA:205,0
DA:206,0
DA:208,0
DA:210,0
DA:211,0
DA:212,0
DA:214,0
DA:216,0
DA:217,0
DA:218,0
DA:220,0
DA:222,0
DA:223,0
DA:224,0
DA:226,0
DA:229,0
DA:230,0
DA:231,0
DA:233,0
DA:235,0
DA:236,0
DA:237,0
DA:239,0
DA:241,0
DA:242,0
DA:243,0
DA:245,0
DA:246,0
DA:247,0
DA:248,0
DA:250,0
DA:251,0
DA:252,0
DA:254,0
DA:255,0
DA:260,0
DA:262,0
DA:263,0
DA:264,0
DA:266,0
DA:268,0
DA:269,0
DA:270,0
DA:272,0
DA:274,0
DA:275,0
DA:276,0
DA:279,0
DA:280,0
DA:290,2
DA:292,0
DA:294,0
DA:295,0
DA:296,0
DA:300,0
DA:301,0
DA:302,0
DA:303,0
DA:305,0
DA:306,0
DA:307,0
DA:310,0
DA:311,0
DA:312,0
DA:313,0
DA:314,0
DA:315,0
DA:316,0
DA:356,0
DA:357,0
DA:358,0
DA:359,0
DA:361,0
DA:362,0
DA:363,0
DA:364,0
DA:366,0
DA:367,0
DA:368,0
DA:369,0
DA:371,0
DA:373,0
DA:374,0
DA:375,0
DA:376,0
DA:377,0
DA:381,0
DA:382,0
DA:383,0
DA:384,0
DA:386,0
DA:387,0
DA:388,0
DA:389,0
DA:391,0
DA:392,0
DA:393,0
DA:394,0
DA:395,0
DA:397,0
DA:398,0
DA:399,0
DA:400,0
DA:402,0
DA:403,0
DA:404,0
DA:405,0
DA:406,0
DA:407,0
DA:408,0
DA:409,0
DA:412,0
DA:413,0
DA:415,0
DA:416,0
DA:419,0
DA:421,0
DA:422,0
DA:423,0
DA:424,0
DA:425,0
DA:426,0
DA:432,0
DA:433,0
DA:441,1
DA:442,1
DA:447,0
DA:448,0
DA:449,0
DA:451,1
DA:453,0
DA:454,0
DA:455,0
DA:457,1
DA:459,0
DA:460,0
DA:461,0
DA:463,1
DA:465,0
DA:466,0
DA:467,0
DA:469,1
DA:471,0
DA:472,0
DA:473,0
DA:475,1
DA:477,0
DA:478,0
DA:479,0
DA:483,1
DA:484,1
DA:486,0
DA:487,0
DA:488,0
DA:489,0
DA:490,0
DA:491,0
DA:494,0
DA:495,0
DA:496,0
DA:498,0
DA:500,0
DA:501,0
DA:502,0
DA:504,0
DA:506,0
DA:507,0
DA:508,0
DA:510,0
DA:511,0
DA:512,0
DA:513,0
DA:514,0
DA:517,1
DA:519,0
DA:520,0
DA:521,0
DA:522,0
DA:523,0
DA:524,0
DA:526,0
DA:527,0
DA:528,0
DA:530,0
DA:532,0
DA:533,0
DA:534,0
DA:536,0
DA:537,0
DA:538,0
DA:539,0
DA:541,0
DA:542,0
DA:543,0
DA:544,0
DA:546,0
DA:549,0
DA:551,0
DA:552,0
DA:553,0
DA:555,0
DA:559,1
DA:560,1
DA:561,1
DA:562,1
DA:565,0
DA:566,0
DA:567,0
DA:571,1
DA:572,1
DA:574,0
DA:576,0
DA:578,0
DA:581,1
DA:582,1
DA:583,1
DA:585,0
DA:588,1
DA:589,1
DA:590,0
DA:591,1
DA:592,0
DA:593,1
DA:594,0
DA:596,1
DA:599,1
DA:600,1
DA:603,1
DA:604,0
DA:605,0
DA:606,0
DA:607,0
DA:609,0
DA:610,0
DA:611,0
DA:613,0
DA:615,0
DA:616,0
DA:618,0
DA:620,0
DA:621,0
DA:622,0
DA:627,0
DA:628,0
DA:632,0
DA:634,0
DA:635,0
DA:637,0
DA:639,0
DA:640,0
DA:641,0
DA:646,0
DA:647,0
DA:653,0
DA:654,0
DA:659,2
LF:379
LH:81
BRDA:27,1,0,0
BRDA:27,1,1,1
BRDA:33,2,0,0
BRDA:33,2,1,11
BRDA:35,3,0,0
BRDA:35,3,1,11
BRDA:41,4,0,0
BRDA:41,4,1,1
BRDA:43,5,0,0
BRDA:43,5,1,1
BRDA:45,6,0,1
BRDA:45,6,1,0
BRDA:47,7,0,1
BRDA:47,7,1,0
BRDA:49,8,0,1
BRDA:49,8,1,0
BRDA:51,9,0,1
BRDA:51,9,1,0
BRDA:53,10,0,1
BRDA:53,10,1,0
BRDA:55,11,0,0
BRDA:55,11,1,1
BRDA:63,12,0,1
BRDA:63,12,1,0
BRDA:67,13,0,0
BRDA:67,13,1,1
BRDA:67,14,0,1
BRDA:67,14,1,1
BRDA:74,15,0,0
BRDA:74,15,1,1
BRDA:74,16,0,1
BRDA:74,16,1,1
BRDA:74,16,2,1
BRDA:78,17,0,1
BRDA:78,17,1,0
BRDA:81,18,0,0
BRDA:81,18,1,1
BRDA:85,19,0,0
BRDA:85,19,1,0
BRDA:85,20,0,0
BRDA:85,20,1,0
BRDA:91,21,0,0
BRDA:91,21,1,0
BRDA:125,22,0,0
BRDA:125,22,1,0
BRDA:125,23,0,0
BRDA:125,23,1,0
BRDA:131,24,0,0
BRDA:131,24,1,0
BRDA:133,25,0,0
BRDA:133,25,1,0
BRDA:133,26,0,0
BRDA:133,26,1,0
BRDA:133,26,2,0
BRDA:139,27,0,0
BRDA:139,27,1,0
BRDA:139,28,0,0
BRDA:139,28,1,0
BRDA:147,29,0,0
BRDA:147,29,1,0
BRDA:155,30,0,0
BRDA:155,30,1,0
BRDA:161,31,0,0
BRDA:161,31,1,0
BRDA:161,32,0,0
BRDA:161,32,1,0
BRDA:161,32,2,0
BRDA:161,32,3,0
BRDA:161,32,4,0
BRDA:161,32,5,0
BRDA:161,32,6,0
BRDA:170,33,0,0
BRDA:170,33,1,0
BRDA:176,34,0,0
BRDA:176,34,1,0
BRDA:182,35,0,0
BRDA:182,35,1,0
BRDA:189,36,0,0
BRDA:189,36,1,0
BRDA:194,37,0,0
BRDA:194,37,1,0
BRDA:194,38,0,0
BRDA:194,38,1,0
BRDA:200,39,0,0
BRDA:200,39,1,0
BRDA:202,40,0,0
BRDA:202,40,1,0
BRDA:208,41,0,0
BRDA:208,41,1,0
BRDA:214,42,0,0
BRDA:214,42,1,0
BRDA:220,43,0,0
BRDA:220,43,1,0
BRDA:226,44,0,0
BRDA:226,44,1,0
BRDA:226,45,0,0
BRDA:226,45,1,0
BRDA:226,45,2,0
BRDA:226,45,3,0
BRDA:226,45,4,0
BRDA:233,46,0,0
BRDA:233,46,1,0
BRDA:239,47,0,0
BRDA:239,47,1,0
BRDA:245,48,0,0
BRDA:245,48,1,0
BRDA:248,49,0,0
BRDA:248,49,1,0
BRDA:248,50,0,0
BRDA:248,50,1,0
BRDA:260,51,0,0
BRDA:260,51,1,0
BRDA:266,52,0,0
BRDA:266,52,1,0
BRDA:266,53,0,0
BRDA:266,53,1,0
BRDA:272,54,0,0
BRDA:272,54,1,0
BRDA:279,55,0,0
BRDA:279,55,1,0
BRDA:279,56,0,0
BRDA:279,56,1,0
BRDA:292,57,0,0
BRDA:292,57,1,0
BRDA:303,58,0,0
BRDA:303,58,1,0
BRDA:303,59,0,0
BRDA:303,59,1,0
BRDA:356,60,0,0
BRDA:356,60,1,0
BRDA:361,61,0,0
BRDA:361,61,1,0
BRDA:364,62,0,0
BRDA:364,62,1,0
BRDA:364,63,0,0
BRDA:364,63,1,0
BRDA:381,64,0,0
BRDA:381,64,1,0
BRDA:384,65,0,0
BRDA:384,65,1,0
BRDA:384,66,0,0
BRDA:384,66,1,0
BRDA:402,67,0,0
BRDA:402,67,1,0
BRDA:402,68,0,0
BRDA:402,68,1,0
BRDA:402,68,2,0
BRDA:402,68,3,0
BRDA:404,69,0,0
BRDA:404,69,1,0
BRDA:404,70,0,0
BRDA:404,70,1,0
BRDA:404,70,2,0
BRDA:406,71,0,0
BRDA:406,71,1,0
BRDA:406,72,0,0
BRDA:406,72,1,0
BRDA:406,72,2,0
BRDA:408,73,0,0
BRDA:408,73,1,0
BRDA:408,74,0,0
BRDA:408,74,1,0
BRDA:408,74,2,0
BRDA:412,75,0,0
BRDA:412,75,1,0
BRDA:442,76,0,0
BRDA:442,76,1,1
BRDA:442,77,0,1
BRDA:442,77,1,1
BRDA:442,77,2,1
BRDA:442,77,3,1
BRDA:442,77,4,1
BRDA:442,77,5,1
BRDA:442,77,6,1
BRDA:442,77,7,1
BRDA:442,77,8,1
BRDA:442,77,9,1
BRDA:442,77,10,1
BRDA:451,78,0,0
BRDA:451,78,1,1
BRDA:457,79,0,0
BRDA:457,79,1,1
BRDA:463,80,0,0
BRDA:463,80,1,1
BRDA:469,81,0,0
BRDA:469,81,1,1
BRDA:475,82,0,0
BRDA:475,82,1,1
BRDA:484,83,0,0
BRDA:484,83,1,1
BRDA:491,84,0,0
BRDA:491,84,1,0
BRDA:491,85,0,0
BRDA:491,85,1,0
BRDA:491,85,2,0
BRDA:491,85,3,0
BRDA:491,85,4,0
BRDA:498,86,0,0
BRDA:498,86,1,0
BRDA:498,87,0,0
BRDA:498,87,1,0
BRDA:498,87,2,0
BRDA:498,87,3,0
BRDA:498,87,4,0
BRDA:504,88,0,0
BRDA:504,88,1,0
BRDA:517,89,0,0
BRDA:517,89,1,1
BRDA:524,90,0,0
BRDA:524,90,1,0
BRDA:536,91,0,0
BRDA:536,91,1,0
BRDA:538,92,0,0
BRDA:538,92,1,0
BRDA:543,93,0,0
BRDA:543,93,1,0
BRDA:549,94,0,0
BRDA:549,94,1,0
BRDA:562,95,0,0
BRDA:562,95,1,1
BRDA:572,96,0,0
BRDA:572,96,1,1
BRDA:574,97,0,0
BRDA:574,97,1,0
BRDA:582,98,0,1
BRDA:582,98,1,0
BRDA:589,99,0,0
BRDA:589,99,1,1
BRDA:591,100,0,0
BRDA:591,100,1,1
BRDA:593,101,0,0
BRDA:593,101,1,1
BRDA:604,102,0,0
BRDA:604,102,1,0
BRDA:607,103,0,0
BRDA:607,103,1,0
BRDA:607,104,0,0
BRDA:607,104,1,0
BRDA:613,105,0,0
BRDA:613,105,1,0
BRDA:618,106,0,0
BRDA:618,106,1,0
BRDA:618,107,0,0
BRDA:618,107,1,0
BRDA:632,108,0,0
BRDA:632,108,1,0
BRDA:637,109,0,0
BRDA:637,109,1,0
BRDA:637,110,0,0
BRDA:637,110,1,0
BRF:250
BRH:46
end_of_record
TN:
SF:/home/nico/zjzs_3.0/routes/user_manage_publish.js
FN:28,(anonymous_1)
FN:38,(anonymous_2)
FN:62,(anonymous_3)
FN:75,(anonymous_4)
FN:96,(anonymous_5)
FN:104,(anonymous_6)
FNF:6
FNH:0
FNDA:0,(anonymous_1)
FNDA:0,(anonymous_2)
FNDA:0,(anonymous_3)
FNDA:0,(anonymous_4)
FNDA:0,(anonymous_5)
FNDA:0,(anonymous_6)
DA:7,2
DA:8,2
DA:9,2
DA:10,2
DA:11,2
DA:12,2
DA:13,2
DA:14,2
DA:15,2
DA:16,2
DA:18,2
DA:19,2
DA:21,2
DA:22,2
DA:23,2
DA:24,2
DA:28,2
DA:29,0
DA:30,0
DA:31,0
DA:38,0
DA:39,0
DA:40,0
DA:43,0
DA:45,0
DA:62,0
DA:63,0
DA:64,0
DA:65,0
DA:66,0
DA:69,0
DA:70,0
DA:71,0
DA:72,0
DA:73,0
DA:75,0
DA:76,0
DA:77,0
DA:78,0
DA:79,0
DA:82,0
DA:84,0
DA:96,0
DA:97,0
DA:98,0
DA:99,0
DA:100,0
DA:103,0
DA:104,0
DA:105,0
DA:106,0
DA:107,0
DA:108,0
DA:111,0
DA:119,2
LF:55
LH:18
BRDA:29,1,0,0
BRDA:29,1,1,0
BRDA:39,2,0,0
BRDA:39,2,1,0
BRDA:39,3,0,0
BRDA:39,3,1,0
BRDA:63,4,0,0
BRDA:63,4,1,0
BRDA:76,5,0,0
BRDA:76,5,1,0
BRDA:97,6,0,0
BRDA:97,6,1,0
BRDA:105,7,0,0
BRDA:105,7,1,0
BRF:14
BRH:0
end_of_record
TN:
SF:/home/nico/zjzs_3.0/routes/user_purchase.js
FN:13,(anonymous_1)
FN:18,(anonymous_2)
FN:29,(anonymous_3)
FN:42,(anonymous_4)
FN:68,(anonymous_5)
FN:79,(anonymous_6)
FN:90,(anonymous_7)
FN:108,(anonymous_8)
FN:115,(anonymous_9)
FN:122,(anonymous_10)
FN:130,(anonymous_11)
FN:140,(anonymous_12)
FN:147,(anonymous_13)
FN:153,(anonymous_14)
FN:161,(anonymous_15)
FNF:15
FNH:0
FNDA:0,(anonymous_1)
FNDA:0,(anonymous_2)
FNDA:0,(anonymous_3)
FNDA:0,(anonymous_4)
FNDA:0,(anonymous_5)
FNDA:0,(anonymous_6)
FNDA:0,(anonymous_7)
FNDA:0,(anonymous_8)
FNDA:0,(anonymous_9)
FNDA:0,(anonymous_10)
FNDA:0,(anonymous_11)
FNDA:0,(anonymous_12)
FNDA:0,(anonymous_13)
FNDA:0,(anonymous_14)
FNDA:0,(anonymous_15)
DA:1,2
DA:2,2
DA:4,2
DA:5,2
DA:6,2
DA:8,2
DA:9,2
DA:10,2
DA:11,2
DA:13,2
DA:15,0
DA:18,2
DA:20,0
DA:22,0
DA:23,0
DA:25,0
DA:31,0
DA:33,0
DA:34,0
DA:36,0
DA:37,0
DA:38,0
DA:40,0
DA:42,0
DA:44,0
DA:46,0
DA:47,0
DA:49,0
DA:51,0
DA:53,0
DA:54,0
DA:55,0
DA:57,0
DA:58,0
DA:59,0
DA:61,0
DA:63,0
DA:68,2
DA:70,0
DA:72,0
DA:73,0
DA:75,0
DA:81,0
DA:83,0
DA:84,0
DA:86,0
DA:92,0
DA:94,0
DA:95,0
DA:97,0
DA:98,0
DA:99,0
DA:100,0
DA:101,0
DA:102,0
DA:103,0
DA:108,2
DA:110,0
DA:112,0
DA:113,0
DA:115,0
DA:117,0
DA:124,0
DA:126,0
DA:127,0
DA:128,0
DA:130,0
DA:132,0
DA:133,0
DA:134,0
DA:140,2
DA:142,0
DA:144,0
DA:145,0
DA:147,0
DA:149,0
DA:155,0
DA:157,0
DA:158,0
DA:159,0
DA:161,0
DA:163,0
DA:164,0
DA:165,0
DA:171,2
LF:85
LH:15
BRDA:20,1,0,0
BRDA:20,1,1,0
BRDA:31,2,0,0
BRDA:31,2,1,0
BRDA:31,3,0,0
BRDA:31,3,1,0
BRDA:44,4,0,0
BRDA:44,4,1,0
BRDA:44,5,0,0
BRDA:44,5,1,0
BRDA:70,6,0,0
BRDA:70,6,1,0
BRDA:81,7,0,0
BRDA:81,7,1,0
BRDA:81,8,0,0
BRDA:81,8,1,0
BRDA:92,9,0,0
BRDA:92,9,1,0
BRDA:92,10,0,0
BRDA:92,10,1,0
BRDA:110,11,0,0
BRDA:110,11,1,0
BRDA:124,12,0,0
BRDA:124,12,1,0
BRDA:124,13,0,0
BRDA:124,13,1,0
BRDA:142,14,0,0
BRDA:142,14,1,0
BRDA:155,15,0,0
BRDA:155,15,1,0
BRDA:155,16,0,0
BRDA:155,16,1,0
BRF:32
BRH:0
end_of_record
TN:
SF:/home/nico/zjzs_3.0/routes/user_upload_pic.js
FN:9,(anonymous_1)
FNF:1
FNH:0
FNDA:0,(anonymous_1)
DA:1,2
DA:2,2
DA:3,2
DA:5,2
DA:7,2
DA:9,2
DA:11,0
DA:12,0
DA:14,0
DA:15,0
DA:17,0
DA:18,0
DA:20,0
DA:23,2
LF:14
LH:7
BRDA:12,1,0,0
BRDA:12,1,1,0
BRDA:17,2,0,0
BRDA:17,2,1,0
BRF:4
BRH:0
end_of_record
TN:
SF:/home/nico/zjzs_3.0/routes/weixin.js
FN:6,(anonymous_1)
FN:13,(anonymous_2)
FN:18,(anonymous_3)
FN:31,(anonymous_4)
FN:35,(anonymous_5)
FNF:5
FNH:3
FNDA:1,(anonymous_1)
FNDA:1,(anonymous_2)
FNDA:0,(anonymous_3)
FNDA:1,(anonymous_4)
FNDA:0,(anonymous_5)
DA:1,2
DA:2,2
DA:3,2
DA:4,2
DA:6,2
DA:7,1
DA:9,1
DA:11,0
DA:13,2
DA:14,1
DA:16,0
DA:17,0
DA:18,0
DA:19,0
DA:23,1
DA:25,0
DA:27,1
DA:31,2
DA:32,1
DA:35,2
DA:36,0
DA:39,2
LF:22
LH:15
BRDA:7,1,0,1
BRDA:7,1,1,0
BRDA:14,2,0,0
BRDA:14,2,1,1
BRF:4
BRH:2
end_of_record
TN:
SF:/home/nico/zjzs_3.0/weixin_basic/connect_verify.js
FN:5,(anonymous_1)
FN:22,(anonymous_2)
FNF:2
FNH:0
FNDA:0,(anonymous_1)
FNDA:0,(anonymous_2)
DA:1,2
DA:2,2
DA:4,2
DA:9,0
DA:10,0
DA:12,0
DA:13,0
DA:15,0
DA:16,0
DA:17,0
DA:18,0
DA:21,2
DA:24,0
LF:13
LH:4
BRDA:9,1,0,0
BRDA:9,1,1,0
BRDA:9,2,0,0
BRDA:9,2,1,0
BRDA:9,2,2,0
BRF:5
BRH:0
end_of_record
TN:
SF:/home/nico/zjzs_3.0/weixin_handler/handler_main.js
FN:24,(anonymous_1)
FN:27,(anonymous_2)
FNF:2
FNH:0
FNDA:0,(anonymous_1)
FNDA:0,(anonymous_2)
DA:1,2
DA:2,2
DA:3,2
DA:4,2
DA:12,2
DA:24,2
DA:27,0
DA:29,0
DA:31,0
DA:32,0
DA:33,0
DA:35,0
DA:36,0
DA:37,0
DA:40,0
DA:42,0
DA:44,0
DA:45,0
DA:48,0
LF:19
LH:6
BRDA:29,1,0,0
BRDA:29,1,1,0
BRDA:36,2,0,0
BRDA:36,2,1,0
BRDA:42,3,0,0
BRDA:42,3,1,0
BRF:6
BRH:0
end_of_record
TN:
SF:/home/nico/zjzs_3.0/weixin_handler/handler_account.js
FN:18,(anonymous_1)
FN:27,sendBindInfo
FN:35,(anonymous_3)
FN:38,(anonymous_4)
FN:41,(anonymous_5)
FN:47,(anonymous_6)
FN:56,(anonymous_7)
FN:59,(anonymous_8)
FN:62,(anonymous_9)
FN:64,(anonymous_10)
FN:69,(anonymous_11)
FN:78,(anonymous_12)
FN:87,(anonymous_13)
FN:89,(anonymous_14)
FN:117,(anonymous_15)
FN:127,(anonymous_16)
FN:141,(anonymous_17)
FN:149,(anonymous_18)
FN:153,(anonymous_19)
FN:155,(anonymous_20)
FN:160,(anonymous_21)
FN:166,(anonymous_22)
FNF:22
FNH:0
FNDA:0,(anonymous_1)
FNDA:0,sendBindInfo
FNDA:0,(anonymous_3)
FNDA:0,(anonymous_4)
FNDA:0,(anonymous_5)
FNDA:0,(anonymous_6)
FNDA:0,(anonymous_7)
FNDA:0,(anonymous_8)
FNDA:0,(anonymous_9)
FNDA:0,(anonymous_10)
FNDA:0,(anonymous_11)
FNDA:0,(anonymous_12)
FNDA:0,(anonymous_13)
FNDA:0,(anonymous_14)
FNDA:0,(anonymous_15)
FNDA:0,(anonymous_16)
FNDA:0,(anonymous_17)
FNDA:0,(anonymous_18)
FNDA:0,(anonymous_19)
FNDA:0,(anonymous_20)
FNDA:0,(anonymous_21)
FNDA:0,(anonymous_22)
DA:1,2
DA:2,2
DA:3,2
DA:4,2
DA:5,2
DA:6,2
DA:7,2
DA:8,2
DA:10,2
DA:13,2
DA:14,2
DA:15,2
DA:16,2
DA:18,2
DA:20,0
DA:21,0
DA:22,0
DA:23,0
DA:24,0
DA:25,0
DA:27,1
DA:29,0
DA:30,0
DA:35,2
DA:37,0
DA:38,0
DA:40,0
DA:43,0
DA:47,2
DA:49,0
DA:50,0
DA:51,0
DA:52,0
DA:53,0
DA:54,0
DA:56,2
DA:58,0
DA:59,0
DA:61,0
DA:64,0
DA:66,0
DA:71,0
DA:72,0
DA:78,2
DA:80,0
DA:81,0
DA:82,0
DA:83,0
DA:84,0
DA:85,0
DA:87,2
DA:89,0
DA:91,0
DA:93,0
DA:94,0
DA:96,0
DA:97,0
DA:98,0
DA:100,0
DA:101,0
DA:102,0
DA:103,0
DA:105,0
DA:106,0
DA:108,0
DA:109,0
DA:110,0
DA:113,0
DA:117,2
DA:119,0
DA:120,0
DA:121,0
DA:122,0
DA:123,0
DA:124,0
DA:125,0
DA:127,2
DA:129,0
DA:130,0
DA:131,0
DA:132,0
DA:133,0
DA:135,0
DA:136,0
DA:138,0
DA:141,2
DA:143,0
DA:144,0
DA:145,0
DA:146,0
DA:147,0
DA:149,2
DA:152,0
DA:153,0
DA:155,0
DA:157,0
DA:162,0
DA:163,0
DA:168,0
LF:99
LH:24
BRDA:20,1,0,0
BRDA:20,1,1,0
BRDA:21,2,0,0
BRDA:21,2,1,0
BRDA:23,3,0,0
BRDA:23,3,1,0
BRDA:49,4,0,0
BRDA:49,4,1,0
BRDA:50,5,0,0
BRDA:50,5,1,0
BRDA:52,6,0,0
BRDA:52,6,1,0
BRDA:80,7,0,0
BRDA:80,7,1,0
BRDA:81,8,0,0
BRDA:81,8,1,0
BRDA:83,9,0,0
BRDA:83,9,1,0
BRDA:91,10,0,0
BRDA:91,10,1,0
BRDA:103,11,0,0
BRDA:103,11,1,0
BRDA:120,12,0,0
BRDA:120,12,1,0
BRDA:121,13,0,0
BRDA:121,13,1,0
BRDA:123,14,0,0
BRDA:123,14,1,0
BRDA:144,15,0,0
BRDA:144,15,1,0
BRDA:145,16,0,0
BRDA:145,16,1,0
BRF:32
BRH:0
end_of_record
TN:
SF:/home/nico/zjzs_3.0/routes/handleRequest.js
FN:20,addZero
FN:27,getTime
FN:40,getRandomString
FN:49,generateUniqueCode
FN:63,(anonymous_5)
FN:64,(anonymous_6)
FN:76,(anonymous_7)
FN:107,distributeTicket
FN:108,(anonymous_9)
FN:117,(anonymous_10)
FNF:10
FNH:0
FNDA:0,addZero
FNDA:0,getTime
FNDA:0,getRandomString
FNDA:0,generateUniqueCode
FNDA:0,(anonymous_5)
FNDA:0,(anonymous_6)
FNDA:0,(anonymous_7)
FNDA:0,distributeTicket
FNDA:0,(anonymous_9)
FNDA:0,(anonymous_10)
DA:1,2
DA:2,2
DA:3,2
DA:5,2
DA:6,2
DA:7,2
DA:8,2
DA:9,2
DA:10,2
DA:13,2
DA:15,2
DA:16,2
DA:17,2
DA:18,2
DA:20,1
DA:22,0
DA:23,0
DA:24,0
DA:27,1
DA:29,0
DA:30,0
DA:31,0
DA:32,0
DA:40,1
DA:42,0
DA:44,0
DA:45,0
DA:46,0
DA:49,1
DA:51,0
DA:53,0
DA:55,0
DA:57,0
DA:58,0
DA:63,2
DA:64,0
DA:65,0
DA:66,0
DA:68,0
DA:70,0
DA:71,0
DA:72,0
DA:73,0
DA:74,0
DA:75,0
DA:76,0
DA:77,0
DA:79,0
DA:81,0
DA:82,0
DA:83,0
DA:85,0
DA:86,0
DA:87,0
DA:88,0
DA:89,0
DA:90,0
DA:91,0
DA:92,0
DA:93,0
DA:94,0
DA:95,0
DA:107,1
DA:108,0
DA:109,0
DA:110,0
DA:111,0
DA:112,0
DA:113,0
DA:114,0
DA:115,0
DA:117,0
DA:118,0
DA:119,0
DA:120,0
DA:121,0
DA:122,0
DA:123,0
DA:124,0
DA:125,0
DA:126,0
DA:127,0
DA:129,0
DA:138,0
DA:139,0
DA:140,0
DA:144,0
DA:147,0
LF:88
LH:20
BRDA:22,1,0,0
BRDA:22,1,1,0
BRDA:29,2,0,0
BRDA:29,2,1,0
BRDA:37,3,0,0
BRDA:37,3,1,0
BRDA:55,4,0,0
BRDA:55,4,1,0
BRDA:66,5,0,0
BRDA:66,5,1,0
BRDA:66,6,0,0
BRDA:66,6,1,0
BRDA:77,7,0,0
BRDA:77,7,1,0
BRDA:77,8,0,0
BRDA:77,8,1,0
BRDA:81,9,0,0
BRDA:81,9,1,0
BRDA:109,10,0,0
BRDA:109,10,1,0
BRDA:111,11,0,0
BRDA:111,11,1,0
BRDA:113,12,0,0
BRDA:113,12,1,0
BRDA:118,13,0,0
BRDA:118,13,1,0
BRDA:120,14,0,0
BRDA:120,14,1,0
BRDA:121,15,0,0
BRDA:121,15,1,0
BRDA:126,16,0,0
BRDA:126,16,1,0
BRF:32
BRH:0
end_of_record
TN:
SF:/home/nico/zjzs_3.0/weixin_basic/module_message.js
FN:90,addZero
FN:97,getTime
FN:110,(anonymous_3)
FN:129,(anonymous_4)
FN:130,(anonymous_5)
FN:133,(anonymous_6)
FN:136,(anonymous_7)
FN:144,(anonymous_8)
FN:176,(anonymous_9)
FN:178,(anonymous_10)
FN:182,(anonymous_11)
FN:185,(anonymous_12)
FNF:12
FNH:0
FNDA:0,addZero
FNDA:0,getTime
FNDA:0,(anonymous_3)
FNDA:0,(anonymous_4)
FNDA:0,(anonymous_5)
FNDA:0,(anonymous_6)
FNDA:0,(anonymous_7)
FNDA:0,(anonymous_8)
FNDA:0,(anonymous_9)
FNDA:0,(anonymous_10)
FNDA:0,(anonymous_11)
FNDA:0,(anonymous_12)
DA:4,2
DA:6,2
DA:7,2
DA:8,2
DA:9,2
DA:19,2
DA:21,2
DA:54,2
DA:90,1
DA:92,0
DA:93,0
DA:94,0
DA:97,1
DA:99,0
DA:100,0
DA:101,0
DA:102,0
DA:110,2
DA:111,0
DA:112,0
DA:113,0
DA:114,0
DA:115,0
DA:116,0
DA:117,0
DA:118,0
DA:129,0
DA:130,0
DA:134,0
DA:137,0
DA:139,0
DA:140,0
DA:144,2
DA:145,0
DA:146,0
DA:147,0
DA:148,0
DA:150,0
DA:152,0
DA:153,0
DA:154,0
DA:155,0
DA:156,0
DA:157,0
DA:160,0
DA:161,0
DA:164,0
DA:165,0
DA:176,0
DA:177,0
DA:178,0
DA:181,0
DA:183,0
DA:186,0
DA:188,0
DA:189,0
DA:190,0
DA:191,0
DA:192,0
DA:193,0
LF:60
LH:12
BRDA:92,1,0,0
BRDA:92,1,1,0
BRDA:99,2,0,0
BRDA:99,2,1,0
BRDA:107,3,0,0
BRDA:107,3,1,0
BRDA:147,4,0,0
BRDA:147,4,1,0
BRDA:152,5,0,0
BRDA:152,5,1,0
BRDA:155,6,0,0
BRDA:155,6,1,0
BRF:12
BRH:0
end_of_record
TN:
SF:/home/nico/zjzs_3.0/routes/validate.js
FN:12,(anonymous_1)
FN:18,(anonymous_2)
FN:28,(anonymous_3)
FN:30,(anonymous_4)
FN:39,(anonymous_5)
FN:51,(anonymous_6)
FN:53,(anonymous_7)
FN:57,(anonymous_8)
FN:58,(anonymous_9)
FN:60,(anonymous_10)
FN:62,(anonymous_11)
FN:69,(anonymous_12)
FN:105,(anonymous_13)
FNF:13
FNH:0
FNDA:0,(anonymous_1)
FNDA:0,(anonymous_2)
FNDA:0,(anonymous_3)
FNDA:0,(anonymous_4)
FNDA:0,(anonymous_5)
FNDA:0,(anonymous_6)
FNDA:0,(anonymous_7)
FNDA:0,(anonymous_8)
FNDA:0,(anonymous_9)
FNDA:0,(anonymous_10)
FNDA:0,(anonymous_11)
FNDA:0,(anonymous_12)
FNDA:0,(anonymous_13)
DA:1,2
DA:2,2
DA:3,2
DA:4,2
DA:5,2
DA:6,2
DA:7,2
DA:9,2
DA:10,2
DA:12,2
DA:13,0
DA:14,0
DA:15,0
DA:18,0
DA:19,0
DA:20,0
DA:21,0
DA:22,0
DA:23,0
DA:28,2
DA:29,0
DA:31,0
DA:32,0
DA:35,0
DA:39,2
DA:40,0
DA:41,0
DA:42,0
DA:51,0
DA:52,0
DA:53,0
DA:55,0
DA:56,0
DA:57,0
DA:58,0
DA:59,0
DA:60,0
DA:61,0
DA:62,0
DA:63,0
DA:64,0
DA:65,0
DA:69,0
DA:70,0
DA:71,0
DA:72,0
DA:78,0
DA:79,0
DA:80,0
DA:81,0
DA:82,0
DA:83,0
DA:86,0
DA:87,0
DA:88,0
DA:89,0
DA:92,0
DA:93,0
DA:94,0
DA:101,0
DA:102,0
DA:105,0
DA:107,0
DA:108,0
DA:109,0
DA:112,2
LF:66
LH:13
BRDA:13,1,0,0
BRDA:13,1,1,0
BRDA:20,2,0,0
BRDA:20,2,1,0
BRDA:31,3,0,0
BRDA:31,3,1,0
BRDA:31,4,0,0
BRDA:31,4,1,0
BRDA:56,5,0,0
BRDA:56,5,1,0
BRDA:59,6,0,0
BRDA:59,6,1,0
BRDA:61,7,0,0
BRDA:61,7,1,0
BRDA:81,8,0,0
BRDA:81,8,1,0
BRDA:86,9,0,0
BRDA:86,9,1,0
BRF:18
BRH:0
end_of_record
TN:
SF:/home/nico/zjzs_3.0/routes/ticketsinfo.js
FN:10,translateSeatNum
FN:60,addZero
FN:66,getTime
FN:80,(anonymous_4)
FN:86,(anonymous_5)
FN:96,(anonymous_6)
FNF:6
FNH:5
FNDA:0,translateSeatNum
FNDA:6,addZero
FNDA:3,getTime
FNDA:3,(anonymous_4)
FNDA:2,(anonymous_5)
FNDA:1,(anonymous_6)
DA:1,2
DA:2,2
DA:3,2
DA:4,2
DA:6,2
DA:7,2
DA:8,2
DA:10,1
DA:12,0
DA:13,0
DA:14,0
DA:17,0
DA:18,0
DA:19,0
DA:21,0
DA:22,0
DA:23,0
DA:25,0
DA:26,0
DA:27,0
DA:29,0
DA:30,0
DA:31,0
DA:33,0
DA:34,0
DA:35,0
DA:37,0
DA:38,0
DA:39,0
DA:41,0
DA:42,0
DA:43,0
DA:45,0
DA:46,0
DA:47,0
DA:49,0
DA:50,0
DA:51,0
DA:54,0
DA:55,0
DA:56,0
DA:58,0
DA:60,1
DA:62,6
DA:63,0
DA:64,6
DA:66,1
DA:68,3
DA:69,0
DA:70,3
DA:71,3
DA:80,2
DA:81,3
DA:82,1
DA:83,1
DA:86,2
DA:87,2
DA:88,1
DA:89,1
DA:92,1
DA:93,1
DA:94,1
DA:96,1
DA:97,1
DA:98,0
DA:99,0
DA:102,1
DA:103,1
DA:104,1
DA:105,1
DA:106,1
DA:107,1
DA:108,1
DA:109,1
DA:111,1
DA:113,1
DA:115,0
DA:120,0
DA:123,1
DA:124,0
DA:126,1
DA:127,1
DA:128,0
DA:130,1
DA:132,1
DA:133,1
DA:135,0
DA:136,0
DA:145,0
DA:146,0
DA:147,0
DA:149,0
DA:150,0
DA:151,0
DA:154,1
DA:155,1
DA:171,1
DA:178,2
LF:98
LH:48
BRDA:14,1,0,0
BRDA:14,1,1,0
BRDA:14,1,2,0
BRDA:14,1,3,0
BRDA:14,1,4,0
BRDA:14,1,5,0
BRDA:14,1,6,0
BRDA:14,1,7,0
BRDA:14,1,8,0
BRDA:55,2,0,0
BRDA:55,2,1,0
BRDA:62,3,0,0
BRDA:62,3,1,6
BRDA:68,4,0,0
BRDA:68,4,1,3
BRDA:76,5,0,0
BRDA:76,5,1,3
BRDA:81,6,0,1
BRDA:81,6,1,2
BRDA:87,7,0,1
BRDA:87,7,1,1
BRDA:97,8,0,0
BRDA:97,8,1,1
BRDA:113,9,0,0
BRDA:113,9,1,1
BRDA:113,10,0,1
BRDA:113,10,1,1
BRDA:123,11,0,0
BRDA:123,11,1,1
BRDA:123,12,0,1
BRDA:123,12,1,0
BRDA:127,13,0,0
BRDA:127,13,1,1
BRDA:130,14,0,1
BRDA:130,14,1,0
BRDA:133,15,0,0
BRDA:133,15,1,1
BRDA:133,16,0,1
BRDA:133,16,1,0
BRDA:133,16,2,0
BRDA:145,17,0,0
BRDA:145,17,1,0
BRDA:147,18,0,0
BRDA:147,18,1,0
BRDA:150,19,0,0
BRDA:150,19,1,0
BRDA:167,20,0,1
BRDA:167,20,1,0
BRF:48
BRH:18
end_of_record
TN:
SF:/home/nico/zjzs_3.0/routes/login.js
FN:11,(anonymous_1)
FN:19,(anonymous_2)
FN:22,(anonymous_3)
FNF:3
FNH:3
FNDA:8,(anonymous_1)
FNDA:7,(anonymous_2)
FNDA:7,(anonymous_3)
DA:1,2
DA:2,2
DA:4,2
DA:5,2
DA:6,2
DA:8,2
DA:9,2
DA:11,2
DA:13,8
DA:14,0
DA:16,8
DA:19,2
DA:21,7
DA:22,7
DA:24,7
DA:26,0
DA:27,0
DA:31,7
DA:33,6
DA:34,6
DA:35,6
DA:39,1
DA:40,1
DA:43,7
DA:44,7
DA:48,2
LF:26
LH:23
BRDA:13,1,0,0
BRDA:13,1,1,8
BRDA:24,2,0,0
BRDA:24,2,1,7
BRDA:24,3,0,7
BRDA:24,3,1,7
BRDA:31,4,0,6
BRDA:31,4,1,1
BRF:8
BRH:6
end_of_record
TN:
SF:/home/nico/zjzs_3.0/routes/activity_info.js
FN:12,addZero
FN:18,getTime
FN:30,(anonymous_3)
FN:45,(anonymous_4)
FN:59,(anonymous_5)
FNF:5
FNH:0
FNDA:0,addZero
FNDA:0,getTime
FNDA:0,(anonymous_3)
FNDA:0,(anonymous_4)
FNDA:0,(anonymous_5)
DA:1,2
DA:2,2
DA:4,2
DA:5,2
DA:6,2
DA:8,2
DA:9,2
DA:10,2
DA:12,1
DA:14,0
DA:15,0
DA:16,0
DA:18,1
DA:20,0
DA:21,0
DA:22,0
DA:23,0
DA:30,2
DA:32,0
DA:34,0
DA:35,0
DA:38,0
DA:40,0
DA:45,0
DA:47,0
DA:48,0
DA:49,0
DA:52,0
DA:53,0
DA:54,0
DA:56,0
DA:59,0
DA:61,0
DA:63,0
DA:64,0
DA:66,0
DA:67,0
DA:68,0
DA:69,0
DA:70,0
DA:71,0
DA:72,0
DA:73,0
DA:100,0
DA:105,2
LF:45
LH:12
BRDA:14,1,0,0
BRDA:14,1,1,0
BRDA:20,2,0,0
BRDA:20,2,1,0
BRDA:28,3,0,0
BRDA:28,3,1,0
BRDA:32,4,0,0
BRDA:32,4,1,0
BRDA:47,5,0,0
BRDA:47,5,1,0
BRDA:53,6,0,0
BRDA:53,6,1,0
BRDA:61,7,0,0
BRDA:61,7,1,0
BRDA:61,8,0,0
BRDA:61,8,1,0
BRDA:69,9,0,0
BRDA:69,9,1,0
BRDA:69,10,0,0
BRDA:69,10,1,0
BRDA:71,11,0,0
BRDA:71,11,1,0
BRF:22
BRH:0
end_of_record
TN:
SF:/home/nico/zjzs_3.0/routes/choose_seat.js
FN:12,translateSeatNum
FN:62,checkValidity
FN:69,(anonymous_3)
FN:96,(anonymous_4)
FN:127,addZero
FN:133,getTime
FN:145,(anonymous_7)
FN:147,(anonymous_8)
FN:149,(anonymous_9)
FN:194,(anonymous_10)
FN:196,(anonymous_11)
FN:204,(anonymous_12)
FN:215,(anonymous_13)
FN:222,(anonymous_14)
FNF:14
FNH:13
FNDA:2,translateSeatNum
FNDA:15,checkValidity
FNDA:13,(anonymous_3)
FNDA:9,(anonymous_4)
FNDA:4,addZero
FNDA:2,getTime
FNDA:6,(anonymous_7)
FNDA:2,(anonymous_8)
FNDA:2,(anonymous_9)
FNDA:9,(anonymous_10)
FNDA:7,(anonymous_11)
FNDA:7,(anonymous_12)
FNDA:4,(anonymous_13)
FNDA:0,(anonymous_14)
DA:1,2
DA:2,2
DA:4,2
DA:5,2
DA:7,2
DA:8,2
DA:9,2
DA:10,2
DA:12,1
DA:14,2
DA:15,2
DA:16,2
DA:19,2
DA:20,2
DA:21,2
DA:23,0
DA:24,0
DA:25,0
DA:27,0
DA:28,0
DA:29,0
DA:31,0
DA:32,0
DA:33,0
DA:35,0
DA:36,0
DA:37,0
DA:39,0
DA:40,0
DA:41,0
DA:43,0
DA:44,0
DA:45,0
DA:47,0
DA:48,0
DA:49,0
DA:51,0
DA:52,0
DA:53,0
DA:56,2
DA:57,2
DA:58,0
DA:60,2
DA:62,1
DA:64,15
DA:66,2
DA:67,2
DA:69,13
DA:71,13
DA:73,2
DA:74,2
DA:78,11
DA:79,11
DA:81,0
DA:82,0
DA:84,11
DA:86,2
DA:87,2
DA:88,2
DA:93,2
DA:96,9
DA:98,9
DA:100,0
DA:101,0
DA:105,9
DA:107,0
DA:108,0
DA:110,9
DA:111,9
DA:113,0
DA:118,0
DA:120,9
DA:127,1
DA:129,4
DA:130,0
DA:131,4
DA:133,1
DA:135,2
DA:136,2
DA:137,2
DA:138,2
DA:145,2
DA:147,6
DA:149,2
DA:151,2
DA:153,0
DA:154,0
DA:156,2
DA:157,2
DA:158,0
DA:159,2
DA:160,2
DA:162,580
DA:164,576
DA:165,576
DA:166,576
DA:167,16
DA:168,576
DA:169,4
DA:172,2
DA:173,2
DA:174,2
DA:176,16
DA:177,0
DA:179,16
DA:181,2
DA:189,2
DA:194,2
DA:196,9
DA:198,7
DA:199,7
DA:200,7
DA:201,7
DA:202,7
DA:203,7
DA:204,7
DA:206,7
DA:209,3
DA:210,3
DA:212,4
DA:217,4
DA:220,0
DA:221,0
DA:222,0
DA:223,0
DA:225,4
DA:231,2
LF:127
LH:85
BRDA:16,1,0,2
BRDA:16,1,1,0
BRDA:16,1,2,0
BRDA:16,1,3,0
BRDA:16,1,4,0
BRDA:16,1,5,0
BRDA:16,1,6,0
BRDA:16,1,7,0
BRDA:16,1,8,0
BRDA:57,2,0,0
BRDA:57,2,1,2
BRDA:64,3,0,2
BRDA:64,3,1,13
BRDA:71,4,0,2
BRDA:71,4,1,11
BRDA:79,5,0,0
BRDA:79,5,1,11
BRDA:79,6,0,11
BRDA:79,6,1,0
BRDA:84,7,0,2
BRDA:84,7,1,9
BRDA:87,8,0,0
BRDA:87,8,1,2
BRDA:98,9,0,0
BRDA:98,9,1,9
BRDA:105,10,0,0
BRDA:105,10,1,9
BRDA:111,11,0,0
BRDA:111,11,1,9
BRDA:111,12,0,9
BRDA:111,12,1,9
BRDA:129,13,0,0
BRDA:129,13,1,4
BRDA:135,14,0,2
BRDA:135,14,1,0
BRDA:143,15,0,0
BRDA:143,15,1,2
BRDA:151,16,0,0
BRDA:151,16,1,2
BRDA:151,17,0,2
BRDA:151,17,1,2
BRDA:157,18,0,0
BRDA:157,18,1,2
BRDA:162,19,0,576
BRDA:162,19,1,4
BRDA:162,20,0,580
BRDA:162,20,1,578
BRDA:162,20,2,576
BRDA:166,21,0,16
BRDA:166,21,1,560
BRDA:168,22,0,4
BRDA:168,22,1,572
BRDA:176,23,0,0
BRDA:176,23,1,16
BRDA:206,24,0,3
BRDA:206,24,1,4
BRDA:206,25,0,7
BRDA:206,25,1,7
BRDA:217,26,0,0
BRDA:217,26,1,4
BRDA:217,27,0,4
BRDA:217,27,1,4
BRF:62
BRH:40
end_of_record
TN:
SF:/home/nico/zjzs_3.0/routes/choose_area.js
FN:14,checkValidity
FN:34,(anonymous_2)
FN:62,(anonymous_3)
FN:96,addZero
FN:102,getTime
FN:114,(anonymous_6)
FN:116,(anonymous_7)
FN:119,(anonymous_8)
FN:152,(anonymous_9)
FN:154,(anonymous_10)
FN:162,(anonymous_11)
FN:177,(anonymous_12)
FN:185,(anonymous_13)
FNF:13
FNH:12
FNDA:14,checkValidity
FNDA:11,(anonymous_2)
FNDA:8,(anonymous_3)
FNDA:2,addZero
FNDA:1,getTime
FNDA:4,(anonymous_6)
FNDA:1,(anonymous_7)
FNDA:1,(anonymous_8)
FNDA:10,(anonymous_9)
FNDA:7,(anonymous_10)
FNDA:7,(anonymous_11)
FNDA:4,(anonymous_12)
FNDA:0,(anonymous_13)
DA:1,2
DA:2,2
DA:4,2
DA:5,2
DA:7,2
DA:8,2
DA:9,2
DA:10,2
DA:12,2
DA:14,1
DA:16,14
DA:18,1
DA:19,1
DA:21,13
DA:23,2
DA:28,2
DA:32,11
DA:34,11
DA:36,11
DA:38,1
DA:39,1
DA:40,1
DA:44,10
DA:45,10
DA:47,0
DA:48,0
DA:49,0
DA:51,10
DA:53,2
DA:58,2
DA:59,2
DA:62,8
DA:64,8
DA:66,0
DA:67,0
DA:68,0
DA:72,8
DA:74,0
DA:75,0
DA:76,0
DA:78,8
DA:79,8
DA:81,0
DA:86,0
DA:87,0
DA:89,8
DA:96,1
DA:98,2
DA:99,0
DA:100,2
DA:102,1
DA:104,1
DA:105,1
DA:106,1
DA:107,1
DA:114,2
DA:116,4
DA:118,1
DA:119,1
DA:121,1
DA:123,0
DA:124,0
DA:126,1
DA:127,1
DA:128,0
DA:129,1
DA:140,1
DA:142,0
DA:146,1
DA:152,2
DA:154,10
DA:156,7
DA:157,7
DA:158,7
DA:159,7
DA:160,7
DA:161,7
DA:162,7
DA:164,7
DA:166,3
DA:168,3
DA:169,0
DA:171,3
DA:172,3
DA:174,4
DA:179,4
DA:181,0
DA:183,0
DA:184,0
DA:185,0
DA:186,0
DA:188,4
DA:189,4
DA:195,2
LF:94
LH:71
BRDA:16,1,0,1
BRDA:16,1,1,13
BRDA:21,2,0,2
BRDA:21,2,1,11
BRDA:36,3,0,1
BRDA:36,3,1,10
BRDA:45,4,0,0
BRDA:45,4,1,10
BRDA:45,5,0,10
BRDA:45,5,1,0
BRDA:51,6,0,2
BRDA:51,6,1,8
BRDA:64,7,0,0
BRDA:64,7,1,8
BRDA:72,8,0,0
BRDA:72,8,1,8
BRDA:79,9,0,0
BRDA:79,9,1,8
BRDA:79,10,0,8
BRDA:79,10,1,8
BRDA:98,11,0,0
BRDA:98,11,1,2
BRDA:104,12,0,1
BRDA:104,12,1,0
BRDA:112,13,0,0
BRDA:112,13,1,1
BRDA:121,14,0,0
BRDA:121,14,1,1
BRDA:121,15,0,1
BRDA:121,15,1,1
BRDA:127,16,0,0
BRDA:127,16,1,1
BRDA:133,17,0,0
BRDA:133,17,1,1
BRDA:134,18,0,0
BRDA:134,18,1,1
BRDA:135,19,0,0
BRDA:135,19,1,1
BRDA:136,20,0,0
BRDA:136,20,1,1
BRDA:137,21,0,0
BRDA:137,21,1,1
BRDA:140,22,0,0
BRDA:140,22,1,1
BRDA:164,23,0,3
BRDA:164,23,1,4
BRDA:164,24,0,7
BRDA:164,24,1,7
BRDA:168,25,0,0
BRDA:168,25,1,3
BRDA:179,26,0,0
BRDA:179,26,1,4
BRDA:179,27,0,4
BRDA:179,27,1,4
BRF:54
BRH:36
end_of_record
TN:
SF:/home/nico/zjzs_3.0/routes/logout.js
FN:4,(anonymous_1)
FNF:1
FNH:1
FNDA:1,(anonymous_1)
DA:1,2
DA:2,2
DA:4,2
DA:6,1
DA:7,1
DA:10,2
LF:6
LH:6
BRF:0
BRH:0
end_of_record
TN:
SF:/home/nico/zjzs_3.0/routes/acquireid.js
FN:9,(anonymous_1)
FN:20,(anonymous_2)
FNF:2
FNH:0
FNDA:0,(anonymous_1)
FNDA:0,(anonymous_2)
DA:1,2
DA:2,2
DA:4,2
DA:6,2
DA:7,2
DA:9,2
DA:11,0
DA:13,0
DA:14,0
DA:16,0
DA:22,0
DA:24,0
DA:25,0
DA:27,0
DA:31,2
LF:15
LH:7
BRDA:11,1,0,0
BRDA:11,1,1,0
BRDA:22,2,0,0
BRDA:22,2,1,0
BRDA:22,3,0,0
BRDA:22,3,1,0
BRF:6
BRH:0
end_of_record
TN:
SF:/home/nico/zjzs_3.0/configure.js
FNF:0
FNH:0
DA:1,2
LF:1
LH:1
BRF:0
BRH:0
end_of_record
TN:
SF:/home/nico/zjzs_3.0/models/sweeper.js
FN:8,wipeActivity
FN:14,(anonymous_2)
FN:20,(anonymous_3)
FN:29,(anonymous_4)
FN:48,(anonymous_5)
FN:57,(anonymous_6)
FN:78,(anonymous_7)
FN:86,genericWiper
FN:93,(anonymous_9)
FN:103,(anonymous_10)
FNF:10
FNH:2
FNDA:0,wipeActivity
FNDA:0,(anonymous_2)
FNDA:0,(anonymous_3)
FNDA:0,(anonymous_4)
FNDA:0,(anonymous_5)
FNDA:0,(anonymous_6)
FNDA:0,(anonymous_7)
FNDA:1,genericWiper
FNDA:1,(anonymous_9)
FNDA:0,(anonymous_10)
DA:1,1
DA:3,1
DA:4,1
DA:5,1
DA:6,1
DA:8,1
DA:11,0
DA:16,0
DA:21,0
DA:26,0
DA:27,0
DA:28,0
DA:29,0
DA:31,0
DA:36,0
DA:37,0
DA:38,0
DA:45,0
DA:49,0
DA:54,0
DA:55,0
DA:56,0
DA:57,0
DA:59,0
DA:64,0
DA:65,0
DA:71,0
DA:80,0
DA:81,0
DA:86,1
DA:88,1
DA:89,1
DA:95,1
DA:97,1
DA:98,1
DA:100,0
DA:101,0
DA:103,0
DA:105,0
DA:106,0
DA:107,0
DA:113,1
LF:42
LH:13
BRDA:21,1,0,0
BRDA:21,1,1,0
BRDA:31,2,0,0
BRDA:31,2,1,0
BRDA:37,3,0,0
BRDA:37,3,1,0
BRDA:49,4,0,0
BRDA:49,4,1,0
BRDA:59,5,0,0
BRDA:59,5,1,0
BRDA:64,6,0,0
BRDA:64,6,1,0
BRDA:95,7,0,1
BRDA:95,7,1,0
BRDA:95,8,0,1
BRDA:95,8,1,1
BRDA:106,9,0,0
BRDA:106,9,1,0
BRF:18
BRH:3
end_of_record
TN:
SF:/home/nico/zjzs_3.0/weixin_handler/request_handler.js
FN:26,getRandomString
FN:35,generateUniqueCode
FN:51,handleSingleActivity
FN:54,(anonymous_4)
FN:75,(anonymous_5)
FN:94,(anonymous_6)
FN:108,distributeTicket
FN:110,(anonymous_8)
FN:129,(anonymous_9)
FN:136,(anonymous_10)
FN:154,(anonymous_11)
FNF:11
FNH:11
FNDA:5,getRandomString
FNDA:5,generateUniqueCode
FNDA:32,handleSingleActivity
FNDA:20,(anonymous_4)
FNDA:12,(anonymous_5)
FNDA:12,(anonymous_6)
FNDA:12,distributeTicket
FNDA:12,(anonymous_8)
FNDA:9,(anonymous_9)
FNDA:5,(anonymous_10)
FNDA:5,(anonymous_11)
DA:1,1
DA:2,1
DA:3,1
DA:4,1
DA:6,1
DA:7,1
DA:8,1
DA:9,1
DA:10,1
DA:11,1
DA:14,1
DA:16,1
DA:17,1
DA:19,1
DA:21,1
DA:22,1
DA:26,1
DA:28,5
DA:30,5
DA:31,65
DA:32,5
DA:35,1
DA:37,5
DA:39,5
DA:41,5
DA:43,5
DA:44,5
DA:49,1
DA:51,1
DA:52,32
DA:53,32
DA:54,20
DA:55,20
DA:56,10
DA:57,10
DA:59,10
DA:61,10
DA:62,10
DA:65,12
DA:66,12
DA:67,12
DA:69,12
DA:70,12
DA:71,12
DA:72,12
DA:73,12
DA:74,12
DA:75,12
DA:76,12
DA:78,0
DA:79,0
DA:81,12
DA:82,10
DA:83,10
DA:85,12
DA:86,12
DA:87,0
DA:88,0
DA:89,0
DA:90,0
DA:93,12
DA:94,12
DA:95,12
DA:108,1
DA:109,12
DA:110,12
DA:111,12
DA:112,0
DA:113,0
DA:114,12
DA:115,1
DA:117,1
DA:118,1
DA:120,1
DA:121,11
DA:122,2
DA:124,2
DA:125,2
DA:127,2
DA:129,9
DA:130,9
DA:131,0
DA:132,0
DA:133,9
DA:134,7
DA:135,5
DA:136,5
DA:137,5
DA:138,5
DA:139,5
DA:140,5
DA:141,5
DA:142,5
DA:143,0
DA:146,5
DA:155,5
DA:156,5
DA:162,2
DA:164,2
DA:165,2
DA:167,2
DA:170,2
DA:172,1
DA:174,2
LF:104
LH:93
BRDA:41,1,0,5
BRDA:41,1,1,0
BRDA:53,2,0,20
BRDA:53,2,1,12
BRDA:55,3,0,10
BRDA:55,3,1,10
BRDA:55,4,0,20
BRDA:55,4,1,20
BRDA:76,5,0,0
BRDA:76,5,1,12
BRDA:76,6,0,12
BRDA:76,6,1,12
BRDA:81,7,0,10
BRDA:81,7,1,2
BRDA:86,8,0,0
BRDA:86,8,1,12
BRDA:111,9,0,0
BRDA:111,9,1,12
BRDA:114,10,0,1
BRDA:114,10,1,11
BRDA:115,11,0,1
BRDA:115,11,1,0
BRDA:121,12,0,2
BRDA:121,12,1,9
BRDA:122,13,0,2
BRDA:122,13,1,0
BRDA:130,14,0,0
BRDA:130,14,1,9
BRDA:133,15,0,7
BRDA:133,15,1,2
BRDA:134,16,0,5
BRDA:134,16,1,2
BRDA:142,17,0,0
BRDA:142,17,1,5
BRDA:162,18,0,2
BRDA:162,18,1,0
BRDA:170,19,0,1
BRDA:170,19,1,1
BRF:38
BRH:29
end_of_record
